{"synthetic": false,
 "schemaVersion": "2025-09-10",
 "outputs":
 {"o": ["23972d1c109f285f.olean"],
  "m": false,
  "i": "492b5720471ebbe0.ilean",
  "c": "479bf94351ef17a3.c"},
 "log":
 [{"message":
   ".> LEAN_PATH=/data/home/xhuan5/repos/SSExactMajority/.lake/packages/Cli/.lake/build/lib/lean:/data/home/xhuan5/repos/SSExactMajority/.lake/packages/batteries/.lake/build/lib/lean:/data/home/xhuan5/repos/SSExactMajority/.lake/packages/Qq/.lake/build/lib/lean:/data/home/xhuan5/repos/SSExactMajority/.lake/packages/aesop/.lake/build/lib/lean:/data/home/xhuan5/repos/SSExactMajority/.lake/packages/proofwidgets/.lake/build/lib/lean:/data/home/xhuan5/repos/SSExactMajority/.lake/packages/importGraph/.lake/build/lib/lean:/data/home/xhuan5/repos/SSExactMajority/.lake/packages/LeanSearchClient/.lake/build/lib/lean:/data/home/xhuan5/repos/SSExactMajority/.lake/packages/plausible/.lake/build/lib/lean:/data/home/xhuan5/repos/SSExactMajority/.lake/packages/mathlib/.lake/build/lib/lean:/data/home/xhuan5/repos/SSExactMajority/.lake/build/lib/lean /data/home/xhuan5/.elan/toolchains/leanprover--lean4---v4.30.0/bin/lean /data/home/xhuan5/repos/SSExactMajority/SSExactMajority/UpperBound/Time/CRSEven.lean -o /data/home/xhuan5/repos/SSExactMajority/.lake/build/lib/lean/SSExactMajority/UpperBound/Time/CRSEven.olean -i /data/home/xhuan5/repos/SSExactMajority/.lake/build/lib/lean/SSExactMajority/UpperBound/Time/CRSEven.ilean -c /data/home/xhuan5/repos/SSExactMajority/.lake/build/ir/SSExactMajority/UpperBound/Time/CRSEven.c --setup /data/home/xhuan5/repos/SSExactMajority/.lake/build/ir/SSExactMajority/UpperBound/Time/CRSEven.setup.json --json",
   "level": "trace"},
  {"message":
   "SSExactMajority/UpperBound/Time/CRSEven.lean:48:100: This line exceeds the 100 character limit, please shorten it!\n\nNote: This linter can be disabled with `set_option linter.style.longLine false`",
   "level": "warning"},
  {"message":
   "SSExactMajority/UpperBound/Time/CRSEven.lean:52:100: This line exceeds the 100 character limit, please shorten it!\n\nNote: This linter can be disabled with `set_option linter.style.longLine false`",
   "level": "warning"},
  {"message":
   "SSExactMajority/UpperBound/Time/CRSEven.lean:70:0: Please, add a comment explaining the need for modifying the maxHeartbeat limit, as in\nset_option maxHeartbeats 800000000 in\n-- reason for change\n...\n\nNote: This linter can be disabled with `set_option linter.style.maxHeartbeats false`",
   "level": "warning"},
  {"message":
   "SSExactMajority/UpperBound/Time/CRSEven.lean:93:100: This line exceeds the 100 character limit, please shorten it!\n\nNote: This linter can be disabled with `set_option linter.style.longLine false`",
   "level": "warning"},
  {"message":
   "SSExactMajority/UpperBound/Time/CRSEven.lean:100:100: This line exceeds the 100 character limit, please shorten it!\n\nNote: This linter can be disabled with `set_option linter.style.longLine false`",
   "level": "warning"},
  {"message":
   "SSExactMajority/UpperBound/Time/CRSEven.lean:101:100: This line exceeds the 100 character limit, please shorten it!\n\nNote: This linter can be disabled with `set_option linter.style.longLine false`",
   "level": "warning"},
  {"message":
   "SSExactMajority/UpperBound/Time/CRSEven.lean:104:100: This line exceeds the 100 character limit, please shorten it!\n\nNote: This linter can be disabled with `set_option linter.style.longLine false`",
   "level": "warning"},
  {"message":
   "SSExactMajority/UpperBound/Time/CRSEven.lean:106:100: This line exceeds the 100 character limit, please shorten it!\n\nNote: This linter can be disabled with `set_option linter.style.longLine false`",
   "level": "warning"},
  {"message":
   "SSExactMajority/UpperBound/Time/CRSEven.lean:117:100: This line exceeds the 100 character limit, please shorten it!\n\nNote: This linter can be disabled with `set_option linter.style.longLine false`",
   "level": "warning"},
  {"message":
   "SSExactMajority/UpperBound/Time/CRSEven.lean:89:54: The `show` tactic should only be used to indicate intermediate goal states for readability.\nHowever, this tactic invocation changed the goal. Please use `change` instead for these purposes.\n\nNote: This linter can be disabled with `set_option linter.style.show false`",
   "level": "warning"},
  {"message":
   "SSExactMajority/UpperBound/Time/CRSEven.lean:90:54: The `show` tactic should only be used to indicate intermediate goal states for readability.\nHowever, this tactic invocation changed the goal. Please use `change` instead for these purposes.\n\nNote: This linter can be disabled with `set_option linter.style.show false`",
   "level": "warning"},
  {"message":
   "SSExactMajority/UpperBound/Time/CRSEven.lean:197:26: This simp argument is unused:\n  ite_false\n\nHint: Omit it from the simp argument list.\n  simp only [hjnl2,Ėĩ ĖĩiĖĩtĖĩeĖĩ_ĖĩfĖĩaĖĩlĖĩsĖĩeĖĩ] at hirr\n\nNote: This linter can be disabled with `set_option linter.unusedSimpArgs false`",
   "level": "warning"},
  {"message":
   "SSExactMajority/UpperBound/Time/CRSEven.lean:219:35: This simp argument is unused:\n  hinl\n\nHint: Omit it from the simp argument list.\n  simp only [hpar, ite_true, hĖĩinĖĩlĖĩ,Ėĩ ĖĩiĖĩte_false, hm, ite_true] at hirr\n\nNote: This linter can be disabled with `set_option linter.unusedSimpArgs false`",
   "level": "warning"},
  {"message":
   "SSExactMajority/UpperBound/Time/CRSEven.lean:219:41: This simp argument is unused:\n  ite_false\n\nHint: Omit it from the simp argument list.\n  simp only [hpar, ite_true, hinl, iĖĩtĖĩeĖĩ_ĖĩfĖĩaĖĩlĖĩsĖĩeĖĩ,Ėĩ Ėĩhm, ite_true] at hirr\n\nNote: This linter can be disabled with `set_option linter.unusedSimpArgs false`",
   "level": "warning"},
  {"message":
   "SSExactMajority/UpperBound/Time/CRSEven.lean:220:38: This simp argument is unused:\n  phase4_decide\n\nHint: Omit it from the simp argument list.\n  simp [ĖĩpĖĩhĖĩaĖĩsĖĩeĖĩ4Ėĩ_ĖĩdĖĩeĖĩcĖĩiĖĩdĖĩeĖĩ,Ėĩ ĖĩhĖĩpĖĩaĖĩrĖĩ]Ėĩ[ĖēhĖēpĖēaĖērĖē]Ėē\n\nNote: This linter can be disabled with `set_option linter.unusedSimpArgs false`",
   "level": "warning"},
  {"message":
   "SSExactMajority/UpperBound/Time/CRSEven.lean:220:53: This simp argument is unused:\n  hpar\n\nHint: Omit it from the simp argument list.\n  simp [phase4_decide,Ėĩ ĖĩhĖĩpĖĩaĖĩrĖĩ]\n\nNote: This linter can be disabled with `set_option linter.unusedSimpArgs false`",
   "level": "warning"},
  {"message":
   "SSExactMajority/UpperBound/Time/CRSEven.lean:220:94: This simp argument is unused:\n  phase4_decide\n\nHint: Omit it from the simp argument list.\n  simp [ĖĩpĖĩhĖĩaĖĩsĖĩeĖĩ4Ėĩ_ĖĩdĖĩeĖĩcĖĩiĖĩdĖĩeĖĩ,Ėĩ ĖĩhĖĩpĖĩaĖĩrĖĩ]Ėĩ[ĖēhĖēpĖēaĖērĖē]Ėē\n\nNote: This linter can be disabled with `set_option linter.unusedSimpArgs false`",
   "level": "warning"},
  {"message":
   "SSExactMajority/UpperBound/Time/CRSEven.lean:220:109: This simp argument is unused:\n  hpar\n\nHint: Omit it from the simp argument list.\n  simp [phase4_decide,Ėĩ ĖĩhĖĩpĖĩaĖĩrĖĩ]\n\nNote: This linter can be disabled with `set_option linter.unusedSimpArgs false`",
   "level": "warning"},
  {"message":
   "SSExactMajority/UpperBound/Time/CRSEven.lean:240:38: This simp argument is unused:\n  Prod.fst\n\nHint: Omit it from the simp argument list.\n  simp only [ĖĩPĖĩrĖĩoĖĩdĖĩ.ĖĩfĖĩsĖĩtĖĩ,Ėĩ ĖĩPĖĩrĖĩoĖĩdĖĩ.ĖĩsĖĩnĖĩdĖĩ]Ėĩ[ĖēPĖērĖēoĖēdĖē.ĖēsĖēnĖēdĖē]Ėē at hirr\n\nNote: This linter can be disabled with `set_option linter.unusedSimpArgs false`",
   "level": "warning"},
  {"message":
   "SSExactMajority/UpperBound/Time/CRSEven.lean:240:48: This simp argument is unused:\n  Prod.snd\n\nHint: Omit it from the simp argument list.\n  simp only [Prod.fst,Ėĩ ĖĩPĖĩrĖĩoĖĩdĖĩ.ĖĩsĖĩnĖĩdĖĩ] at hirr\n\nNote: This linter can be disabled with `set_option linter.unusedSimpArgs false`",
   "level": "warning"},
  {"message":
   "SSExactMajority/UpperBound/Time/CRSEven.lean:123:0: Please, add a comment explaining the need for modifying the maxHeartbeat limit, as in\nset_option maxHeartbeats 800000000 in\n-- reason for change\n...\n\nNote: This linter can be disabled with `set_option linter.style.maxHeartbeats false`",
   "level": "warning"},
  {"message":
   "SSExactMajority/UpperBound/Time/CRSEven.lean:277:24: `simp` is a flexible tactic modifying `âĒ`. Try `simp?` and use the suggested `simp only [...]`. Alternatively, use `suffices` to explicitly state the simplified form.\n\nNote: This linter can be disabled with `set_option linter.flexible false`",
   "level": "warning"},
  {"message":
   "SSExactMajority/UpperBound/Time/CRSEven.lean:277:30: `exact lt_of_le_of_lt hnrc (lt_of_lt_of_le (by omega) hRmax)` uses `âĒ`!",
   "level": "info"},
  {"message":
   "SSExactMajority/UpperBound/Time/CRSEven.lean:142:100: This line exceeds the 100 character limit, please shorten it!\n\nNote: This linter can be disabled with `set_option linter.style.longLine false`",
   "level": "warning"},
  {"message":
   "SSExactMajority/UpperBound/Time/CRSEven.lean:144:100: This line exceeds the 100 character limit, please shorten it!\n\nNote: This linter can be disabled with `set_option linter.style.longLine false`",
   "level": "warning"},
  {"message":
   "SSExactMajority/UpperBound/Time/CRSEven.lean:150:100: This line exceeds the 100 character limit, please shorten it!\n\nNote: This linter can be disabled with `set_option linter.style.longLine false`",
   "level": "warning"},
  {"message":
   "SSExactMajority/UpperBound/Time/CRSEven.lean:157:100: This line exceeds the 100 character limit, please shorten it!\n\nNote: This linter can be disabled with `set_option linter.style.longLine false`",
   "level": "warning"},
  {"message":
   "SSExactMajority/UpperBound/Time/CRSEven.lean:211:100: This line exceeds the 100 character limit, please shorten it!\n\nNote: This linter can be disabled with `set_option linter.style.longLine false`",
   "level": "warning"},
  {"message":
   "SSExactMajority/UpperBound/Time/CRSEven.lean:220:100: This line exceeds the 100 character limit, please shorten it!\n\nNote: This linter can be disabled with `set_option linter.style.longLine false`",
   "level": "warning"},
  {"message":
   "SSExactMajority/UpperBound/Time/CRSEven.lean:242:100: This line exceeds the 100 character limit, please shorten it!\n\nNote: This linter can be disabled with `set_option linter.style.longLine false`",
   "level": "warning"},
  {"message":
   "SSExactMajority/UpperBound/Time/CRSEven.lean:308:100: This line exceeds the 100 character limit, please shorten it!\n\nNote: This linter can be disabled with `set_option linter.style.longLine false`",
   "level": "warning"},
  {"message":
   "SSExactMajority/UpperBound/Time/CRSEven.lean:310:100: This line exceeds the 100 character limit, please shorten it!\n\nNote: This linter can be disabled with `set_option linter.style.longLine false`",
   "level": "warning"},
  {"message":
   "SSExactMajority/UpperBound/Time/CRSEven.lean:312:100: This line exceeds the 100 character limit, please shorten it!\n\nNote: This linter can be disabled with `set_option linter.style.longLine false`",
   "level": "warning"},
  {"message":
   "SSExactMajority/UpperBound/Time/CRSEven.lean:314:100: This line exceeds the 100 character limit, please shorten it!\n\nNote: This linter can be disabled with `set_option linter.style.longLine false`",
   "level": "warning"},
  {"message":
   "SSExactMajority/UpperBound/Time/CRSEven.lean:255:19: The `show` tactic should only be used to indicate intermediate goal states for readability.\nHowever, this tactic invocation changed the goal. Please use `change` instead for these purposes.\n\nNote: This linter can be disabled with `set_option linter.style.show false`",
   "level": "warning"},
  {"message":
   "SSExactMajority/UpperBound/Time/CRSEven.lean:258:19: The `show` tactic should only be used to indicate intermediate goal states for readability.\nHowever, this tactic invocation changed the goal. Please use `change` instead for these purposes.\n\nNote: This linter can be disabled with `set_option linter.style.show false`",
   "level": "warning"},
  {"message":
   "SSExactMajority/UpperBound/Time/CRSEven.lean:298:38: Used `tac1 <;> tac2` where `(tac1; tac2)` would suffice\n\nNote: This linter can be disabled with `set_option linter.unnecessarySeqFocus false`",
   "level": "warning"},
  {"message":
   "SSExactMajority/UpperBound/Time/CRSEven.lean:304:38: Used `tac1 <;> tac2` where `(tac1; tac2)` would suffice\n\nNote: This linter can be disabled with `set_option linter.unnecessarySeqFocus false`",
   "level": "warning"},
  {"message":
   "SSExactMajority/UpperBound/Time/CRSEven.lean:307:38: Used `tac1 <;> tac2` where `(tac1; tac2)` would suffice\n\nNote: This linter can be disabled with `set_option linter.unnecessarySeqFocus false`",
   "level": "warning"},
  {"message":
   "SSExactMajority/UpperBound/Time/CRSEven.lean:322:0: Please, add a comment explaining the need for modifying the maxHeartbeat limit, as in\nset_option maxHeartbeats 800000000 in\n-- reason for change\n...\n\nNote: This linter can be disabled with `set_option linter.style.maxHeartbeats false`",
   "level": "warning"},
  {"message":
   "SSExactMajority/UpperBound/Time/CRSEven.lean:335:37: `simp [Config.step]` is a flexible tactic modifying `âĒ`. Try `simp?` and use the suggested `simp only [...]`. Alternatively, use `suffices` to explicitly state the simplified form.\n\nNote: This linter can be disabled with `set_option linter.flexible false`",
   "level": "warning"},
  {"message":
   "SSExactMajority/UpperBound/Time/CRSEven.lean:335:57: `exact hS` uses `âĒ`!",
   "level": "info"},
  {"message":
   "SSExactMajority/UpperBound/Time/CRSEven.lean:338:100: This line exceeds the 100 character limit, please shorten it!\n\nNote: This linter can be disabled with `set_option linter.style.longLine false`",
   "level": "warning"},
  {"message":
   "SSExactMajority/UpperBound/Time/CRSEven.lean:339:100: This line exceeds the 100 character limit, please shorten it!\n\nNote: This linter can be disabled with `set_option linter.style.longLine false`",
   "level": "warning"},
  {"message":
   "SSExactMajority/UpperBound/Time/CRSEven.lean:352:100: This line exceeds the 100 character limit, please shorten it!\n\nNote: This linter can be disabled with `set_option linter.style.longLine false`",
   "level": "warning"},
  {"message":
   "SSExactMajority/UpperBound/Time/CRSEven.lean:356:100: This line exceeds the 100 character limit, please shorten it!\n\nNote: This linter can be disabled with `set_option linter.style.longLine false`",
   "level": "warning"},
  {"message":
   "SSExactMajority/UpperBound/Time/CRSEven.lean:359:100: This line exceeds the 100 character limit, please shorten it!\n\nNote: This linter can be disabled with `set_option linter.style.longLine false`",
   "level": "warning"}],
 "inputs":
 [["SSExactMajority.UpperBound.Time.CRSEven:deps",
   [["deps",
     [["SSExactMajority/SSExactMajority:extraDep",
       [["@SSExactMajority:extraDep", "00000000000006bb"]]],
      ["imports",
       [["SSExactMajority.UpperBound.Time.Bridge transitive imports (legacy)",
         "5a739420220325fd"],
        ["SSExactMajority.UpperBound.Time.Bridge:importAllArts",
         "4504380ad290044d"],
        ["SSExactMajority.UpperBound.Time.TransitionLemmas transitive imports (legacy)",
         "206b667095f2a41f"],
        ["SSExactMajority.UpperBound.Time.TransitionLemmas:importAllArts",
         "de8e8bebaa40a9fb"],
        ["SSExactMajority.UpperBound.Time.CRSOdd transitive imports (legacy)",
         "4208cb0def6b5315"],
        ["SSExactMajority.UpperBound.Time.CRSOdd:importAllArts",
         "4587f57bca1915bd"]]]]],
    ["libs",
     [["import dynlibs", "00000000000006bb"],
      ["package external libraries", "00000000000006bb"],
      ["module dynlibs", "00000000000006bb"],
      ["module plugins", "00000000000006bb"]]]]],
  ["Lean 4.30.0, commit d024af099ca4bf2c86f649261ebf59565dc8c622",
   "2f4703bb19086252"],
  ["/data/home/xhuan5/repos/SSExactMajority/SSExactMajority/UpperBound/Time/CRSEven.lean",
   "f08997742a03a6c9"],
  ["options",
   [["-Dweak.linter.mathlibStandardSet=true", "8a155799906f2b42"],
    ["-DrelaxedAutoImplicit=false", "74a2b5546b55be80"],
    ["-Dpp.unicode.fun=true", "9b94070140457fab"]]],
  ["isModule: false", "feefd2a0d3a1847e"],
  ["Module.name: SSExactMajority.UpperBound.Time.CRSEven", "848c4619423d1cea"],
  ["Package.id?: (some SSExactMajority)", "216f9e708503a682"],
  ["Module.leanArgs: #[]", "00000000000006bb"]],
 "depHash": "9226f7bb03c7d4c1"}