{"synthetic": false,
 "schemaVersion": "2025-09-10",
 "outputs":
 {"o": ["b8ec7756da4bd852.olean"],
  "m": false,
  "i": "2c7355e5a9cc8193.ilean",
  "c": "c4368e572fae0aa6.c"},
 "log":
 [{"message":
   ".> LEAN_PATH=/data/home/xhuan5/repos/SSExactMajority/.lake/packages/Cli/.lake/build/lib/lean:/data/home/xhuan5/repos/SSExactMajority/.lake/packages/batteries/.lake/build/lib/lean:/data/home/xhuan5/repos/SSExactMajority/.lake/packages/Qq/.lake/build/lib/lean:/data/home/xhuan5/repos/SSExactMajority/.lake/packages/aesop/.lake/build/lib/lean:/data/home/xhuan5/repos/SSExactMajority/.lake/packages/proofwidgets/.lake/build/lib/lean:/data/home/xhuan5/repos/SSExactMajority/.lake/packages/importGraph/.lake/build/lib/lean:/data/home/xhuan5/repos/SSExactMajority/.lake/packages/LeanSearchClient/.lake/build/lib/lean:/data/home/xhuan5/repos/SSExactMajority/.lake/packages/plausible/.lake/build/lib/lean:/data/home/xhuan5/repos/SSExactMajority/.lake/packages/mathlib/.lake/build/lib/lean:/data/home/xhuan5/repos/SSExactMajority/.lake/build/lib/lean /data/home/xhuan5/.elan/toolchains/leanprover--lean4---v4.30.0/bin/lean /data/home/xhuan5/repos/SSExactMajority/SSExactMajority/UpperBound/Time/DisruptionTail.lean -o /data/home/xhuan5/repos/SSExactMajority/.lake/build/lib/lean/SSExactMajority/UpperBound/Time/DisruptionTail.olean -i /data/home/xhuan5/repos/SSExactMajority/.lake/build/lib/lean/SSExactMajority/UpperBound/Time/DisruptionTail.ilean -c /data/home/xhuan5/repos/SSExactMajority/.lake/build/ir/SSExactMajority/UpperBound/Time/DisruptionTail.c --setup /data/home/xhuan5/repos/SSExactMajority/.lake/build/ir/SSExactMajority/UpperBound/Time/DisruptionTail.setup.json --json",
   "level": "trace"}],
 "inputs":
 [["SSExactMajority.UpperBound.Time.DisruptionTail:deps",
   [["deps",
     [["SSExactMajority/SSExactMajority:extraDep",
       [["@SSExactMajority:extraDep", "00000000000006bb"]]],
      ["imports",
       [["SSExactMajority.Probability.RandomScheduler transitive imports (legacy)",
         "faeda7e08b98820e"],
        ["SSExactMajority.Probability.RandomScheduler:importAllArts",
         "d5502da7b18737c2"],
        ["SSExactMajority.Protocol.RankDelta transitive imports (legacy)",
         "3f154ce7a248134a"],
        ["SSExactMajority.Protocol.RankDelta:importAllArts",
         "2e7e69563de1c6ab"],
        ["Mathlib.Data.Finset.Powerset transitive imports (legacy)",
         "12885a12b00f9475"],
        ["Mathlib.Data.Finset.Powerset:importAllArts", "1ff224e8c59a0ef8"],
        ["Mathlib.Data.Set.PowersetCard transitive imports (legacy)",
         "5bff95596e57e8dc"],
        ["Mathlib.Data.Set.PowersetCard:importAllArts", "c72acc549ccd8500"],
        ["Mathlib.Data.Nat.Choose.Bounds transitive imports (legacy)",
         "700d3715a47f2355"],
        ["Mathlib.Data.Nat.Choose.Bounds:importAllArts",
         "583b148dc79945d4"]]]]],
    ["libs",
     [["import dynlibs", "00000000000006bb"],
      ["package external libraries", "00000000000006bb"],
      ["module dynlibs", "00000000000006bb"],
      ["module plugins", "00000000000006bb"]]]]],
  ["Lean 4.30.0, commit d024af099ca4bf2c86f649261ebf59565dc8c622",
   "2f4703bb19086252"],
  ["/data/home/xhuan5/repos/SSExactMajority/SSExactMajority/UpperBound/Time/DisruptionTail.lean",
   "1c89dcacef6b5657"],
  ["options",
   [["-Dweak.linter.mathlibStandardSet=true", "8a155799906f2b42"],
    ["-DrelaxedAutoImplicit=false", "74a2b5546b55be80"],
    ["-Dpp.unicode.fun=true", "9b94070140457fab"]]],
  ["isModule: false", "feefd2a0d3a1847e"],
  ["Module.name: SSExactMajority.UpperBound.Time.DisruptionTail",
   "858f1e685c0189a4"],
  ["Package.id?: (some SSExactMajority)", "216f9e708503a682"],
  ["Module.leanArgs: #[]", "00000000000006bb"]],
 "depHash": "ca604c47de641122"}