{"synthetic": false,
 "schemaVersion": "2025-09-10",
 "outputs":
 {"o": ["b601928b5d517b92.olean"],
  "m": false,
  "i": "166534cc2a2f66f2.ilean",
  "c": "0864405bb5fbb720.c"},
 "log":
 [{"message":
   ".> LEAN_PATH=/data/home/xhuan5/repos/SSExactMajority/.lake/packages/Cli/.lake/build/lib/lean:/data/home/xhuan5/repos/SSExactMajority/.lake/packages/batteries/.lake/build/lib/lean:/data/home/xhuan5/repos/SSExactMajority/.lake/packages/Qq/.lake/build/lib/lean:/data/home/xhuan5/repos/SSExactMajority/.lake/packages/aesop/.lake/build/lib/lean:/data/home/xhuan5/repos/SSExactMajority/.lake/packages/proofwidgets/.lake/build/lib/lean:/data/home/xhuan5/repos/SSExactMajority/.lake/packages/importGraph/.lake/build/lib/lean:/data/home/xhuan5/repos/SSExactMajority/.lake/packages/LeanSearchClient/.lake/build/lib/lean:/data/home/xhuan5/repos/SSExactMajority/.lake/packages/plausible/.lake/build/lib/lean:/data/home/xhuan5/repos/SSExactMajority/.lake/packages/mathlib/.lake/build/lib/lean:/data/home/xhuan5/repos/SSExactMajority/.lake/build/lib/lean /data/home/xhuan5/.elan/toolchains/leanprover--lean4---v4.30.0/bin/lean /data/home/xhuan5/repos/SSExactMajority/SSExactMajority/UpperBound/Time/EpidemicBound.lean -o /data/home/xhuan5/repos/SSExactMajority/.lake/build/lib/lean/SSExactMajority/UpperBound/Time/EpidemicBound.olean -i /data/home/xhuan5/repos/SSExactMajority/.lake/build/lib/lean/SSExactMajority/UpperBound/Time/EpidemicBound.ilean -c /data/home/xhuan5/repos/SSExactMajority/.lake/build/ir/SSExactMajority/UpperBound/Time/EpidemicBound.c --setup /data/home/xhuan5/repos/SSExactMajority/.lake/build/ir/SSExactMajority/UpperBound/Time/EpidemicBound.setup.json --json",
   "level": "trace"},
  {"message":
   "SSExactMajority/UpperBound/Time/EpidemicBound.lean:116:2: The following tactic starts with 2 goals and ends with 1 goal, 1 of which is not operated on.\n  rw [phiNonPhiPairs_card]\nPlease focus on the current goal, for instance using `·` (typed as \"\\.\").\n\nNote: This linter can be disabled with `set_option linter.style.multiGoal false`",
   "level": "warning"},
  {"message":
   "SSExactMajority/UpperBound/Time/EpidemicBound.lean:130:0: `epidemic_phiCount_one_step_prob_ge` does not use the following hypotheses in its type:\n  • [DecidableEq (Config (AgentState n) Opinion n)] (#2)\n  • [DecidablePred Inv] (#8)\n\nConsider removing these hypotheses and using `classical` in the proof instead. For terms, consider using `open scoped Classical in` at the term level (not the command level).\n\nNote: This linter can be disabled with `set_option linter.unusedDecidableInType false`",
   "level": "warning"},
  {"message":
   "SSExactMajority/UpperBound/Time/EpidemicBound.lean:175:0: `epidemic_phiCount_to_zero_expected_le` does not use the following hypotheses in its type:\n  • [DecidableEq (Config (AgentState n) Opinion n)] (#2)\n  • [DecidablePred Inv] (#8)\n\nConsider removing these hypotheses and using `classical` in the proof instead. For terms, consider using `open scoped Classical in` at the term level (not the command level).\n\nNote: This linter can be disabled with `set_option linter.unusedDecidableInType false`",
   "level": "warning"}],
 "inputs":
 [["SSExactMajority.UpperBound.Time.EpidemicBound:deps",
   [["deps",
     [["SSExactMajority/SSExactMajority:extraDep",
       [["@SSExactMajority:extraDep", "00000000000006bb"]]],
      ["imports",
       [["SSExactMajority.Convergence.BurmanConvergenceFinal transitive imports (legacy)",
         "d892560573689d3d"],
        ["SSExactMajority.Convergence.BurmanConvergenceFinal:importAllArts",
         "ec72f07840d95624"],
        ["SSExactMajority.Probability.ExpectedTime transitive imports (legacy)",
         "4a6cb76c58b4535a"],
        ["SSExactMajority.Probability.ExpectedTime:importAllArts",
         "36188e096b864569"]]]]],
    ["libs",
     [["import dynlibs", "00000000000006bb"],
      ["package external libraries", "00000000000006bb"],
      ["module dynlibs", "00000000000006bb"],
      ["module plugins", "00000000000006bb"]]]]],
  ["Lean 4.30.0, commit d024af099ca4bf2c86f649261ebf59565dc8c622",
   "2f4703bb19086252"],
  ["/data/home/xhuan5/repos/SSExactMajority/SSExactMajority/UpperBound/Time/EpidemicBound.lean",
   "8c942c20db695b87"],
  ["options",
   [["-Dweak.linter.mathlibStandardSet=true", "8a155799906f2b42"],
    ["-DrelaxedAutoImplicit=false", "74a2b5546b55be80"],
    ["-Dpp.unicode.fun=true", "9b94070140457fab"]]],
  ["isModule: false", "feefd2a0d3a1847e"],
  ["Module.name: SSExactMajority.UpperBound.Time.EpidemicBound",
   "8f0338619cd05640"],
  ["Package.id?: (some SSExactMajority)", "216f9e708503a682"],
  ["Module.leanArgs: #[]", "00000000000006bb"]],
 "depHash": "c6fe08324c258e07"}