{"synthetic": false,
 "schemaVersion": "2025-09-10",
 "outputs":
 {"o": ["0633f0f0891eda6f.olean"],
  "m": false,
  "i": "ef051fb7044f4fde.ilean",
  "c": "795b21ab69ca56ca.c"},
 "log":
 [{"message":
   ".> LEAN_PATH=/data/home/xhuan5/repos/SSExactMajority/.lake/packages/Cli/.lake/build/lib/lean:/data/home/xhuan5/repos/SSExactMajority/.lake/packages/batteries/.lake/build/lib/lean:/data/home/xhuan5/repos/SSExactMajority/.lake/packages/Qq/.lake/build/lib/lean:/data/home/xhuan5/repos/SSExactMajority/.lake/packages/aesop/.lake/build/lib/lean:/data/home/xhuan5/repos/SSExactMajority/.lake/packages/proofwidgets/.lake/build/lib/lean:/data/home/xhuan5/repos/SSExactMajority/.lake/packages/importGraph/.lake/build/lib/lean:/data/home/xhuan5/repos/SSExactMajority/.lake/packages/LeanSearchClient/.lake/build/lib/lean:/data/home/xhuan5/repos/SSExactMajority/.lake/packages/plausible/.lake/build/lib/lean:/data/home/xhuan5/repos/SSExactMajority/.lake/packages/mathlib/.lake/build/lib/lean:/data/home/xhuan5/repos/SSExactMajority/.lake/build/lib/lean /data/home/xhuan5/.elan/toolchains/leanprover--lean4---v4.30.0/bin/lean /data/home/xhuan5/repos/SSExactMajority/SSExactMajority/UpperBound/Time/EpidemicMechanics.lean -o /data/home/xhuan5/repos/SSExactMajority/.lake/build/lib/lean/SSExactMajority/UpperBound/Time/EpidemicMechanics.olean -i /data/home/xhuan5/repos/SSExactMajority/.lake/build/lib/lean/SSExactMajority/UpperBound/Time/EpidemicMechanics.ilean -c /data/home/xhuan5/repos/SSExactMajority/.lake/build/ir/SSExactMajority/UpperBound/Time/EpidemicMechanics.c --setup /data/home/xhuan5/repos/SSExactMajority/.lake/build/ir/SSExactMajority/UpperBound/Time/EpidemicMechanics.setup.json --json",
   "level": "trace"},
  {"message":
   "SSExactMajority/UpperBound/Time/EpidemicMechanics.lean:52:2: `simp [hs₀, hs₁]` is a flexible tactic modifying `⊢`. Try `simp?` and use the suggested `simp only [...]`. Alternatively, use `suffices` to explicitly state the simplified form.\n\nNote: This linter can be disabled with `set_option linter.flexible false`",
   "level": "warning"},
  {"message":
   "SSExactMajority/UpperBound/Time/EpidemicMechanics.lean:52:2: Try this:\n  [apply] simp only [ne_eq]",
   "level": "info"},
  {"message":
   "SSExactMajority/UpperBound/Time/EpidemicMechanics.lean:53:2: `repeat' split_ifs <;> simp_all` uses `⊢`!",
   "level": "info"},
  {"message":
   "SSExactMajority/UpperBound/Time/EpidemicMechanics.lean:320:2: This central dot `·` is isolated; please merge it with the next line.\n\nNote: This linter can be disabled with `set_option linter.style.cdot false`",
   "level": "warning"},
  {"message":
   "SSExactMajority/UpperBound/Time/EpidemicMechanics.lean:328:4: This central dot `·` is isolated; please merge it with the next line.\n\nNote: This linter can be disabled with `set_option linter.style.cdot false`",
   "level": "warning"}],
 "inputs":
 [["SSExactMajority.UpperBound.Time.EpidemicMechanics:deps",
   [["deps",
     [["SSExactMajority/SSExactMajority:extraDep",
       [["@SSExactMajority:extraDep", "00000000000006bb"]]],
      ["imports",
       [["SSExactMajority.UpperBound.Time.EpidemicBound transitive imports (legacy)",
         "a2d8c3f5f1b927b5"],
        ["SSExactMajority.UpperBound.Time.EpidemicBound:importAllArts",
         "0f51977be4c8b37c"],
        ["Mathlib.Tactic transitive imports (legacy)", "70c99b4c6b8a58f7"],
        ["Mathlib.Tactic:importAllArts", "c3ace9e5bebb4b8c"]]]]],
    ["libs",
     [["import dynlibs", "00000000000006bb"],
      ["package external libraries", "00000000000006bb"],
      ["module dynlibs", "00000000000006bb"],
      ["module plugins", "00000000000006bb"]]]]],
  ["Lean 4.30.0, commit d024af099ca4bf2c86f649261ebf59565dc8c622",
   "2f4703bb19086252"],
  ["/data/home/xhuan5/repos/SSExactMajority/SSExactMajority/UpperBound/Time/EpidemicMechanics.lean",
   "602bd5383762bea2"],
  ["options",
   [["-Dweak.linter.mathlibStandardSet=true", "8a155799906f2b42"],
    ["-DrelaxedAutoImplicit=false", "74a2b5546b55be80"],
    ["-Dpp.unicode.fun=true", "9b94070140457fab"]]],
  ["isModule: false", "feefd2a0d3a1847e"],
  ["Module.name: SSExactMajority.UpperBound.Time.EpidemicMechanics",
   "4760164e362f3fbf"],
  ["Package.id?: (some SSExactMajority)", "216f9e708503a682"],
  ["Module.leanArgs: #[]", "00000000000006bb"]],
 "depHash": "04f888b22a8f9825"}