{"synthetic": false,
 "schemaVersion": "2025-09-10",
 "outputs":
 {"o": ["0e441c220ec20b33.olean"],
  "m": false,
  "i": "1e3009b110861db7.ilean",
  "c": "cbca528bc3391f4a.c"},
 "log":
 [{"message":
   ".> LEAN_PATH=/data/home/xhuan5/repos/SSExactMajority/.lake/packages/Cli/.lake/build/lib/lean:/data/home/xhuan5/repos/SSExactMajority/.lake/packages/batteries/.lake/build/lib/lean:/data/home/xhuan5/repos/SSExactMajority/.lake/packages/Qq/.lake/build/lib/lean:/data/home/xhuan5/repos/SSExactMajority/.lake/packages/aesop/.lake/build/lib/lean:/data/home/xhuan5/repos/SSExactMajority/.lake/packages/proofwidgets/.lake/build/lib/lean:/data/home/xhuan5/repos/SSExactMajority/.lake/packages/importGraph/.lake/build/lib/lean:/data/home/xhuan5/repos/SSExactMajority/.lake/packages/LeanSearchClient/.lake/build/lib/lean:/data/home/xhuan5/repos/SSExactMajority/.lake/packages/plausible/.lake/build/lib/lean:/data/home/xhuan5/repos/SSExactMajority/.lake/packages/mathlib/.lake/build/lib/lean:/data/home/xhuan5/repos/SSExactMajority/.lake/build/lib/lean /data/home/xhuan5/.elan/toolchains/leanprover--lean4---v4.30.0/bin/lean /data/home/xhuan5/repos/SSExactMajority/SSExactMajority/UpperBound/Time/GenericTrank.lean -o /data/home/xhuan5/repos/SSExactMajority/.lake/build/lib/lean/SSExactMajority/UpperBound/Time/GenericTrank.olean -i /data/home/xhuan5/repos/SSExactMajority/.lake/build/lib/lean/SSExactMajority/UpperBound/Time/GenericTrank.ilean -c /data/home/xhuan5/repos/SSExactMajority/.lake/build/ir/SSExactMajority/UpperBound/Time/GenericTrank.c --setup /data/home/xhuan5/repos/SSExactMajority/.lake/build/ir/SSExactMajority/UpperBound/Time/GenericTrank.setup.json --json",
   "level": "trace"},
  {"message":
   "SSExactMajority/UpperBound/Time/GenericTrank.lean:67:7: unused variable `Emax`\n\nNote: This linter can be disabled with `set_option linter.unusedVariables false`",
   "level": "warning"},
  {"message":
   "SSExactMajority/UpperBound/Time/GenericTrank.lean:121:0: Please, add a comment explaining the need for modifying the maxHeartbeat limit, as in\nset_option maxHeartbeats 800000 in\n-- reason for change\n...\n\nNote: This linter can be disabled with `set_option linter.style.maxHeartbeats false`",
   "level": "warning"},
  {"message":
   "SSExactMajority/UpperBound/Time/GenericTrank.lean:134:4: `simp [hReset]` is a flexible tactic modifying `⊢`. Try `simp?` and use the suggested `simp only [...]`. Alternatively, use `suffices` to explicitly state the simplified form.\n\nNote: This linter can be disabled with `set_option linter.flexible false`",
   "level": "warning"},
  {"message":
   "SSExactMajority/UpperBound/Time/GenericTrank.lean:134:4: Try this:\n  [apply] simp only [Order.lt_two_iff]",
   "level": "info"},
  {"message":
   "SSExactMajority/UpperBound/Time/GenericTrank.lean:135:4: `repeat' split_ifs <;> simp_all [GenericAgentTimerBounded]` uses `⊢`!",
   "level": "info"},
  {"message":
   "SSExactMajority/UpperBound/Time/GenericTrank.lean:137:0: Please, add a comment explaining the need for modifying the maxHeartbeat limit, as in\nset_option maxHeartbeats 800000 in\n-- reason for change\n...\n\nNote: This linter can be disabled with `set_option linter.style.maxHeartbeats false`",
   "level": "warning"},
  {"message":
   "SSExactMajority/UpperBound/Time/GenericTrank.lean:152:2: `simp [hrd] at hRankDelta ⊢` is a flexible tactic modifying `⊢`. Try `simp?` and use the suggested `simp only [...]`. Alternatively, use `suffices` to explicitly state the simplified form.\n\nNote: This linter can be disabled with `set_option linter.flexible false`",
   "level": "warning"},
  {"message":
   "SSExactMajority/UpperBound/Time/GenericTrank.lean:152:2: Try this:\n  [apply] simp only [ne_eq] at hRankDelta ⊢",
   "level": "info"},
  {"message":
   "SSExactMajority/UpperBound/Time/GenericTrank.lean:153:2: `repeat' split_ifs <;> simp_all [GenericAgentTimerBounded] <;> omega` uses `⊢`!",
   "level": "info"},
  {"message":
   "SSExactMajority/UpperBound/Time/GenericTrank.lean:153:64: 'omega' tactic does nothing\n\nNote: This linter can be disabled with `set_option linter.unusedTactic false`",
   "level": "warning"},
  {"message":
   "SSExactMajority/UpperBound/Time/GenericTrank.lean:153:64: this tactic is never executed\n\nNote: This linter can be disabled with `set_option linter.unreachableTactic false`",
   "level": "warning"},
  {"message":
   "SSExactMajority/UpperBound/Time/GenericTrank.lean:171:0: Please, add a comment explaining the need for modifying the maxHeartbeat limit, as in\nset_option maxHeartbeats 800000 in\n-- reason for change\n...\n\nNote: This linter can be disabled with `set_option linter.style.maxHeartbeats false`",
   "level": "warning"},
  {"message":
   "SSExactMajority/UpperBound/Time/GenericTrank.lean:183:68: Used `tac1 <;> tac2` where `(tac1; tac2)` would suffice\n\nNote: This linter can be disabled with `set_option linter.unnecessarySeqFocus false`",
   "level": "warning"},
  {"message":
   "SSExactMajority/UpperBound/Time/GenericTrank.lean:184:68: Used `tac1 <;> tac2` where `(tac1; tac2)` would suffice\n\nNote: This linter can be disabled with `set_option linter.unnecessarySeqFocus false`",
   "level": "warning"},
  {"message":
   "SSExactMajority/UpperBound/Time/GenericTrank.lean:186:68: Used `tac1 <;> tac2` where `(tac1; tac2)` would suffice\n\nNote: This linter can be disabled with `set_option linter.unnecessarySeqFocus false`",
   "level": "warning"},
  {"message":
   "SSExactMajority/UpperBound/Time/GenericTrank.lean:187:68: Used `tac1 <;> tac2` where `(tac1; tac2)` would suffice\n\nNote: This linter can be disabled with `set_option linter.unnecessarySeqFocus false`",
   "level": "warning"},
  {"message":
   "SSExactMajority/UpperBound/Time/GenericTrank.lean:196:82: Used `tac1 <;> tac2` where `(tac1; tac2)` would suffice\n\nNote: This linter can be disabled with `set_option linter.unnecessarySeqFocus false`",
   "level": "warning"},
  {"message":
   "SSExactMajority/UpperBound/Time/GenericTrank.lean:201:82: Used `tac1 <;> tac2` where `(tac1; tac2)` would suffice\n\nNote: This linter can be disabled with `set_option linter.unnecessarySeqFocus false`",
   "level": "warning"},
  {"message":
   "SSExactMajority/UpperBound/Time/GenericTrank.lean:204:77: Used `tac1 <;> tac2` where `(tac1; tac2)` would suffice\n\nNote: This linter can be disabled with `set_option linter.unnecessarySeqFocus false`",
   "level": "warning"},
  {"message":
   "SSExactMajority/UpperBound/Time/GenericTrank.lean:205:77: Used `tac1 <;> tac2` where `(tac1; tac2)` would suffice\n\nNote: This linter can be disabled with `set_option linter.unnecessarySeqFocus false`",
   "level": "warning"},
  {"message":
   "SSExactMajority/UpperBound/Time/GenericTrank.lean:206:57: Used `tac1 <;> tac2` where `(tac1; tac2)` would suffice\n\nNote: This linter can be disabled with `set_option linter.unnecessarySeqFocus false`",
   "level": "warning"},
  {"message":
   "SSExactMajority/UpperBound/Time/GenericTrank.lean:345:0: `generic_probHitBy_succ_eq_tsum_step_of_not_goal` does not use the following hypotheses in its type:\n  • [DecidableEq (Config Q X n)] (#5)\n  • [DecidablePred Goal] (#10)\n\nConsider removing these hypotheses and using `classical` in the proof instead. For terms, consider using `open scoped Classical in` at the term level (not the command level).\n\nNote: This linter can be disabled with `set_option linter.unusedDecidableInType false`",
   "level": "warning"},
  {"message":
   "SSExactMajority/UpperBound/Time/GenericTrank.lean:380:0: `generic_ProbHitWithin_eq_of_step_eq_until` does not use the following hypotheses in its type:\n  • [DecidableEq (Config (AgentState n) Opinion n)] (#6)\n  • [DecidablePred Bad] (#10)\n\nConsider removing these hypotheses and using `classical` in the proof instead. For terms, consider using `open scoped Classical in` at the term level (not the command level).\n\nNote: This linter can be disabled with `set_option linter.unusedDecidableInType false`",
   "level": "warning"},
  {"message":
   "SSExactMajority/UpperBound/Time/GenericTrank.lean:445:0: `generic_probNotHitBy_succ_eq_tsum_step_of_not_goal` does not use the following hypotheses in its type:\n  • [DecidableEq (Config Q X n)] (#5)\n  • [DecidablePred Goal] (#10)\n\nConsider removing these hypotheses and using `classical` in the proof instead. For terms, consider using `open scoped Classical in` at the term level (not the command level).\n\nNote: This linter can be disabled with `set_option linter.unusedDecidableInType false`",
   "level": "warning"},
  {"message":
   "SSExactMajority/UpperBound/Time/GenericTrank.lean:480:0: `generic_probNotHitBy_eq_of_step_eq_until` does not use the following hypotheses in its type:\n  • [DecidableEq (Config (AgentState n) Opinion n)] (#6)\n  • [DecidablePred Goal] (#10)\n\nConsider removing these hypotheses and using `classical` in the proof instead. For terms, consider using `open scoped Classical in` at the term level (not the command level).\n\nNote: This linter can be disabled with `set_option linter.unusedDecidableInType false`",
   "level": "warning"},
  {"message":
   "SSExactMajority/UpperBound/Time/GenericTrank.lean:543:0: `generic_expectedHittingTime_eq_of_step_eq_until` does not use the following hypotheses in its type:\n  • [DecidableEq (Config (AgentState n) Opinion n)] (#6)\n  • [DecidablePred Goal] (#10)\n\nConsider removing these hypotheses and using `classical` in the proof instead. For terms, consider using `open scoped Classical in` at the term level (not the command level).\n\nNote: This linter can be disabled with `set_option linter.unusedDecidableInType false`",
   "level": "warning"},
  {"message":
   "SSExactMajority/UpperBound/Time/GenericTrank.lean:709:0: `generic_PEM_srank_or_timer_failure_prob_le_quarter_short35` does not use the following hypothesis in its type:\n  • [DecidableEq (Config (AgentState n) Opinion n)] (#7)\n\nConsider removing this hypothesis and using `classical` in the proof instead. For terms, consider using `open scoped Classical in` at the term level (not the command level).\n\nNote: This linter can be disabled with `set_option linter.unusedDecidableInType false`",
   "level": "warning"},
  {"message":
   "SSExactMajority/UpperBound/Time/GenericTrank.lean:1350:0: `generic_ProbHitWithin_left_ge_inv4_of_or_ge_half_and_right_le_inv4` does not use the following hypotheses in its type:\n  • [DecidablePred A] (#7)\n  • [DecidablePred B] (#8)\n\nConsider removing these hypotheses and using `classical` in the proof instead. For terms, consider using `open scoped Classical in` at the term level (not the command level).\n\nNote: This linter can be disabled with `set_option linter.unusedDecidableInType false`",
   "level": "warning"},
  {"message":
   "SSExactMajority/UpperBound/Time/GenericTrank.lean:1458:0: `generic_decision_before_timer_zero` does not use the following hypothesis in its type:\n  • [DecidableEq (Config (AgentState n) Opinion n)] (#7)\n\nConsider removing this hypothesis and using `classical` in the proof instead. For terms, consider using `open scoped Classical in` at the term level (not the command level).\n\nNote: This linter can be disabled with `set_option linter.unusedDecidableInType false`",
   "level": "warning"},
  {"message":
   "SSExactMajority/UpperBound/Time/GenericTrank.lean:1543:0: `generic_PEM_expected_timer_drain_poly` does not use the following hypothesis in its type:\n  • [DecidableEq (Config (AgentState n) Opinion n)] (#7)\n\nConsider removing this hypothesis and using `classical` in the proof instead. For terms, consider using `open scoped Classical in` at the term level (not the command level).\n\nNote: This linter can be disabled with `set_option linter.unusedDecidableInType false`",
   "level": "warning"},
  {"message":
   "SSExactMajority/UpperBound/Time/GenericTrank.lean:1592:0: `generic_timer_drain_window` does not use the following hypothesis in its type:\n  • [DecidableEq (Config (AgentState n) Opinion n)] (#7)\n\nConsider removing this hypothesis and using `classical` in the proof instead. For terms, consider using `open scoped Classical in` at the term level (not the command level).\n\nNote: This linter can be disabled with `set_option linter.unusedDecidableInType false`",
   "level": "warning"},
  {"message":
   "SSExactMajority/UpperBound/Time/GenericTrank.lean:1642:4: `push_neg` has been deprecated. Prefer using `push Not` instead.\nIf you'd rather continue using `push_neg` in your project, you can implement it as follows:\n```\nopen Lean.Parser.Tactic in\nmacro \"push_neg\" cfg:optConfig loc:(location)? : tactic =>\n  `(tactic| push $cfg:optConfig Not $[$loc]?)\n```",
   "level": "warning"},
  {"message":
   "SSExactMajority/UpperBound/Time/GenericTrank.lean:1826:14: `push_neg` has been deprecated. Prefer using `push Not` instead.\nIf you'd rather continue using `push_neg` in your project, you can implement it as follows:\n```\nopen Lean.Parser.Tactic in\nmacro \"push_neg\" cfg:optConfig loc:(location)? : tactic =>\n  `(tactic| push $cfg:optConfig Not $[$loc]?)\n```",
   "level": "warning"},
  {"message":
   "SSExactMajority/UpperBound/Time/GenericTrank.lean:1850:14: `push_neg` has been deprecated. Prefer using `push Not` instead.\nIf you'd rather continue using `push_neg` in your project, you can implement it as follows:\n```\nopen Lean.Parser.Tactic in\nmacro \"push_neg\" cfg:optConfig loc:(location)? : tactic =>\n  `(tactic| push $cfg:optConfig Not $[$loc]?)\n```",
   "level": "warning"},
  {"message":
   "SSExactMajority/UpperBound/Time/GenericTrank.lean:1705:70: This simp argument is unused:\n  maxMedianTimer\n\nHint: Omit it from the simp argument list.\n  simp [m̵a̵x̵M̵e̵d̵i̵a̵n̵T̵i̵m̵e̵r̵,̵ ̵hμ_pre]\n\nNote: This linter can be disabled with `set_option linter.unusedSimpArgs false`",
   "level": "warning"},
  {"message":
   "SSExactMajority/UpperBound/Time/GenericTrank.lean:1720:72: This simp argument is unused:\n  maxMedianTimer\n\nHint: Omit it from the simp argument list.\n  simp [m̵a̵x̵M̵e̵d̵i̵a̵n̵T̵i̵m̵e̵r̵,̵ ̵hμ_pre]\n\nNote: This linter can be disabled with `set_option linter.unusedSimpArgs false`",
   "level": "warning"},
  {"message":
   "SSExactMajority/UpperBound/Time/GenericTrank.lean:1740:21: This simp argument is unused:\n  Fin.val_mk\n\nHint: Omit it from the simp argument list.\n  simp only [̵F̵i̵n̵.̵v̵a̵l̵_̵m̵k̵]̵ ̵at h\n\nNote: This linter can be disabled with `set_option linter.unusedSimpArgs false`",
   "level": "warning"},
  {"message":
   "SSExactMajority/UpperBound/Time/GenericTrank.lean:1613:0: Please, add a comment explaining the need for modifying the maxHeartbeat limit, as in\nset_option maxHeartbeats 16000000 in\n-- reason for change\n...\n\nNote: This linter can be disabled with `set_option linter.style.maxHeartbeats false`",
   "level": "warning"},
  {"message":
   "SSExactMajority/UpperBound/Time/GenericTrank.lean:1613:0: `generic_timer_drain_to_zero_productive` does not use the following hypothesis in its type:\n  • [DecidableEq (Config (AgentState n) Opinion n)] (#7)\n\nConsider removing this hypothesis and using `classical` in the proof instead. For terms, consider using `open scoped Classical in` at the term level (not the command level).\n\nNote: This linter can be disabled with `set_option linter.unusedDecidableInType false`",
   "level": "warning"},
  {"message":
   "SSExactMajority/UpperBound/Time/GenericTrank.lean:1664:4: This central dot `·` is isolated; please merge it with the next line.\n\nNote: This linter can be disabled with `set_option linter.style.cdot false`",
   "level": "warning"},
  {"message":
   "SSExactMajority/UpperBound/Time/GenericTrank.lean:1667:4: This central dot `·` is isolated; please merge it with the next line.\n\nNote: This linter can be disabled with `set_option linter.style.cdot false`",
   "level": "warning"},
  {"message":
   "SSExactMajority/UpperBound/Time/GenericTrank.lean:1681:4: This central dot `·` is isolated; please merge it with the next line.\n\nNote: This linter can be disabled with `set_option linter.style.cdot false`",
   "level": "warning"},
  {"message":
   "SSExactMajority/UpperBound/Time/GenericTrank.lean:1730:4: This central dot `·` is isolated; please merge it with the next line.\n\nNote: This linter can be disabled with `set_option linter.style.cdot false`",
   "level": "warning"},
  {"message":
   "SSExactMajority/UpperBound/Time/GenericTrank.lean:1925:6: `push_neg` has been deprecated. Prefer using `push Not` instead.\nIf you'd rather continue using `push_neg` in your project, you can implement it as follows:\n```\nopen Lean.Parser.Tactic in\nmacro \"push_neg\" cfg:optConfig loc:(location)? : tactic =>\n  `(tactic| push $cfg:optConfig Not $[$loc]?)\n```",
   "level": "warning"},
  {"message":
   "SSExactMajority/UpperBound/Time/GenericTrank.lean:1951:6: `push_neg` has been deprecated. Prefer using `push Not` instead.\nIf you'd rather continue using `push_neg` in your project, you can implement it as follows:\n```\nopen Lean.Parser.Tactic in\nmacro \"push_neg\" cfg:optConfig loc:(location)? : tactic =>\n  `(tactic| push $cfg:optConfig Not $[$loc]?)\n```",
   "level": "warning"},
  {"message":
   "SSExactMajority/UpperBound/Time/GenericTrank.lean:1962:8: `push_neg` has been deprecated. Prefer using `push Not` instead.\nIf you'd rather continue using `push_neg` in your project, you can implement it as follows:\n```\nopen Lean.Parser.Tactic in\nmacro \"push_neg\" cfg:optConfig loc:(location)? : tactic =>\n  `(tactic| push $cfg:optConfig Not $[$loc]?)\n```",
   "level": "warning"},
  {"message":
   "SSExactMajority/UpperBound/Time/GenericTrank.lean:1876:5: unused variable `hWrong`\n\nNote: This linter can be disabled with `set_option linter.unusedVariables false`",
   "level": "warning"},
  {"message":
   "SSExactMajority/UpperBound/Time/GenericTrank.lean:2040:12: `simp [hwμ, hwv]` is a flexible tactic modifying `⊢`. Try `simp?` and use the suggested `simp only [...]`. Alternatively, use `suffices` to explicitly state the simplified form.\n\nNote: This linter can be disabled with `set_option linter.flexible false`",
   "level": "warning"},
  {"message":
   "SSExactMajority/UpperBound/Time/GenericTrank.lean:2042:14: `exact hw_ans` uses `⊢`!",
   "level": "info"},
  {"message":
   "SSExactMajority/UpperBound/Time/GenericTrank.lean:2040:12: `simp [hwμ, hwv]` is a flexible tactic modifying `⊢`. Try `simp?` and use the suggested `simp only [...]`. Alternatively, use `suffices` to explicitly state the simplified form.\n\nNote: This linter can be disabled with `set_option linter.flexible false`",
   "level": "warning"},
  {"message":
   "SSExactMajority/UpperBound/Time/GenericTrank.lean:2043:14: `exfalso` uses `⊢`!",
   "level": "info"},
  {"message":
   "SSExactMajority/UpperBound/Time/GenericTrank.lean:2040:12: `simp [hwμ, hwv]` is a flexible tactic modifying `⊢`. Try `simp?` and use the suggested `simp only [...]`. Alternatively, use `suffices` to explicitly state the simplified form.\n\nNote: This linter can be disabled with `set_option linter.flexible false`",
   "level": "warning"},
  {"message":
   "SSExactMajority/UpperBound/Time/GenericTrank.lean:2044:14: `apply hwv` uses `⊢`!",
   "level": "info"},
  {"message":
   "SSExactMajority/UpperBound/Time/GenericTrank.lean:2040:12: `simp [hwμ, hwv]` is a flexible tactic modifying `⊢`. Try `simp?` and use the suggested `simp only [...]`. Alternatively, use `suffices` to explicitly state the simplified form.\n\nNote: This linter can be disabled with `set_option linter.flexible false`",
   "level": "warning"},
  {"message":
   "SSExactMajority/UpperBound/Time/GenericTrank.lean:2045:14: `apply hS.toInSrank.ranks_inj` uses `⊢`!",
   "level": "info"},
  {"message":
   "SSExactMajority/UpperBound/Time/GenericTrank.lean:2040:12: `simp [hwμ, hwv]` is a flexible tactic modifying `⊢`. Try `simp?` and use the suggested `simp only [...]`. Alternatively, use `suffices` to explicitly state the simplified form.\n\nNote: This linter can be disabled with `set_option linter.flexible false`",
   "level": "warning"},
  {"message":
   "SSExactMajority/UpperBound/Time/GenericTrank.lean:2046:14: `exact Fin.ext (Nat.add_right_cancel ((hNonUpper w hw_ans).trans hv_upper.symm))` uses `⊢`!",
   "level": "info"},
  {"message":
   "SSExactMajority/UpperBound/Time/GenericTrank.lean:1868:0: `generic_PEM_expected_reset_trigger_v2` does not use the following hypothesis in its type:\n  • [DecidableEq (Config (AgentState n) Opinion n)] (#7)\n\nConsider removing this hypothesis and using `classical` in the proof instead. For terms, consider using `open scoped Classical in` at the term level (not the command level).\n\nNote: This linter can be disabled with `set_option linter.unusedDecidableInType false`",
   "level": "warning"},
  {"message":
   "SSExactMajority/UpperBound/Time/GenericTrank.lean:1968:8: The `show` tactic should only be used to indicate intermediate goal states for readability.\nHowever, this tactic invocation changed the goal. Please use `change` instead for these purposes.\n\nNote: This linter can be disabled with `set_option linter.style.show false`",
   "level": "warning"},
  {"message":
   "SSExactMajority/UpperBound/Time/GenericTrank.lean:2147:0: `generic_MAClive_to_consensus_or_crs` does not use the following hypothesis in its type:\n  • [DecidableEq (Config (AgentState n) Opinion n)] (#7)\n\nConsider removing this hypothesis and using `classical` in the proof instead. For terms, consider using `open scoped Classical in` at the term level (not the command level).\n\nNote: This linter can be disabled with `set_option linter.unusedDecidableInType false`",
   "level": "warning"},
  {"message":
   "SSExactMajority/UpperBound/Time/GenericTrank.lean:2224:0: `generic_MAClive_to_consensus_or_crs_window` does not use the following hypothesis in its type:\n  • [DecidableEq (Config (AgentState n) Opinion n)] (#7)\n\nConsider removing this hypothesis and using `classical` in the proof instead. For terms, consider using `open scoped Classical in` at the term level (not the command level).\n\nNote: This linter can be disabled with `set_option linter.unusedDecidableInType false`",
   "level": "warning"},
  {"message":
   "SSExactMajority/UpperBound/Time/GenericTrank.lean:2248:0: `generic_swap_live_to_cons_or_crs_or_break` does not use the following hypothesis in its type:\n  • [DecidableEq (Config (AgentState n) Opinion n)] (#7)\n\nConsider removing this hypothesis and using `classical` in the proof instead. For terms, consider using `open scoped Classical in` at the term level (not the command level).\n\nNote: This linter can be disabled with `set_option linter.unusedDecidableInType false`",
   "level": "warning"}],
 "inputs":
 [["SSExactMajority.UpperBound.Time.GenericTrank:deps",
   [["deps",
     [["SSExactMajority/SSExactMajority:extraDep",
       [["@SSExactMajority:extraDep", "00000000000006bb"]]],
      ["imports",
       [["SSExactMajority.UpperBound.Time transitive imports (legacy)",
         "cdeea241dda6b752"],
        ["SSExactMajority.UpperBound.Time:importAllArts", "b742bf5fbdd08ffa"],
        ["SSExactMajority.UpperBound.Time.TransitionLemmas transitive imports (legacy)",
         "206b667095f2a41f"],
        ["SSExactMajority.UpperBound.Time.TransitionLemmas:importAllArts",
         "de8e8bebaa40a9fb"],
        ["SSExactMajority.UpperBound.Time.DecisionTiming transitive imports (legacy)",
         "5a739420220325fd"],
        ["SSExactMajority.UpperBound.Time.DecisionTiming:importAllArts",
         "9a79d7f5385d9aca"],
        ["SSExactMajority.UpperBound.Time.PhaseProofs transitive imports (legacy)",
         "49f951a2ee244617"],
        ["SSExactMajority.UpperBound.Time.PhaseProofs:importAllArts",
         "1f902aa3c21c01d3"],
        ["SSExactMajority.UpperBound.Time.PolynomialBound transitive imports (legacy)",
         "36da9c6ffc35c67a"],
        ["SSExactMajority.UpperBound.Time.PolynomialBound:importAllArts",
         "3061f09d505f3d17"]]]]],
    ["libs",
     [["import dynlibs", "00000000000006bb"],
      ["package external libraries", "00000000000006bb"],
      ["module dynlibs", "00000000000006bb"],
      ["module plugins", "00000000000006bb"]]]]],
  ["Lean 4.30.0, commit d024af099ca4bf2c86f649261ebf59565dc8c622",
   "2f4703bb19086252"],
  ["/data/home/xhuan5/repos/SSExactMajority/SSExactMajority/UpperBound/Time/GenericTrank.lean",
   "1ea08ff05ec43724"],
  ["options",
   [["-Dweak.linter.mathlibStandardSet=true", "8a155799906f2b42"],
    ["-DrelaxedAutoImplicit=false", "74a2b5546b55be80"],
    ["-Dpp.unicode.fun=true", "9b94070140457fab"]]],
  ["isModule: false", "feefd2a0d3a1847e"],
  ["Module.name: SSExactMajority.UpperBound.Time.GenericTrank",
   "a8719228bd2cff42"],
  ["Package.id?: (some SSExactMajority)", "216f9e708503a682"],
  ["Module.leanArgs: #[]", "00000000000006bb"]],
 "depHash": "c63f9a9bff4a5241"}