{"synthetic": false,
 "schemaVersion": "2025-09-10",
 "outputs":
 {"o": ["63ead99a95f2d301.olean"],
  "m": false,
  "i": "a2dd3b0909b11047.ilean",
  "c": "4bf854fe9d2829d8.c"},
 "log":
 [{"message":
   ".> LEAN_PATH=/data/home/xhuan5/repos/SSExactMajority/.lake/packages/Cli/.lake/build/lib/lean:/data/home/xhuan5/repos/SSExactMajority/.lake/packages/batteries/.lake/build/lib/lean:/data/home/xhuan5/repos/SSExactMajority/.lake/packages/Qq/.lake/build/lib/lean:/data/home/xhuan5/repos/SSExactMajority/.lake/packages/aesop/.lake/build/lib/lean:/data/home/xhuan5/repos/SSExactMajority/.lake/packages/proofwidgets/.lake/build/lib/lean:/data/home/xhuan5/repos/SSExactMajority/.lake/packages/importGraph/.lake/build/lib/lean:/data/home/xhuan5/repos/SSExactMajority/.lake/packages/LeanSearchClient/.lake/build/lib/lean:/data/home/xhuan5/repos/SSExactMajority/.lake/packages/plausible/.lake/build/lib/lean:/data/home/xhuan5/repos/SSExactMajority/.lake/packages/mathlib/.lake/build/lib/lean:/data/home/xhuan5/repos/SSExactMajority/.lake/build/lib/lean /data/home/xhuan5/.elan/toolchains/leanprover--lean4---v4.30.0/bin/lean /data/home/xhuan5/repos/SSExactMajority/SSExactMajority/UpperBound/Time/RecoveryBound.lean -o /data/home/xhuan5/repos/SSExactMajority/.lake/build/lib/lean/SSExactMajority/UpperBound/Time/RecoveryBound.olean -i /data/home/xhuan5/repos/SSExactMajority/.lake/build/lib/lean/SSExactMajority/UpperBound/Time/RecoveryBound.ilean -c /data/home/xhuan5/repos/SSExactMajority/.lake/build/ir/SSExactMajority/UpperBound/Time/RecoveryBound.c --setup /data/home/xhuan5/repos/SSExactMajority/.lake/build/ir/SSExactMajority/UpperBound/Time/RecoveryBound.setup.json --json",
   "level": "trace"},
  {"message":
   "SSExactMajority/UpperBound/Time/RecoveryBound.lean:67:4: This simp argument is unused:\n  show ¬(t.role ≠ .Resetting) from not_not.mpr ht\n\nHint: Omit it from the simp argument list.\n  simp only [hs, ht,\n  ̵  ̵ ̵ ̵show ¬(t̵.̵r̵o̵l̵e̵ ̵≠̵ ̵.̵R̵e̵se̵t̵t̵i̵n̵g̵)̵ ̵f̵r̵o̵m̵ ̵n̵o̵t̵_̵n̵o̵t̵.m̵p̵r ̵h̵t̵,̵\n  ̵ ̵ ̵ ̵ ̵s̵h̵ow̵ ̵¬̵(̵s̵.̵r̵o̵le ≠ .Resetting) from not_not.mpr hs,\n      show ¬(s.role = .Resetting ∧ 0 < s.resetcount ∧ t.role ≠ .Resetting) from\n  ̵  ̵ ̵ ̵ ̵ ̵fun ⟨_, _, h⟩ => h ht,\n      show ¬(t.role = .Resetting ∧ 0 < t.resetcount ∧ s.role ≠ .Resetting) from\n  ̵  ̵ ̵ ̵ ̵ ̵fun ⟨_, _, h⟩ => h hs,\n      show ¬(Role.Resetting ≠ .Resetting) from not_not.mpr rfl,\n      show (Role.Resetting == Role.Resetting) = true from rfl,\n  ̵  ̵ ̵ ̵and_true, and_false, ite_false,\n  ̲  ̲ ̲ ̲and_self, ite_true, true_and, not_true]\n\nNote: This linter can be disabled with `set_option linter.unusedSimpArgs false`",
   "level": "warning"},
  {"message":
   "SSExactMajority/UpperBound/Time/RecoveryBound.lean:68:4: This simp argument is unused:\n  show ¬(s.role ≠ .Resetting) from not_not.mpr hs\n\nHint: Omit it from the simp argument list.\n  simp only [hs, ht,\n  ̵  ̵ ̵ ̵show ¬(t̵t̲.role ≠ .Resetting) from not_not.mpr ht̵t̲,\n      show ¬(s.role ≠̵ ̵.̵R̵e̵s̵e̵t̵t̵i̵n̵g̵)̵ ̵f̵r̵o̵m̵ ̵n̵o̵t̵_̵n̵o̵t̵.̵m̵p̵r̵ ̵h̵s̵,̵\n  ̵ ̵ ̵ ̵ ̵s̵h̵o̵w̵ ̵¬̵(̵s̵.̵r̵o̵l̵e̵ ̵= .Resetting ∧ 0 < s.resetcount ∧ t.role ≠ .Resetting) from\n  ̵  ̵ ̵ ̵ ̵ ̵fun ⟨_, _, h⟩ => h ht,\n      show ¬(t.role = .Resetting ∧ 0 < t.resetcount ∧ s.role ≠ .Resetting) from\n  ̵  ̵ ̵ ̵ ̵ ̵fun ⟨_, _, h⟩ => h hs,\n      show ¬(Role.Resetting ≠ .Resetting) from not_not.mpr rfl,\n      show (Role.Resetting == Role.Resetting) = true from rfl,\n  ̵  ̵ ̵ ̵and_true, and_false, ite_false,\n  ̲  ̲ ̲ ̲and_self, ite_true, true_and, not_true]\n\nNote: This linter can be disabled with `set_option linter.unusedSimpArgs false`",
   "level": "warning"},
  {"message":
   "SSExactMajority/UpperBound/Time/RecoveryBound.lean:69:4: This simp argument is unused:\n  show ¬(s.role = .Resetting ∧ 0 < s.resetcount ∧ t.role ≠ .Resetting) from fun ⟨_, _, h⟩ => h ht\n\nHint: Omit it from the simp argument list.\n  simp only [hs, ht, show ¬(t.role ≠ .Resetting) from not_not.mpr ht,\n      show ¬(s.role ≠ .Resetting) from not_not.mpr hs,\n      show ¬̵(̵s̵.̵r̵o̵l̵e̵ ̵=̵ ̵.̵R̵e̵s̵e̵t̵t̵i̵n̵g̵ ̵∧̵ ̵0̵ ̵<̵ ̵s̵.̵r̵e̵s̵e̵t̵c̵o̵u̵n̵t̵ ̵∧̵ ̵t̵.̵r̵o̵l̵e̵ ̵≠̵ ̵.̵R̵e̵s̵e̵t̵t̵i̵n̵g̵)̵ ̵f̵r̵o̵m̵\n  ̵ ̵ ̵ ̵ ̵ ̵ ̵f̵u̵n̵ ̵⟨̵_̵,̵ ̵_̵,̵ ̵h̵⟩̵ ̵=̵>̵ ̵h̵ ̵h̵t̵,̵\n  ̵ ̵ ̵ ̵ ̵s̵h̵o̵w̵ ̵¬(t.role = .Resetting ∧ 0 < t.resetcount ∧ s.role ≠ .Resetting) from fun ⟨_, _, h⟩ => h hs,\n      show ¬(Role.Resetting ≠ .Resetting) from not_not.mpr rfl,\n      show (Role.Resetting == Role.Resetting) = true from rfl, and_true, and_false, ite_false,\n  ̲  ̲ ̲ ̲and_self, ite_true, true_and, not_true]\n\nNote: This linter can be disabled with `set_option linter.unusedSimpArgs false`",
   "level": "warning"},
  {"message":
   "SSExactMajority/UpperBound/Time/RecoveryBound.lean:71:4: This simp argument is unused:\n  show ¬(t.role = .Resetting ∧ 0 < t.resetcount ∧ s.role ≠ .Resetting) from fun ⟨_, _, h⟩ => h hs\n\nHint: Omit it from the simp argument list.\n  simp only [hs, ht, show ¬(t.role ≠ .Resetting) from not_not.mpr ht,\n      show ¬(s.role ≠ .Resetting) from not_not.mpr hs,\n      show ¬(s.role = .Resetting ∧ 0 < s.resetcount ∧ t.role ≠ .Resetting) from fun ⟨_, _, h⟩ => h ht,\n      show ¬̵(̵t̵.̵r̵o̵l̵e̵ ̵=̵ ̵.̵R̵e̵s̵e̵t̵t̵i̵n̵g̵ ̵∧̵ ̵0̵ ̵<̵ ̵t̵.̵r̵e̵s̵e̵t̵c̵o̵u̵n̵t̵ ̵∧̵ ̵s̵.̵r̵o̵l̵e̵ ̵≠̵ ̵.̵R̵e̵s̵e̵t̵t̵i̵n̵g̵)̵ ̵f̵r̵o̵m̵\n  ̵ ̵ ̵ ̵ ̵ ̵ ̵f̵u̵n̵ ̵⟨̵_̵,̵ ̵_̵,̵ ̵h̵⟩̵ ̵=̵>̵ ̵h̵ ̵h̵s̵,̵\n  ̵ ̵ ̵ ̵ ̵s̵h̵o̵w̵ ̵¬(Role.Resetting ≠ .Resetting) from not_not.mpr rfl,\n      show (Role.Resetting == Role.Resetting) = true from rfl, and_true, and_false, ite_false,\n  ̲  ̲ ̲ ̲and_self, ite_true, true_and, not_true]\n\nNote: This linter can be disabled with `set_option linter.unusedSimpArgs false`",
   "level": "warning"},
  {"message":
   "SSExactMajority/UpperBound/Time/RecoveryBound.lean:75:4: This simp argument is unused:\n  and_true\n\nHint: Omit it from the simp argument list.\n  simp only [hs, ht,\n  ̵  ̵ ̵ ̵show ¬(t.role ≠ .Resetting) from not_not.mpr ht,\n      show ¬(s.role ≠ .Resetting) from not_not.mpr hs,\n      show ¬(s.role = .Resetting ∧ 0 < s.resetcount ∧ t.role ≠ .Resetting) from\n  ̵  ̵ ̵ ̵ ̵ ̵fun ⟨_, _, h⟩ => h ht,\n      show ¬(t.role = .Resetting ∧ 0 < t.resetcount ∧ s.role ≠ .Resetting) from\n  ̵  ̵ ̵ ̵ ̵ ̵fun ⟨_, _, h⟩ => h hs,\n      show ¬(Role.Resetting ≠ .Resetting) from not_not.mpr rfl,\n      show (Role.Resetting == Role.Resetting) = true from rfl,\n  ̵  ̵ ̵ ̵and_t̵r̵u̵e̵,̵ ̵a̵n̵d̵_̵false, ite_false, and_self,\n  ̲  ̲ ̲ ̲ite_true, true_and, not_true]\n\nNote: This linter can be disabled with `set_option linter.unusedSimpArgs false`",
   "level": "warning"},
  {"message":
   "SSExactMajority/UpperBound/Time/RecoveryBound.lean:75:56: This simp argument is unused:\n  true_and\n\nHint: Omit it from the simp argument list.\n  simp only [hs, ht,\n  ̵  ̵ ̵ ̵show ¬(t.role ≠ .Resetting) from not_not.mpr ht,\n      show ¬(s.role ≠ .Resetting) from not_not.mpr hs,\n      show ¬(s.role = .Resetting ∧ 0 < s.resetcount ∧ t.role ≠ .Resetting) from\n  ̵  ̵ ̵ ̵ ̵ ̵fun ⟨_, _, h⟩ => h ht,\n      show ¬(t.role = .Resetting ∧ 0 < t.resetcount ∧ s.role ≠ .Resetting) from\n  ̵  ̵ ̵ ̵ ̵ ̵fun ⟨_, _, h⟩ => h hs,\n      show ¬(Role.Resetting ≠ .Resetting) from not_not.mpr rfl,\n      show (Role.Resetting == Role.Resetting) = true from rfl, ̲a̲n̲d̲_̲t̲r̲u̲e̲,̲ ̲a̲n̲d̲_̲f̲a̲l̲s̲e̲,̲ ̲i̲t̲e̲_̲f̲a̲l̲s̲e̲,̲\n      and_t̵r̵u̵e̵,̵ ̵a̵n̵d̵_̵f̵a̵l̵se,̵ ̵i̵t̵e̵_̵f̵a̵ls̵e̵,̵ ̵a̵n̵d̵_̵s̵e̵l̵f, ite_true, t̵r̵u̵e̵_̵a̵nd̵,̵ ̵n̵ot_true]\n\nNote: This linter can be disabled with `set_option linter.unusedSimpArgs false`",
   "level": "warning"},
  {"message":
   "SSExactMajority/UpperBound/Time/RecoveryBound.lean:75:66: This simp argument is unused:\n  not_true\n\nHint: Omit it from the simp argument list.\n  simp only [hs, ht,\n  ̵  ̵ ̵ ̵show ¬(t.role ≠ .Resetting) from not_not.mpr ht,\n      show ¬(s.role ≠ .Resetting) from not_not.mpr hs,\n      show ¬(s.role = .Resetting ∧ 0 < s.resetcount ∧ t.role ≠ .Resetting) from\n  ̵  ̵ ̵ ̵ ̵ ̵fun ⟨_, _, h⟩ => h ht,\n      show ¬(t.role = .Resetting ∧ 0 < t.resetcount ∧ s.role ≠ .Resetting) from\n  ̵  ̵ ̵ ̵ ̵ ̵fun ⟨_, _, h⟩ => h hs,\n      show ¬(Role.Resetting ≠ .Resetting) from not_not.mpr rfl,\n      show (Role.Resetting == Role.Resetting) = true from rfl, ̲a̲n̲d̲_̲t̲r̲u̲e̲,̲ ̲a̲n̲d̲_̲f̲a̲l̲s̲e̲,̲ ̲i̲t̲e̲_̲f̲a̲l̲s̲e̲,̲\n      and_t̵r̵u̵e̵,̵ ̵a̵n̵d̵_̵f̵a̵l̵se,̵ ̵i̵t̵e̵_̵f̵a̵ls̵e̵,̵ ̵a̵n̵d̵_̵s̵e̵l̵f, ite_true, true_and,̵ ̵n̵o̵t̵_̵t̵r̵u̵e̵]\n\nNote: This linter can be disabled with `set_option linter.unusedSimpArgs false`",
   "level": "warning"},
  {"message":
   "SSExactMajority/UpperBound/Time/RecoveryBound.lean:125:32: This simp argument is unused:\n  hl\n\nHint: Omit it from the simp argument list.\n  simp [resetOSSR,̵ ̵h̵l̵]\n\nNote: This linter can be disabled with `set_option linter.unusedSimpArgs false`",
   "level": "warning"},
  {"message":
   "SSExactMajority/UpperBound/Time/RecoveryBound.lean:134:32: This simp argument is unused:\n  hl\n\nHint: Omit it from the simp argument list.\n  simp [resetOSSR,̵ ̵h̵l̵]\n\nNote: This linter can be disabled with `set_option linter.unusedSimpArgs false`",
   "level": "warning"},
  {"message":
   "SSExactMajority/UpperBound/Time/RecoveryBound.lean:131:100: This line exceeds the 100 character limit, please shorten it!\n\nNote: This linter can be disabled with `set_option linter.style.longLine false`",
   "level": "warning"},
  {"message":
   "SSExactMajority/UpperBound/Time/RecoveryBound.lean:157:49: try 'simp' instead of 'simpa'\n\nNote: This linter can be disabled with `set_option linter.unnecessarySimpa false`",
   "level": "warning"},
  {"message":
   "SSExactMajority/UpperBound/Time/RecoveryBound.lean:158:49: try 'simp' instead of 'simpa'\n\nNote: This linter can be disabled with `set_option linter.unnecessarySimpa false`",
   "level": "warning"},
  {"message":
   "SSExactMajority/UpperBound/Time/RecoveryBound.lean:209:100: This line exceeds the 100 character limit, please shorten it!\n\nNote: This linter can be disabled with `set_option linter.style.longLine false`",
   "level": "warning"},
  {"message":
   "SSExactMajority/UpperBound/Time/RecoveryBound.lean:210:100: This line exceeds the 100 character limit, please shorten it!\n\nNote: This linter can be disabled with `set_option linter.style.longLine false`",
   "level": "warning"},
  {"message":
   "SSExactMajority/UpperBound/Time/RecoveryBound.lean:389:6: `push_neg` has been deprecated. Prefer using `push Not` instead.\nIf you'd rather continue using `push_neg` in your project, you can implement it as follows:\n```\nopen Lean.Parser.Tactic in\nmacro \"push_neg\" cfg:optConfig loc:(location)? : tactic =>\n  `(tactic| push $cfg:optConfig Not $[$loc]?)\n```",
   "level": "warning"},
  {"message":
   "SSExactMajority/UpperBound/Time/RecoveryBound.lean:300:0: Please, add a comment explaining the need for modifying the maxHeartbeat limit, as in\nset_option maxHeartbeats 1600000 in\n-- reason for change\n...\n\nNote: This linter can be disabled with `set_option linter.style.maxHeartbeats false`",
   "level": "warning"},
  {"message":
   "SSExactMajority/UpperBound/Time/RecoveryBound.lean:457:0: Please, add a comment explaining the need for modifying the maxHeartbeat limit, as in\nset_option maxHeartbeats 1600000 in\n-- reason for change\n...\n\nNote: This linter can be disabled with `set_option linter.style.maxHeartbeats false`",
   "level": "warning"},
  {"message":
   "SSExactMajority/UpperBound/Time/RecoveryBound.lean:512:8: declaration uses `sorry`",
   "level": "warning"},
  {"message":
   "SSExactMajority/UpperBound/Time/RecoveryBound.lean:524:8: declaration uses `sorry`",
   "level": "warning"},
  {"message":
   "SSExactMajority/UpperBound/Time/RecoveryBound.lean:523:0: `phase1Goal_to_consensus` does not use the following hypothesis in its type:\n  • [DecidableEq (Config (AgentState n) Opinion n)] (#6)\n\nConsider removing this hypothesis and using `classical` in the proof instead. For terms, consider using `open scoped Classical in` at the term level (not the command level).\n\nNote: This linter can be disabled with `set_option linter.unusedDecidableInType false`",
   "level": "warning"}],
 "inputs":
 [["SSExactMajority.UpperBound.Time.RecoveryBound:deps",
   [["deps",
     [["SSExactMajority/SSExactMajority:extraDep",
       [["@SSExactMajority:extraDep", "00000000000006bb"]]],
      ["imports",
       [["SSExactMajority.Convergence.BurmanConvergenceFinal transitive imports (legacy)",
         "c15cc5f506c96c49"],
        ["SSExactMajority.Convergence.BurmanConvergenceFinal:importAllArts",
         "3056cf6981572149"],
        ["SSExactMajority.Probability.ExpectedTime transitive imports (legacy)",
         "69ecc7354744acc5"],
        ["SSExactMajority.Probability.ExpectedTime:importAllArts",
         "a9ebb912c1213fae"]]]]],
    ["libs",
     [["import dynlibs", "00000000000006bb"],
      ["package external libraries", "00000000000006bb"],
      ["module dynlibs", "00000000000006bb"],
      ["module plugins", "00000000000006bb"]]]]],
  ["Lean 4.30.0, commit d024af099ca4bf2c86f649261ebf59565dc8c622",
   "2f4703bb19086252"],
  ["/data/home/xhuan5/repos/SSExactMajority/SSExactMajority/UpperBound/Time/RecoveryBound.lean",
   "b945d1654a04212a"],
  ["options",
   [["-Dweak.linter.mathlibStandardSet=true", "8a155799906f2b42"],
    ["-DrelaxedAutoImplicit=false", "74a2b5546b55be80"],
    ["-Dpp.unicode.fun=true", "9b94070140457fab"]]],
  ["isModule: false", "feefd2a0d3a1847e"],
  ["Module.name: SSExactMajority.UpperBound.Time.RecoveryBound",
   "f5c4a1aaea3799bd"],
  ["Package.id?: (some SSExactMajority)", "216f9e708503a682"],
  ["Module.leanArgs: #[]", "00000000000006bb"]],
 "depHash": "9ab530a59886dff2"}