{"synthetic": false,
 "schemaVersion": "2025-09-10",
 "outputs":
 {"o": ["2242aab6b4993883.olean"],
  "i": "5b4c7598723856be.ilean",
  "c": "baea8b0dac13a992.c"},
 "log":
 [{"message":
   ".> LEAN_PATH=/home/xhuan5/repos/SSExactMajority/.lake/packages/Cli/.lake/build/lib/lean:/home/xhuan5/repos/SSExactMajority/.lake/packages/batteries/.lake/build/lib/lean:/home/xhuan5/repos/SSExactMajority/.lake/packages/Qq/.lake/build/lib/lean:/home/xhuan5/repos/SSExactMajority/.lake/packages/aesop/.lake/build/lib/lean:/home/xhuan5/repos/SSExactMajority/.lake/packages/proofwidgets/.lake/build/lib/lean:/home/xhuan5/repos/SSExactMajority/.lake/packages/importGraph/.lake/build/lib/lean:/home/xhuan5/repos/SSExactMajority/.lake/packages/LeanSearchClient/.lake/build/lib/lean:/home/xhuan5/repos/SSExactMajority/.lake/packages/plausible/.lake/build/lib/lean:/home/xhuan5/repos/SSExactMajority/.lake/packages/mathlib/.lake/build/lib/lean:/home/xhuan5/repos/SSExactMajority/.lake/build/lib/lean /home/xhuan5/.elan/toolchains/leanprover--lean4---v4.27.0/bin/lean /home/xhuan5/repos/SSExactMajority/SSExactMajority/Convergence/DecisionTieCase.lean -o /home/xhuan5/repos/SSExactMajority/.lake/build/lib/lean/SSExactMajority/Convergence/DecisionTieCase.olean -i /home/xhuan5/repos/SSExactMajority/.lake/build/lib/lean/SSExactMajority/Convergence/DecisionTieCase.ilean -c /home/xhuan5/repos/SSExactMajority/.lake/build/ir/SSExactMajority/Convergence/DecisionTieCase.c --setup /home/xhuan5/repos/SSExactMajority/.lake/build/ir/SSExactMajority/Convergence/DecisionTieCase.setup.json --json",
   "level": "trace"},
  {"message":
   "SSExactMajority/Convergence/DecisionTieCase.lean:24:40: This simp argument is unused:\n  ite_self\n\nHint: Omit it from the simp argument list.\n  simp only [hTie, lt_irrefl, if_false,̵ ̵i̵t̵e̵_̵s̵e̵l̵f̵]\n\nNote: This linter can be disabled with `set_option linter.unusedSimpArgs false`",
   "level": "warning"},
  {"message":
   "SSExactMajority/Convergence/DecisionTieCase.lean:65:37: This simp argument is unused:\n  hu_med_ceil\n\nHint: Omit it from the simp argument list.\n  simp only [hRD, hsu, hsv, ne_eq,\n  ̵  ̵ ̵ ̵role_settled_ne_resetting,\n  ̵  ̵ ̵ ̵not_true_eq_false, not_false_eq_true,\n      false_and, and_false, if_false,\n  ̵  ̵ ̵ ̵and_self, if_true, hpar, h_no_swap_full,\n  ̵  ̵ ̵ ̵hu_med, hv_upper, hN1, ̵h̵N̵2̵,̵ ̵h̵N̵3̵,̵ ̵h̵u̵_̵m̵e̵d̵_̵c̵e̵i̵l̵,̵\n      hN̲2̲,̲ ̲h̲N̲3̲,̲ ̲h̲v_no_med_ceil, hv_no_max, hceil,\n  ̵  ̵ ̵ ̵h_inputs_disagree, h_ne_sym]\n\nNote: This linter can be disabled with `set_option linter.unusedSimpArgs false`",
   "level": "warning"},
  {"message":
   "SSExactMajority/Convergence/DecisionTieCase.lean:66:4: This simp argument is unused:\n  hv_no_med_ceil\n\nHint: Omit it from the simp argument list.\n  simp only [hRD, hsu, hsv, ne_eq, role_settled_ne_resetting, not_true_eq_false, not_false_eq_true,\n      false_and, and_false, if_false, and_self, if_true, hpar, h_no_swap_full, hu_med, hv_upper, hN1,\n  ̲  ̲ ̲ ̲hN2, hN3, hu_med_ceil, h̵v̵_̵n̵o̵_̵m̵e̵d̵_̵c̵e̵i̵l̵,̵ ̵hv_no_max, hceil, h_inputs_disagree, h_ne_sym]\n\nNote: This linter can be disabled with `set_option linter.unusedSimpArgs false`",
   "level": "warning"},
  {"message":
   "SSExactMajority/Convergence/DecisionTieCase.lean:66:20: This simp argument is unused:\n  hv_no_max\n\nHint: Omit it from the simp argument list.\n  simp only [hRD, hsu, hsv, ne_eq,\n  ̵  ̵ ̵ ̵role_settled_ne_resetting,\n  ̵  ̵ ̵ ̵not_true_eq_false, not_false_eq_true,\n      false_and, and_false, if_false,\n  ̵  ̵ ̵ ̵and_self, if_true, hpar, h_no_swap_full,\n  ̵  ̵ ̵ ̵hu_med, hv_upper, hN1,\n  ̲  ̲ ̲ ̲hN2, hN3, hu_med_ceil,\n  ̵  ̵ ̵ ̵hv_no_med_ceil, hv̵_̵n̵o̵_̵m̵a̵x̵,̵ ̵h̵ceil,\n  ̵  ̵ ̵ ̵h_inputs_disagree, h_ne_sym]\n\nNote: This linter can be disabled with `set_option linter.unusedSimpArgs false`",
   "level": "warning"},
  {"message":
   "SSExactMajority/Convergence/DecisionTieCase.lean:28:0: Please, add a comment explaining the need for modifying the maxHeartbeat limit, as in\nset_option maxHeartbeats 16000000 in\n-- reason for change\n...\n\nNote: This linter can be disabled with `set_option linter.style.maxHeartbeats false`",
   "level": "warning"},
  {"message":
   "SSExactMajority/Convergence/DecisionTieCase.lean:59:0: This line exceeds the 100 character limit, please shorten it!\n\nNote: This linter can be disabled with `set_option linter.style.longLine false`",
   "level": "warning"},
  {"message":
   "SSExactMajority/Convergence/DecisionTieCase.lean:97:47: This simp argument is unused:\n  if_pos rfl\n\nHint: Omit it from the simp argument list.\n  simp only [if_neg huv,̵ ̵i̵f̵_̵p̵o̵s̵ ̵r̵f̵l̵]\n\nNote: This linter can be disabled with `set_option linter.unusedSimpArgs false`",
   "level": "warning"},
  {"message":
   "SSExactMajority/Convergence/DecisionTieCase.lean:100:59: This simp argument is unused:\n  if_pos rfl\n\nHint: Omit it from the simp argument list.\n  simp only [if_neg huv, if_neg hvu,̵ ̵i̵f̵_̵p̵o̵s̵ ̵r̵f̵l̵]\n\nNote: This linter can be disabled with `set_option linter.unusedSimpArgs false`",
   "level": "warning"},
  {"message":
   "SSExactMajority/Convergence/DecisionTieCase.lean:98:4: The `show` tactic should only be used to indicate intermediate goal states for readability.\nHowever, this tactic invocation changed the goal. Please use `change` instead for these purposes.\n\nNote: This linter can be disabled with `set_option linter.style.show false`",
   "level": "warning"},
  {"message":
   "SSExactMajority/Convergence/DecisionTieCase.lean:101:4: The `show` tactic should only be used to indicate intermediate goal states for readability.\nHowever, this tactic invocation changed the goal. Please use `change` instead for these purposes.\n\nNote: This linter can be disabled with `set_option linter.style.show false`",
   "level": "warning"}],
 "inputs":
 [["SSExactMajority.Convergence.DecisionTieCase:deps",
   [["deps",
     [["SSExactMajority/SSExactMajority:extraDep",
       [["@SSExactMajority:extraDep", "00000000000006bb"]]],
      ["imports",
       [["SSExactMajority.Convergence.DecisionReach transitive imports (legacy)",
         "80e0dde94c8c38b4"],
        ["SSExactMajority.Convergence.DecisionReach:importAllArts",
         "a8b0041d0c80bd2e"]]]]],
    ["libs",
     [["import dynlibs", "00000000000006bb"],
      ["package external libraries", "00000000000006bb"],
      ["module dynlibs", "00000000000006bb"],
      ["module plugins", "00000000000006bb"]]]]],
  ["Lean 4.27.0, commit db93fe1608548721853390a10cd40580fe7d22ae",
   "9a2be90fd35343e5"],
  ["/home/xhuan5/repos/SSExactMajority/SSExactMajority/Convergence/DecisionTieCase.lean",
   "dc10d9969b2e62dc"],
  ["options",
   [["-Dweak.linter.mathlibStandardSet=true", "8a155799906f2b42"],
    ["-DrelaxedAutoImplicit=false", "74a2b5546b55be80"],
    ["-Dpp.unicode.fun=true", "9b94070140457fab"]]],
  ["Module.leanArgs: #[]", "00000000000006bb"]],
 "depHash": "542a9e725e4686cf"}