{"synthetic": false,
 "schemaVersion": "2025-09-10",
 "outputs":
 {"o": ["4670ce1fdd0a667a.olean"],
  "m": false,
  "i": "547dfeaaafd2e8d8.ilean",
  "c": "0f54f1d23a7b9efc.c"},
 "log":
 [{"message":
   ".> LEAN_PATH=/data/home/xhuan5/repos/SSExactMajority/.lake/packages/Cli/.lake/build/lib/lean:/data/home/xhuan5/repos/SSExactMajority/.lake/packages/batteries/.lake/build/lib/lean:/data/home/xhuan5/repos/SSExactMajority/.lake/packages/Qq/.lake/build/lib/lean:/data/home/xhuan5/repos/SSExactMajority/.lake/packages/aesop/.lake/build/lib/lean:/data/home/xhuan5/repos/SSExactMajority/.lake/packages/proofwidgets/.lake/build/lib/lean:/data/home/xhuan5/repos/SSExactMajority/.lake/packages/importGraph/.lake/build/lib/lean:/data/home/xhuan5/repos/SSExactMajority/.lake/packages/LeanSearchClient/.lake/build/lib/lean:/data/home/xhuan5/repos/SSExactMajority/.lake/packages/plausible/.lake/build/lib/lean:/data/home/xhuan5/repos/SSExactMajority/.lake/packages/mathlib/.lake/build/lib/lean:/data/home/xhuan5/repos/SSExactMajority/.lake/build/lib/lean /data/home/xhuan5/.elan/toolchains/leanprover--lean4---v4.30.0/bin/lean /data/home/xhuan5/repos/SSExactMajority/SSExactMajority/Convergence/EvenNComplete.lean -o /data/home/xhuan5/repos/SSExactMajority/.lake/build/lib/lean/SSExactMajority/Convergence/EvenNComplete.olean -i /data/home/xhuan5/repos/SSExactMajority/.lake/build/lib/lean/SSExactMajority/Convergence/EvenNComplete.ilean -c /data/home/xhuan5/repos/SSExactMajority/.lake/build/ir/SSExactMajority/Convergence/EvenNComplete.c --setup /data/home/xhuan5/repos/SSExactMajority/.lake/build/ir/SSExactMajority/Convergence/EvenNComplete.setup.json --json",
   "level": "trace"},
  {"message":
   "SSExactMajority/Convergence/EvenNComplete.lean:58:4: `push_neg` has been deprecated. Prefer using `push Not` instead.\nIf you'd rather continue using `push_neg` in your project, you can implement it as follows:\n```\nopen Lean.Parser.Tactic in\nmacro \"push_neg\" cfg:optConfig loc:(location)? : tactic =>\n  `(tactic| push $cfg:optConfig Not $[$loc]?)\n```",
   "level": "warning"}],
 "inputs":
 [["SSExactMajority.Convergence.EvenNComplete:deps",
   [["deps",
     [["SSExactMajority/SSExactMajority:extraDep",
       [["@SSExactMajority:extraDep", "00000000000006bb"]]],
      ["imports",
       [["SSExactMajority.Convergence.TieCaseWitness transitive imports (legacy)",
         "09584953b703314f"],
        ["SSExactMajority.Convergence.TieCaseWitness:importAllArts",
         "dd480f7186cf4185"],
        ["SSExactMajority.Convergence.MacroStepComposition transitive imports (legacy)",
         "ac19ccc1e8c73ad8"],
        ["SSExactMajority.Convergence.MacroStepComposition:importAllArts",
         "5b5a90ef6746ad3f"]]]]],
    ["libs",
     [["import dynlibs", "00000000000006bb"],
      ["package external libraries", "00000000000006bb"],
      ["module dynlibs", "00000000000006bb"],
      ["module plugins", "00000000000006bb"]]]]],
  ["Lean 4.30.0, commit d024af099ca4bf2c86f649261ebf59565dc8c622",
   "2f4703bb19086252"],
  ["/data/home/xhuan5/repos/SSExactMajority/SSExactMajority/Convergence/EvenNComplete.lean",
   "262a8c45185529d4"],
  ["options",
   [["-Dweak.linter.mathlibStandardSet=true", "8a155799906f2b42"],
    ["-DrelaxedAutoImplicit=false", "74a2b5546b55be80"],
    ["-Dpp.unicode.fun=true", "9b94070140457fab"]]],
  ["isModule: false", "feefd2a0d3a1847e"],
  ["Module.name: SSExactMajority.Convergence.EvenNComplete",
   "76befeb9df164ef9"],
  ["Package.id?: (some SSExactMajority)", "216f9e708503a682"],
  ["Module.leanArgs: #[]", "00000000000006bb"]],
 "depHash": "b8a6a120ea184676"}