{"synthetic": false,
 "schemaVersion": "2025-09-10",
 "outputs":
 {"o": ["82627252290f2348.olean"],
  "m": false,
  "i": "35913088351ed1e0.ilean",
  "c": "783f94da55d9bbf2.c"},
 "log":
 [{"message":
   ".> LEAN_PATH=/data/home/xhuan5/repos/SSExactMajority/.lake/packages/Cli/.lake/build/lib/lean:/data/home/xhuan5/repos/SSExactMajority/.lake/packages/batteries/.lake/build/lib/lean:/data/home/xhuan5/repos/SSExactMajority/.lake/packages/Qq/.lake/build/lib/lean:/data/home/xhuan5/repos/SSExactMajority/.lake/packages/aesop/.lake/build/lib/lean:/data/home/xhuan5/repos/SSExactMajority/.lake/packages/proofwidgets/.lake/build/lib/lean:/data/home/xhuan5/repos/SSExactMajority/.lake/packages/importGraph/.lake/build/lib/lean:/data/home/xhuan5/repos/SSExactMajority/.lake/packages/LeanSearchClient/.lake/build/lib/lean:/data/home/xhuan5/repos/SSExactMajority/.lake/packages/plausible/.lake/build/lib/lean:/data/home/xhuan5/repos/SSExactMajority/.lake/packages/mathlib/.lake/build/lib/lean:/data/home/xhuan5/repos/SSExactMajority/.lake/build/lib/lean /data/home/xhuan5/.elan/toolchains/leanprover--lean4---v4.30.0/bin/lean /data/home/xhuan5/repos/SSExactMajority/SSExactMajority/Convergence/Final.lean -o /data/home/xhuan5/repos/SSExactMajority/.lake/build/lib/lean/SSExactMajority/Convergence/Final.olean -i /data/home/xhuan5/repos/SSExactMajority/.lake/build/lib/lean/SSExactMajority/Convergence/Final.ilean -c /data/home/xhuan5/repos/SSExactMajority/.lake/build/ir/SSExactMajority/Convergence/Final.c --setup /data/home/xhuan5/repos/SSExactMajority/.lake/build/ir/SSExactMajority/Convergence/Final.setup.json --json",
   "level": "trace"},
  {"message":
   "SSExactMajority/Convergence/Final.lean:2:18: * '. All rights reserved.':\n'Copyright (c) YYYY' should be followed by a space\n\n\nNote: This linter can be disabled with `set_option linter.style.header false`",
   "level": "warning"},
  {"message":
   "SSExactMajority/Convergence/Final.lean:4:0: * '\n# Final Master Statement of Theorem 4\n\nThis file consolidates the framework into a single clean theorem\nstatement.  The theorem `P_EM_solves_SSEM_master` takes the smallest\nset of structural and reachability hypotheses needed and discharges\nthe full `SolvesSSEM` claim for `protocolPEM`.\n\nHypotheses required:\n\n  1. `RankDeltaSettledFix rankDelta` — the (parameterized) ranking\n     subprotocol acts as identity on already-Settled pairs.  Any\n     well-formed ranking subprotocol satisfies this.\n\n  2. `hRankPhase` — Burman et al.'s ranking convergence (PODC 2021):\n     every initial configuration eventually reaches an `InSrank`\n     configuration.  External reference; one of the residual gaps.\n\n  3. `hSwapPhase` — every `InSrank` configuration eventually reaches\n     an `InSswap`.  Discharged in `SwapReach.lean` modulo a single-step\n     decreasing-potential lemma; the non-median single-step is fully\n     proved in `SwapStep.lean`.\n\n  4. `hDecisionPhase` — every `InSswap` configuration eventually\n     reaches a consensus configuration.  Discharged in `DecisionReach.lean`\n     modulo a single-step lemma; trivially holds when the input is\n     already in `Sout`.\n\nThe macro-step variants (`reach_zero_potential_macro`) admit reset\ncycles and other multi-step transitions.\n\nWhen `hSwapPhase` and `hDecisionPhase` are discharged, the remaining\nhypothesis is the deep `hRankPhase` from Burman 2021.':\nIf an authors line spans multiple lines, each line but the last must end with a trailing comma\n\n\nNote: This linter can be disabled with `set_option linter.style.header false`",
   "level": "warning"},
  {"message":
   "SSExactMajority/Convergence/Final.lean:4:0: * '\n# Final ':\nThe authors line should begin with 'Authors: '\n\n\nNote: This linter can be disabled with `set_option linter.style.header false`",
   "level": "warning"},
  {"message":
   "SSExactMajority/Convergence/Final.lean:8:10: * '  ':\nDouble spaces are not allowed.\n\n\nNote: This linter can be disabled with `set_option linter.style.header false`",
   "level": "warning"},
  {"message":
   "SSExactMajority/Convergence/Final.lean:9:17: * ' and ':\nPlease, do not use 'and'; use ',' instead.\n\n\nNote: This linter can be disabled with `set_option linter.style.header false`",
   "level": "warning"},
  {"message":
   "SSExactMajority/Convergence/Final.lean:8:9: * '.':\nPlease, do not end the authors' line with a period.\n\n\nNote: This linter can be disabled with `set_option linter.style.header false`",
   "level": "warning"},
  {"message":
   "SSExactMajority/Convergence/Final.lean:44:0: The module doc-string for a file should be the first command after the imports.\nPlease, add a module doc-string before `namespace SSEM`.\n\nNote: This linter can be disabled with `set_option linter.style.header false`",
   "level": "warning"},
  {"message":
   "SSExactMajority/Convergence/Final.lean:2:18: * '. All rights reserved.':\n'Copyright (c) YYYY' should be followed by a space\n\n\nNote: This linter can be disabled with `set_option linter.style.header false`",
   "level": "warning"},
  {"message":
   "SSExactMajority/Convergence/Final.lean:4:0: * '\n# Final Master Statement of Theorem 4\n\nThis file consolidates the framework into a single clean theorem\nstatement.  The theorem `P_EM_solves_SSEM_master` takes the smallest\nset of structural and reachability hypotheses needed and discharges\nthe full `SolvesSSEM` claim for `protocolPEM`.\n\nHypotheses required:\n\n  1. `RankDeltaSettledFix rankDelta` — the (parameterized) ranking\n     subprotocol acts as identity on already-Settled pairs.  Any\n     well-formed ranking subprotocol satisfies this.\n\n  2. `hRankPhase` — Burman et al.'s ranking convergence (PODC 2021):\n     every initial configuration eventually reaches an `InSrank`\n     configuration.  External reference; one of the residual gaps.\n\n  3. `hSwapPhase` — every `InSrank` configuration eventually reaches\n     an `InSswap`.  Discharged in `SwapReach.lean` modulo a single-step\n     decreasing-potential lemma; the non-median single-step is fully\n     proved in `SwapStep.lean`.\n\n  4. `hDecisionPhase` — every `InSswap` configuration eventually\n     reaches a consensus configuration.  Discharged in `DecisionReach.lean`\n     modulo a single-step lemma; trivially holds when the input is\n     already in `Sout`.\n\nThe macro-step variants (`reach_zero_potential_macro`) admit reset\ncycles and other multi-step transitions.\n\nWhen `hSwapPhase` and `hDecisionPhase` are discharged, the remaining\nhypothesis is the deep `hRankPhase` from Burman 2021.':\nIf an authors line spans multiple lines, each line but the last must end with a trailing comma\n\n\nNote: This linter can be disabled with `set_option linter.style.header false`",
   "level": "warning"},
  {"message":
   "SSExactMajority/Convergence/Final.lean:4:0: * '\n# Final ':\nThe authors line should begin with 'Authors: '\n\n\nNote: This linter can be disabled with `set_option linter.style.header false`",
   "level": "warning"},
  {"message":
   "SSExactMajority/Convergence/Final.lean:8:10: * '  ':\nDouble spaces are not allowed.\n\n\nNote: This linter can be disabled with `set_option linter.style.header false`",
   "level": "warning"},
  {"message":
   "SSExactMajority/Convergence/Final.lean:9:17: * ' and ':\nPlease, do not use 'and'; use ',' instead.\n\n\nNote: This linter can be disabled with `set_option linter.style.header false`",
   "level": "warning"},
  {"message":
   "SSExactMajority/Convergence/Final.lean:8:9: * '.':\nPlease, do not end the authors' line with a period.\n\n\nNote: This linter can be disabled with `set_option linter.style.header false`",
   "level": "warning"},
  {"message":
   "SSExactMajority/Convergence/Final.lean:44:0: The module doc-string for a file should be the first command after the imports.\nPlease, add a module doc-string before `variable {n : ℕ}`.\n\nNote: This linter can be disabled with `set_option linter.style.header false`",
   "level": "warning"},
  {"message":
   "SSExactMajority/Convergence/Final.lean:2:18: * '. All rights reserved.':\n'Copyright (c) YYYY' should be followed by a space\n\n\nNote: This linter can be disabled with `set_option linter.style.header false`",
   "level": "warning"},
  {"message":
   "SSExactMajority/Convergence/Final.lean:4:0: * '\n# Final Master Statement of Theorem 4\n\nThis file consolidates the framework into a single clean theorem\nstatement.  The theorem `P_EM_solves_SSEM_master` takes the smallest\nset of structural and reachability hypotheses needed and discharges\nthe full `SolvesSSEM` claim for `protocolPEM`.\n\nHypotheses required:\n\n  1. `RankDeltaSettledFix rankDelta` — the (parameterized) ranking\n     subprotocol acts as identity on already-Settled pairs.  Any\n     well-formed ranking subprotocol satisfies this.\n\n  2. `hRankPhase` — Burman et al.'s ranking convergence (PODC 2021):\n     every initial configuration eventually reaches an `InSrank`\n     configuration.  External reference; one of the residual gaps.\n\n  3. `hSwapPhase` — every `InSrank` configuration eventually reaches\n     an `InSswap`.  Discharged in `SwapReach.lean` modulo a single-step\n     decreasing-potential lemma; the non-median single-step is fully\n     proved in `SwapStep.lean`.\n\n  4. `hDecisionPhase` — every `InSswap` configuration eventually\n     reaches a consensus configuration.  Discharged in `DecisionReach.lean`\n     modulo a single-step lemma; trivially holds when the input is\n     already in `Sout`.\n\nThe macro-step variants (`reach_zero_potential_macro`) admit reset\ncycles and other multi-step transitions.\n\nWhen `hSwapPhase` and `hDecisionPhase` are discharged, the remaining\nhypothesis is the deep `hRankPhase` from Burman 2021.':\nIf an authors line spans multiple lines, each line but the last must end with a trailing comma\n\n\nNote: This linter can be disabled with `set_option linter.style.header false`",
   "level": "warning"},
  {"message":
   "SSExactMajority/Convergence/Final.lean:4:0: * '\n# Final ':\nThe authors line should begin with 'Authors: '\n\n\nNote: This linter can be disabled with `set_option linter.style.header false`",
   "level": "warning"},
  {"message":
   "SSExactMajority/Convergence/Final.lean:8:10: * '  ':\nDouble spaces are not allowed.\n\n\nNote: This linter can be disabled with `set_option linter.style.header false`",
   "level": "warning"},
  {"message":
   "SSExactMajority/Convergence/Final.lean:9:17: * ' and ':\nPlease, do not use 'and'; use ',' instead.\n\n\nNote: This linter can be disabled with `set_option linter.style.header false`",
   "level": "warning"},
  {"message":
   "SSExactMajority/Convergence/Final.lean:8:9: * '.':\nPlease, do not end the authors' line with a period.\n\n\nNote: This linter can be disabled with `set_option linter.style.header false`",
   "level": "warning"},
  {"message":
   "SSExactMajority/Convergence/Final.lean:44:0: The module doc-string for a file should be the first command after the imports.\nPlease, add a module doc-string before `/-- **Master Theorem 4 statement.**\n\n`P_EM` solves SSEM modulo:\n  (1) `RankDeltaSettledFix` (essentially trivial for well-formed ranking),\n  (2) ranking convergence (Burman 2021),\n  (3) swap-phase reachability,\n  (4) decision-phase reachability. -/\ntheorem P_EM_solves_SSEM_master [Inhabited (Fin n × Fin n)] {trank Rmax : ℕ}\n    {rankDelta : AgentState n × AgentState n → AgentState n × AgentState n} (hRank : RankDeltaSettledFix rankDelta)\n    (hRankPhase :\n      ∀ C₀ : Config (AgentState n) Opinion n,\n        ∃ (γ : DetScheduler n) (t : ℕ), InSrank (execution (protocolPEM n trank Rmax rankDelta) C₀ γ t))\n    (hSwapPhase :\n      ∀ C : Config (AgentState n) Opinion n,\n        InSrank C → ∃ (γ : DetScheduler n) (t : ℕ), InSswap (execution (protocolPEM n trank Rmax rankDelta) C γ t))\n    (hDecisionPhase :\n      ∀ C : Config (AgentState n) Opinion n,\n        InSswap C →\n          ∃ (γ : DetScheduler n) (t : ℕ), IsConsensusConfig (execution (protocolPEM n trank Rmax rankDelta) C γ t)) :\n    SolvesSSEM (protocolPEM n trank Rmax rankDelta) n :=\n  P_EM_solves_SSEM_via_phases hRank hRankPhase hSwapPhase hDecisionPhase`.\n\nNote: This linter can be disabled with `set_option linter.style.header false`",
   "level": "warning"},
  {"message":
   "SSExactMajority/Convergence/Final.lean:2:18: * '. All rights reserved.':\n'Copyright (c) YYYY' should be followed by a space\n\n\nNote: This linter can be disabled with `set_option linter.style.header false`",
   "level": "warning"},
  {"message":
   "SSExactMajority/Convergence/Final.lean:4:0: * '\n# Final Master Statement of Theorem 4\n\nThis file consolidates the framework into a single clean theorem\nstatement.  The theorem `P_EM_solves_SSEM_master` takes the smallest\nset of structural and reachability hypotheses needed and discharges\nthe full `SolvesSSEM` claim for `protocolPEM`.\n\nHypotheses required:\n\n  1. `RankDeltaSettledFix rankDelta` — the (parameterized) ranking\n     subprotocol acts as identity on already-Settled pairs.  Any\n     well-formed ranking subprotocol satisfies this.\n\n  2. `hRankPhase` — Burman et al.'s ranking convergence (PODC 2021):\n     every initial configuration eventually reaches an `InSrank`\n     configuration.  External reference; one of the residual gaps.\n\n  3. `hSwapPhase` — every `InSrank` configuration eventually reaches\n     an `InSswap`.  Discharged in `SwapReach.lean` modulo a single-step\n     decreasing-potential lemma; the non-median single-step is fully\n     proved in `SwapStep.lean`.\n\n  4. `hDecisionPhase` — every `InSswap` configuration eventually\n     reaches a consensus configuration.  Discharged in `DecisionReach.lean`\n     modulo a single-step lemma; trivially holds when the input is\n     already in `Sout`.\n\nThe macro-step variants (`reach_zero_potential_macro`) admit reset\ncycles and other multi-step transitions.\n\nWhen `hSwapPhase` and `hDecisionPhase` are discharged, the remaining\nhypothesis is the deep `hRankPhase` from Burman 2021.':\nIf an authors line spans multiple lines, each line but the last must end with a trailing comma\n\n\nNote: This linter can be disabled with `set_option linter.style.header false`",
   "level": "warning"},
  {"message":
   "SSExactMajority/Convergence/Final.lean:4:0: * '\n# Final ':\nThe authors line should begin with 'Authors: '\n\n\nNote: This linter can be disabled with `set_option linter.style.header false`",
   "level": "warning"},
  {"message":
   "SSExactMajority/Convergence/Final.lean:8:10: * '  ':\nDouble spaces are not allowed.\n\n\nNote: This linter can be disabled with `set_option linter.style.header false`",
   "level": "warning"},
  {"message":
   "SSExactMajority/Convergence/Final.lean:9:17: * ' and ':\nPlease, do not use 'and'; use ',' instead.\n\n\nNote: This linter can be disabled with `set_option linter.style.header false`",
   "level": "warning"},
  {"message":
   "SSExactMajority/Convergence/Final.lean:8:9: * '.':\nPlease, do not end the authors' line with a period.\n\n\nNote: This linter can be disabled with `set_option linter.style.header false`",
   "level": "warning"},
  {"message":
   "SSExactMajority/Convergence/Final.lean:44:0: The module doc-string for a file should be the first command after the imports.\nPlease, add a module doc-string before `/-- **Master Theorem 4 (single-step form).**\n\nSame as above, but `hSwapPhase` and `hDecisionPhase` are reduced to\nlocal single-step decreasing-potential hypotheses via `SwapReach` and\n`DecisionReach`. -/\ntheorem P_EM_solves_SSEM_master_single_step [Inhabited (Fin n × Fin n)] {trank Rmax : ℕ}\n    {rankDelta : AgentState n × AgentState n → AgentState n × AgentState n} (hRank : RankDeltaSettledFix rankDelta)\n    (hRankPhase :\n      ∀ C₀ : Config (AgentState n) Opinion n,\n        ∃ (γ : DetScheduler n) (t : ℕ), InSrank (execution (protocolPEM n trank Rmax rankDelta) C₀ γ t))\n    (hSwapStep :\n      ∀ C : Config (AgentState n) Opinion n,\n        InSrank C →\n          0 < misorderedCount C →\n            ∃ u v : Fin n,\n              InSrank (C.step (protocolPEM n trank Rmax rankDelta) u v) ∧\n                misorderedCount (C.step (protocolPEM n trank Rmax rankDelta) u v) < misorderedCount C)\n    (hDecisionStep :\n      ∀ C : Config (AgentState n) Opinion n,\n        InSswap C →\n          0 < wrongAnswerCount C →\n            ∃ u v : Fin n,\n              InSswap (C.step (protocolPEM n trank Rmax rankDelta) u v) ∧\n                wrongAnswerCount (C.step (protocolPEM n trank Rmax rankDelta) u v) < wrongAnswerCount C) :\n    SolvesSSEM (protocolPEM n trank Rmax rankDelta) n :=\n  P_EM_solves_SSEM_master hRank hRankPhase (swap_reaches_Sswap_of_singleStep hSwapStep)\n    (decision_reaches_consensus_of_singleStep hDecisionStep)`.\n\nNote: This linter can be disabled with `set_option linter.style.header false`",
   "level": "warning"},
  {"message":
   "SSExactMajority/Convergence/Final.lean:2:18: * '. All rights reserved.':\n'Copyright (c) YYYY' should be followed by a space\n\n\nNote: This linter can be disabled with `set_option linter.style.header false`",
   "level": "warning"},
  {"message":
   "SSExactMajority/Convergence/Final.lean:4:0: * '\n# Final Master Statement of Theorem 4\n\nThis file consolidates the framework into a single clean theorem\nstatement.  The theorem `P_EM_solves_SSEM_master` takes the smallest\nset of structural and reachability hypotheses needed and discharges\nthe full `SolvesSSEM` claim for `protocolPEM`.\n\nHypotheses required:\n\n  1. `RankDeltaSettledFix rankDelta` — the (parameterized) ranking\n     subprotocol acts as identity on already-Settled pairs.  Any\n     well-formed ranking subprotocol satisfies this.\n\n  2. `hRankPhase` — Burman et al.'s ranking convergence (PODC 2021):\n     every initial configuration eventually reaches an `InSrank`\n     configuration.  External reference; one of the residual gaps.\n\n  3. `hSwapPhase` — every `InSrank` configuration eventually reaches\n     an `InSswap`.  Discharged in `SwapReach.lean` modulo a single-step\n     decreasing-potential lemma; the non-median single-step is fully\n     proved in `SwapStep.lean`.\n\n  4. `hDecisionPhase` — every `InSswap` configuration eventually\n     reaches a consensus configuration.  Discharged in `DecisionReach.lean`\n     modulo a single-step lemma; trivially holds when the input is\n     already in `Sout`.\n\nThe macro-step variants (`reach_zero_potential_macro`) admit reset\ncycles and other multi-step transitions.\n\nWhen `hSwapPhase` and `hDecisionPhase` are discharged, the remaining\nhypothesis is the deep `hRankPhase` from Burman 2021.':\nIf an authors line spans multiple lines, each line but the last must end with a trailing comma\n\n\nNote: This linter can be disabled with `set_option linter.style.header false`",
   "level": "warning"},
  {"message":
   "SSExactMajority/Convergence/Final.lean:4:0: * '\n# Final ':\nThe authors line should begin with 'Authors: '\n\n\nNote: This linter can be disabled with `set_option linter.style.header false`",
   "level": "warning"},
  {"message":
   "SSExactMajority/Convergence/Final.lean:8:10: * '  ':\nDouble spaces are not allowed.\n\n\nNote: This linter can be disabled with `set_option linter.style.header false`",
   "level": "warning"},
  {"message":
   "SSExactMajority/Convergence/Final.lean:9:17: * ' and ':\nPlease, do not use 'and'; use ',' instead.\n\n\nNote: This linter can be disabled with `set_option linter.style.header false`",
   "level": "warning"},
  {"message":
   "SSExactMajority/Convergence/Final.lean:8:9: * '.':\nPlease, do not end the authors' line with a period.\n\n\nNote: This linter can be disabled with `set_option linter.style.header false`",
   "level": "warning"},
  {"message":
   "SSExactMajority/Convergence/Final.lean:44:0: The module doc-string for a file should be the first command after the imports.\nPlease, add a module doc-string before `/-- **Master Theorem 4 (macro-step form).**\n\nSame as above, but with macro-step (multi-step) hypotheses, admitting\nreset cycles. -/\ntheorem P_EM_solves_SSEM_master_macro_step [Inhabited (Fin n × Fin n)] {trank Rmax : ℕ}\n    {rankDelta : AgentState n × AgentState n → AgentState n × AgentState n} (hRank : RankDeltaSettledFix rankDelta)\n    (hRankPhase :\n      ∀ C₀ : Config (AgentState n) Opinion n,\n        ∃ (γ : DetScheduler n) (t : ℕ), InSrank (execution (protocolPEM n trank Rmax rankDelta) C₀ γ t))\n    (hSwapMacro :\n      ∀ C : Config (AgentState n) Opinion n,\n        InSrank C →\n          0 < misorderedCount C →\n            ∃ (γ : DetScheduler n) (k : ℕ),\n              InSrank (execution (protocolPEM n trank Rmax rankDelta) C γ k) ∧\n                misorderedCount (execution (protocolPEM n trank Rmax rankDelta) C γ k) < misorderedCount C)\n    (hDecisionMacro :\n      ∀ C : Config (AgentState n) Opinion n,\n        InSswap C →\n          0 < wrongAnswerCount C →\n            ∃ (γ : DetScheduler n) (k : ℕ),\n              InSswap (execution (protocolPEM n trank Rmax rankDelta) C γ k) ∧\n                wrongAnswerCount (execution (protocolPEM n trank Rmax rankDelta) C γ k) < wrongAnswerCount C) :\n    SolvesSSEM (protocolPEM n trank Rmax rankDelta) n :=\n  P_EM_solves_SSEM_master hRank hRankPhase (swap_reaches_Sswap_of_macroStep hSwapMacro)\n    (decision_reaches_consensus_of_macroStep hDecisionMacro)`.\n\nNote: This linter can be disabled with `set_option linter.style.header false`",
   "level": "warning"},
  {"message":
   "SSExactMajority/Convergence/Final.lean:2:18: * '. All rights reserved.':\n'Copyright (c) YYYY' should be followed by a space\n\n\nNote: This linter can be disabled with `set_option linter.style.header false`",
   "level": "warning"},
  {"message":
   "SSExactMajority/Convergence/Final.lean:4:0: * '\n# Final Master Statement of Theorem 4\n\nThis file consolidates the framework into a single clean theorem\nstatement.  The theorem `P_EM_solves_SSEM_master` takes the smallest\nset of structural and reachability hypotheses needed and discharges\nthe full `SolvesSSEM` claim for `protocolPEM`.\n\nHypotheses required:\n\n  1. `RankDeltaSettledFix rankDelta` — the (parameterized) ranking\n     subprotocol acts as identity on already-Settled pairs.  Any\n     well-formed ranking subprotocol satisfies this.\n\n  2. `hRankPhase` — Burman et al.'s ranking convergence (PODC 2021):\n     every initial configuration eventually reaches an `InSrank`\n     configuration.  External reference; one of the residual gaps.\n\n  3. `hSwapPhase` — every `InSrank` configuration eventually reaches\n     an `InSswap`.  Discharged in `SwapReach.lean` modulo a single-step\n     decreasing-potential lemma; the non-median single-step is fully\n     proved in `SwapStep.lean`.\n\n  4. `hDecisionPhase` — every `InSswap` configuration eventually\n     reaches a consensus configuration.  Discharged in `DecisionReach.lean`\n     modulo a single-step lemma; trivially holds when the input is\n     already in `Sout`.\n\nThe macro-step variants (`reach_zero_potential_macro`) admit reset\ncycles and other multi-step transitions.\n\nWhen `hSwapPhase` and `hDecisionPhase` are discharged, the remaining\nhypothesis is the deep `hRankPhase` from Burman 2021.':\nIf an authors line spans multiple lines, each line but the last must end with a trailing comma\n\n\nNote: This linter can be disabled with `set_option linter.style.header false`",
   "level": "warning"},
  {"message":
   "SSExactMajority/Convergence/Final.lean:4:0: * '\n# Final ':\nThe authors line should begin with 'Authors: '\n\n\nNote: This linter can be disabled with `set_option linter.style.header false`",
   "level": "warning"},
  {"message":
   "SSExactMajority/Convergence/Final.lean:8:10: * '  ':\nDouble spaces are not allowed.\n\n\nNote: This linter can be disabled with `set_option linter.style.header false`",
   "level": "warning"},
  {"message":
   "SSExactMajority/Convergence/Final.lean:9:17: * ' and ':\nPlease, do not use 'and'; use ',' instead.\n\n\nNote: This linter can be disabled with `set_option linter.style.header false`",
   "level": "warning"},
  {"message":
   "SSExactMajority/Convergence/Final.lean:8:9: * '.':\nPlease, do not end the authors' line with a period.\n\n\nNote: This linter can be disabled with `set_option linter.style.header false`",
   "level": "warning"},
  {"message":
   "SSExactMajority/Convergence/Final.lean:44:0: The module doc-string for a file should be the first command after the imports.\nPlease, add a module doc-string before `/-!### Concrete instantiation: swap-phase via non-median, decision-phase via Sout -/\n`.\n\nNote: This linter can be disabled with `set_option linter.style.header false`",
   "level": "warning"},
  {"message":
   "SSExactMajority/Convergence/Final.lean:182:5: unused variable `hC`\n\nNote: This linter can be disabled with `set_option linter.unusedVariables false`",
   "level": "warning"}],
 "inputs":
 [["SSExactMajority.Convergence.Final:deps",
   [["deps",
     [["SSExactMajority/SSExactMajority:extraDep",
       [["@SSExactMajority:extraDep", "00000000000006bb"]]],
      ["imports",
       [["SSExactMajority.Convergence.Composition transitive imports (legacy)",
         "8513e851bbd8985a"],
        ["SSExactMajority.Convergence.Composition:importAllArts",
         "87dba61516ebf82c"],
        ["SSExactMajority.Convergence.SwapReach transitive imports (legacy)",
         "151471ad60839917"],
        ["SSExactMajority.Convergence.SwapReach:importAllArts",
         "95ef2b482cc79878"],
        ["SSExactMajority.Convergence.DecisionReach transitive imports (legacy)",
         "1463c75f76e1dc7f"],
        ["SSExactMajority.Convergence.DecisionReach:importAllArts",
         "93ef02ffdb81e180"],
        ["SSExactMajority.Convergence.SwapStep transitive imports (legacy)",
         "38f6ee62841c933b"],
        ["SSExactMajority.Convergence.SwapStep:importAllArts",
         "42286705b02d2733"]]]]],
    ["libs",
     [["import dynlibs", "00000000000006bb"],
      ["package external libraries", "00000000000006bb"],
      ["module dynlibs", "00000000000006bb"],
      ["module plugins", "00000000000006bb"]]]]],
  ["Lean 4.30.0, commit d024af099ca4bf2c86f649261ebf59565dc8c622",
   "2f4703bb19086252"],
  ["/data/home/xhuan5/repos/SSExactMajority/SSExactMajority/Convergence/Final.lean",
   "be66a7ee17f48950"],
  ["options",
   [["-Dweak.linter.mathlibStandardSet=true", "8a155799906f2b42"],
    ["-DrelaxedAutoImplicit=false", "74a2b5546b55be80"],
    ["-Dpp.unicode.fun=true", "9b94070140457fab"]]],
  ["isModule: false", "feefd2a0d3a1847e"],
  ["Module.name: SSExactMajority.Convergence.Final", "b9af1e0d1cd4ee23"],
  ["Package.id?: (some SSExactMajority)", "216f9e708503a682"],
  ["Module.leanArgs: #[]", "00000000000006bb"]],
 "depHash": "b5824b345da87843"}