{"synthetic": false,
 "schemaVersion": "2025-09-10",
 "outputs":
 {"o": ["8a04806e881ae1de.olean"],
  "i": "813c590cc0b9828b.ilean",
  "c": "124917640531ddd0.c"},
 "log":
 [{"message":
   ".> LEAN_PATH=/home/xhuan5/repos/SSExactMajority/.lake/packages/Cli/.lake/build/lib/lean:/home/xhuan5/repos/SSExactMajority/.lake/packages/batteries/.lake/build/lib/lean:/home/xhuan5/repos/SSExactMajority/.lake/packages/Qq/.lake/build/lib/lean:/home/xhuan5/repos/SSExactMajority/.lake/packages/aesop/.lake/build/lib/lean:/home/xhuan5/repos/SSExactMajority/.lake/packages/proofwidgets/.lake/build/lib/lean:/home/xhuan5/repos/SSExactMajority/.lake/packages/importGraph/.lake/build/lib/lean:/home/xhuan5/repos/SSExactMajority/.lake/packages/LeanSearchClient/.lake/build/lib/lean:/home/xhuan5/repos/SSExactMajority/.lake/packages/plausible/.lake/build/lib/lean:/home/xhuan5/repos/SSExactMajority/.lake/packages/mathlib/.lake/build/lib/lean:/home/xhuan5/repos/SSExactMajority/.lake/build/lib/lean /home/xhuan5/.elan/toolchains/leanprover--lean4---v4.27.0/bin/lean /home/xhuan5/repos/SSExactMajority/SSExactMajority/Convergence/Schedule.lean -o /home/xhuan5/repos/SSExactMajority/.lake/build/lib/lean/SSExactMajority/Convergence/Schedule.olean -i /home/xhuan5/repos/SSExactMajority/.lake/build/lib/lean/SSExactMajority/Convergence/Schedule.ilean -c /home/xhuan5/repos/SSExactMajority/.lake/build/ir/SSExactMajority/Convergence/Schedule.c --setup /home/xhuan5/repos/SSExactMajority/.lake/build/ir/SSExactMajority/Convergence/Schedule.setup.json --json",
   "level": "trace"},
  {"message":
   "SSExactMajority/Convergence/Schedule.lean:28:4: The `show` tactic should only be used to indicate intermediate goal states for readability.\nHowever, this tactic invocation changed the goal. Please use `change` instead for these purposes.\n\nNote: This linter can be disabled with `set_option linter.style.show false`",
   "level": "warning"},
  {"message":
   "SSExactMajority/Convergence/Schedule.lean:53:4: The `show` tactic should only be used to indicate intermediate goal states for readability.\nHowever, this tactic invocation changed the goal. Please use `change` instead for these purposes.\n\nNote: This linter can be disabled with `set_option linter.style.show false`",
   "level": "warning"},
  {"message":
   "SSExactMajority/Convergence/Schedule.lean:56:4: The `show` tactic should only be used to indicate intermediate goal states for readability.\nHowever, this tactic invocation changed the goal. Please use `change` instead for these purposes.\n\nNote: This linter can be disabled with `set_option linter.style.show false`",
   "level": "warning"},
  {"message":
   "SSExactMajority/Convergence/Schedule.lean:61:4: The `show` tactic should only be used to indicate intermediate goal states for readability.\nHowever, this tactic invocation changed the goal. Please use `change` instead for these purposes.\n\nNote: This linter can be disabled with `set_option linter.style.show false`",
   "level": "warning"}],
 "inputs":
 [["SSExactMajority.Convergence.Schedule:deps",
   [["deps",
     [["SSExactMajority/SSExactMajority:extraDep",
       [["@SSExactMajority:extraDep", "00000000000006bb"]]],
      ["imports",
       [["SSExactMajority.Defs.Execution transitive imports (legacy)",
         "b264f78d4e355404"],
        ["SSExactMajority.Defs.Execution:importAllArts",
         "07f7b0fcfa0a60db"]]]]],
    ["libs",
     [["import dynlibs", "00000000000006bb"],
      ["package external libraries", "00000000000006bb"],
      ["module dynlibs", "00000000000006bb"],
      ["module plugins", "00000000000006bb"]]]]],
  ["Lean 4.27.0, commit db93fe1608548721853390a10cd40580fe7d22ae",
   "9a2be90fd35343e5"],
  ["/home/xhuan5/repos/SSExactMajority/SSExactMajority/Convergence/Schedule.lean",
   "83a575df836e9e66"],
  ["options",
   [["-Dweak.linter.mathlibStandardSet=true", "8a155799906f2b42"],
    ["-DrelaxedAutoImplicit=false", "74a2b5546b55be80"],
    ["-Dpp.unicode.fun=true", "9b94070140457fab"]]],
  ["Module.leanArgs: #[]", "00000000000006bb"]],
 "depHash": "712a09f81ac857ac"}