{"synthetic": false,
 "schemaVersion": "2025-09-10",
 "outputs":
 {"o": ["99f04902bb266304.olean"],
  "m": false,
  "i": "371e4068b00d7e42.ilean",
  "c": "392737a9711aed5f.c"},
 "log":
 [{"message":
   ".> LEAN_PATH=/data/home/xhuan5/repos/SSExactMajority/.lake/packages/Cli/.lake/build/lib/lean:/data/home/xhuan5/repos/SSExactMajority/.lake/packages/batteries/.lake/build/lib/lean:/data/home/xhuan5/repos/SSExactMajority/.lake/packages/Qq/.lake/build/lib/lean:/data/home/xhuan5/repos/SSExactMajority/.lake/packages/aesop/.lake/build/lib/lean:/data/home/xhuan5/repos/SSExactMajority/.lake/packages/proofwidgets/.lake/build/lib/lean:/data/home/xhuan5/repos/SSExactMajority/.lake/packages/importGraph/.lake/build/lib/lean:/data/home/xhuan5/repos/SSExactMajority/.lake/packages/LeanSearchClient/.lake/build/lib/lean:/data/home/xhuan5/repos/SSExactMajority/.lake/packages/plausible/.lake/build/lib/lean:/data/home/xhuan5/repos/SSExactMajority/.lake/packages/mathlib/.lake/build/lib/lean:/data/home/xhuan5/repos/SSExactMajority/.lake/build/lib/lean /data/home/xhuan5/.elan/toolchains/leanprover--lean4---v4.30.0/bin/lean /data/home/xhuan5/repos/SSExactMajority/SSExactMajority/Convergence/Sets.lean -o /data/home/xhuan5/repos/SSExactMajority/.lake/build/lib/lean/SSExactMajority/Convergence/Sets.olean -i /data/home/xhuan5/repos/SSExactMajority/.lake/build/lib/lean/SSExactMajority/Convergence/Sets.ilean -c /data/home/xhuan5/repos/SSExactMajority/.lake/build/ir/SSExactMajority/Convergence/Sets.c --setup /data/home/xhuan5/repos/SSExactMajority/.lake/build/ir/SSExactMajority/Convergence/Sets.setup.json --json",
   "level": "trace"},
  {"message":
   "SSExactMajority/Convergence/Sets.lean:2:18: * '. All rights reserved.':\n'Copyright (c) YYYY' should be followed by a space\n\n\nNote: This linter can be disabled with `set_option linter.style.header false`",
   "level": "warning"},
  {"message":
   "SSExactMajority/Convergence/Sets.lean:4:0: * '\n# Configuration Sets along the Stabilization Chain\n\nFollowing Section 5.2.1 of Kanaya et al. (2025), the convergence proof\nof P_EM proceeds along a chain of configuration sets:\n\n  Call ⊃ Srank ⊃ Sswap ⊃ Stim ⊃ Sem\n\nwhere:\n\n  * `Srank` = all agents Settled with bijective ranks;\n  * `Sswap` = `Srank` with A-inputs below B-inputs (rank-sorted);\n  * `Sout`  = all agents' `.answer` equals the exact-majority opinion;\n  * `Stim`  = `Sswap ∩ Sout`;\n  * `Sem`   = `Stim` with median agent's `.timer` = 0 (fully silent).\n\nOur existing `IsConsensusConfig` corresponds exactly to `Stim`.\n\nThis file defines the sets and proves the basic identifications.':\nIf an authors line spans multiple lines, each line but the last must end with a trailing comma\n\n\nNote: This linter can be disabled with `set_option linter.style.header false`",
   "level": "warning"},
  {"message":
   "SSExactMajority/Convergence/Sets.lean:4:0: * '\n# Config':\nThe authors line should begin with 'Authors: '\n\n\nNote: This linter can be disabled with `set_option linter.style.header false`",
   "level": "warning"},
  {"message":
   "SSExactMajority/Convergence/Sets.lean:10:0: * '  ':\nDouble spaces are not allowed.\n\n\nNote: This linter can be disabled with `set_option linter.style.header false`",
   "level": "warning"},
  {"message":
   "SSExactMajority/Convergence/Sets.lean:22:26: * ' and ':\nPlease, do not use 'and'; use ',' instead.\n\n\nNote: This linter can be disabled with `set_option linter.style.header false`",
   "level": "warning"},
  {"message":
   "SSExactMajority/Convergence/Sets.lean:7:19: * '.':\nPlease, do not end the authors' line with a period.\n\n\nNote: This linter can be disabled with `set_option linter.style.header false`",
   "level": "warning"},
  {"message":
   "SSExactMajority/Convergence/Sets.lean:28:0: The module doc-string for a file should be the first command after the imports.\nPlease, add a module doc-string before `namespace SSEM`.\n\nNote: This linter can be disabled with `set_option linter.style.header false`",
   "level": "warning"},
  {"message":
   "SSExactMajority/Convergence/Sets.lean:2:18: * '. All rights reserved.':\n'Copyright (c) YYYY' should be followed by a space\n\n\nNote: This linter can be disabled with `set_option linter.style.header false`",
   "level": "warning"},
  {"message":
   "SSExactMajority/Convergence/Sets.lean:4:0: * '\n# Configuration Sets along the Stabilization Chain\n\nFollowing Section 5.2.1 of Kanaya et al. (2025), the convergence proof\nof P_EM proceeds along a chain of configuration sets:\n\n  Call ⊃ Srank ⊃ Sswap ⊃ Stim ⊃ Sem\n\nwhere:\n\n  * `Srank` = all agents Settled with bijective ranks;\n  * `Sswap` = `Srank` with A-inputs below B-inputs (rank-sorted);\n  * `Sout`  = all agents' `.answer` equals the exact-majority opinion;\n  * `Stim`  = `Sswap ∩ Sout`;\n  * `Sem`   = `Stim` with median agent's `.timer` = 0 (fully silent).\n\nOur existing `IsConsensusConfig` corresponds exactly to `Stim`.\n\nThis file defines the sets and proves the basic identifications.':\nIf an authors line spans multiple lines, each line but the last must end with a trailing comma\n\n\nNote: This linter can be disabled with `set_option linter.style.header false`",
   "level": "warning"},
  {"message":
   "SSExactMajority/Convergence/Sets.lean:4:0: * '\n# Config':\nThe authors line should begin with 'Authors: '\n\n\nNote: This linter can be disabled with `set_option linter.style.header false`",
   "level": "warning"},
  {"message":
   "SSExactMajority/Convergence/Sets.lean:10:0: * '  ':\nDouble spaces are not allowed.\n\n\nNote: This linter can be disabled with `set_option linter.style.header false`",
   "level": "warning"},
  {"message":
   "SSExactMajority/Convergence/Sets.lean:22:26: * ' and ':\nPlease, do not use 'and'; use ',' instead.\n\n\nNote: This linter can be disabled with `set_option linter.style.header false`",
   "level": "warning"},
  {"message":
   "SSExactMajority/Convergence/Sets.lean:7:19: * '.':\nPlease, do not end the authors' line with a period.\n\n\nNote: This linter can be disabled with `set_option linter.style.header false`",
   "level": "warning"},
  {"message":
   "SSExactMajority/Convergence/Sets.lean:28:0: The module doc-string for a file should be the first command after the imports.\nPlease, add a module doc-string before `variable {n : ℕ}`.\n\nNote: This linter can be disabled with `set_option linter.style.header false`",
   "level": "warning"},
  {"message":
   "SSExactMajority/Convergence/Sets.lean:2:18: * '. All rights reserved.':\n'Copyright (c) YYYY' should be followed by a space\n\n\nNote: This linter can be disabled with `set_option linter.style.header false`",
   "level": "warning"},
  {"message":
   "SSExactMajority/Convergence/Sets.lean:4:0: * '\n# Configuration Sets along the Stabilization Chain\n\nFollowing Section 5.2.1 of Kanaya et al. (2025), the convergence proof\nof P_EM proceeds along a chain of configuration sets:\n\n  Call ⊃ Srank ⊃ Sswap ⊃ Stim ⊃ Sem\n\nwhere:\n\n  * `Srank` = all agents Settled with bijective ranks;\n  * `Sswap` = `Srank` with A-inputs below B-inputs (rank-sorted);\n  * `Sout`  = all agents' `.answer` equals the exact-majority opinion;\n  * `Stim`  = `Sswap ∩ Sout`;\n  * `Sem`   = `Stim` with median agent's `.timer` = 0 (fully silent).\n\nOur existing `IsConsensusConfig` corresponds exactly to `Stim`.\n\nThis file defines the sets and proves the basic identifications.':\nIf an authors line spans multiple lines, each line but the last must end with a trailing comma\n\n\nNote: This linter can be disabled with `set_option linter.style.header false`",
   "level": "warning"},
  {"message":
   "SSExactMajority/Convergence/Sets.lean:4:0: * '\n# Config':\nThe authors line should begin with 'Authors: '\n\n\nNote: This linter can be disabled with `set_option linter.style.header false`",
   "level": "warning"},
  {"message":
   "SSExactMajority/Convergence/Sets.lean:10:0: * '  ':\nDouble spaces are not allowed.\n\n\nNote: This linter can be disabled with `set_option linter.style.header false`",
   "level": "warning"},
  {"message":
   "SSExactMajority/Convergence/Sets.lean:22:26: * ' and ':\nPlease, do not use 'and'; use ',' instead.\n\n\nNote: This linter can be disabled with `set_option linter.style.header false`",
   "level": "warning"},
  {"message":
   "SSExactMajority/Convergence/Sets.lean:7:19: * '.':\nPlease, do not end the authors' line with a period.\n\n\nNote: This linter can be disabled with `set_option linter.style.header false`",
   "level": "warning"},
  {"message":
   "SSExactMajority/Convergence/Sets.lean:28:0: The module doc-string for a file should be the first command after the imports.\nPlease, add a module doc-string before `/-- `Srank` of Kanaya et al.: all agents are Settled with pairwise-distinct\nranks (so the rank function is a bijection `Fin n → Fin n`). -/\nstructure InSrank (C : Config (AgentState n) Opinion n) : Prop where\n  allSettled : ∀ v, (C v).1.role = .Settled\n  ranks_inj : Function.Injective (fun v => (C v).1.rank)`.\n\nNote: This linter can be disabled with `set_option linter.style.header false`",
   "level": "warning"},
  {"message":
   "SSExactMajority/Convergence/Sets.lean:40:74: The syntax is now `structure S : Type extends P` rather than `structure S extends P : Type`\n\nNote: The purpose of this change is to accommodate `structure S extends toP : P` syntax for naming parent projections.",
   "level": "warning"},
  {"message":
   "SSExactMajority/Convergence/Sets.lean:2:18: * '. All rights reserved.':\n'Copyright (c) YYYY' should be followed by a space\n\n\nNote: This linter can be disabled with `set_option linter.style.header false`",
   "level": "warning"},
  {"message":
   "SSExactMajority/Convergence/Sets.lean:4:0: * '\n# Configuration Sets along the Stabilization Chain\n\nFollowing Section 5.2.1 of Kanaya et al. (2025), the convergence proof\nof P_EM proceeds along a chain of configuration sets:\n\n  Call ⊃ Srank ⊃ Sswap ⊃ Stim ⊃ Sem\n\nwhere:\n\n  * `Srank` = all agents Settled with bijective ranks;\n  * `Sswap` = `Srank` with A-inputs below B-inputs (rank-sorted);\n  * `Sout`  = all agents' `.answer` equals the exact-majority opinion;\n  * `Stim`  = `Sswap ∩ Sout`;\n  * `Sem`   = `Stim` with median agent's `.timer` = 0 (fully silent).\n\nOur existing `IsConsensusConfig` corresponds exactly to `Stim`.\n\nThis file defines the sets and proves the basic identifications.':\nIf an authors line spans multiple lines, each line but the last must end with a trailing comma\n\n\nNote: This linter can be disabled with `set_option linter.style.header false`",
   "level": "warning"},
  {"message":
   "SSExactMajority/Convergence/Sets.lean:4:0: * '\n# Config':\nThe authors line should begin with 'Authors: '\n\n\nNote: This linter can be disabled with `set_option linter.style.header false`",
   "level": "warning"},
  {"message":
   "SSExactMajority/Convergence/Sets.lean:10:0: * '  ':\nDouble spaces are not allowed.\n\n\nNote: This linter can be disabled with `set_option linter.style.header false`",
   "level": "warning"},
  {"message":
   "SSExactMajority/Convergence/Sets.lean:22:26: * ' and ':\nPlease, do not use 'and'; use ',' instead.\n\n\nNote: This linter can be disabled with `set_option linter.style.header false`",
   "level": "warning"},
  {"message":
   "SSExactMajority/Convergence/Sets.lean:7:19: * '.':\nPlease, do not end the authors' line with a period.\n\n\nNote: This linter can be disabled with `set_option linter.style.header false`",
   "level": "warning"},
  {"message":
   "SSExactMajority/Convergence/Sets.lean:28:0: The module doc-string for a file should be the first command after the imports.\nPlease, add a module doc-string before `/-- `Sswap` of Kanaya et al.: an `Srank` configuration in which inputs are\nsorted by rank — A-agents have lower ranks than B-agents. -/\nstructure InSswap (C : Config (AgentState n) Opinion n) extends InSrank C : Prop where\n  input_rank : ∀ v, ((C v).2 = Opinion.A ↔ ((C v).1.rank.val < nAOf C))`.\n\nNote: This linter can be disabled with `set_option linter.style.header false`",
   "level": "warning"},
  {"message":
   "SSExactMajority/Convergence/Sets.lean:2:18: * '. All rights reserved.':\n'Copyright (c) YYYY' should be followed by a space\n\n\nNote: This linter can be disabled with `set_option linter.style.header false`",
   "level": "warning"},
  {"message":
   "SSExactMajority/Convergence/Sets.lean:4:0: * '\n# Configuration Sets along the Stabilization Chain\n\nFollowing Section 5.2.1 of Kanaya et al. (2025), the convergence proof\nof P_EM proceeds along a chain of configuration sets:\n\n  Call ⊃ Srank ⊃ Sswap ⊃ Stim ⊃ Sem\n\nwhere:\n\n  * `Srank` = all agents Settled with bijective ranks;\n  * `Sswap` = `Srank` with A-inputs below B-inputs (rank-sorted);\n  * `Sout`  = all agents' `.answer` equals the exact-majority opinion;\n  * `Stim`  = `Sswap ∩ Sout`;\n  * `Sem`   = `Stim` with median agent's `.timer` = 0 (fully silent).\n\nOur existing `IsConsensusConfig` corresponds exactly to `Stim`.\n\nThis file defines the sets and proves the basic identifications.':\nIf an authors line spans multiple lines, each line but the last must end with a trailing comma\n\n\nNote: This linter can be disabled with `set_option linter.style.header false`",
   "level": "warning"},
  {"message":
   "SSExactMajority/Convergence/Sets.lean:4:0: * '\n# Config':\nThe authors line should begin with 'Authors: '\n\n\nNote: This linter can be disabled with `set_option linter.style.header false`",
   "level": "warning"},
  {"message":
   "SSExactMajority/Convergence/Sets.lean:10:0: * '  ':\nDouble spaces are not allowed.\n\n\nNote: This linter can be disabled with `set_option linter.style.header false`",
   "level": "warning"},
  {"message":
   "SSExactMajority/Convergence/Sets.lean:22:26: * ' and ':\nPlease, do not use 'and'; use ',' instead.\n\n\nNote: This linter can be disabled with `set_option linter.style.header false`",
   "level": "warning"},
  {"message":
   "SSExactMajority/Convergence/Sets.lean:7:19: * '.':\nPlease, do not end the authors' line with a period.\n\n\nNote: This linter can be disabled with `set_option linter.style.header false`",
   "level": "warning"},
  {"message":
   "SSExactMajority/Convergence/Sets.lean:28:0: The module doc-string for a file should be the first command after the imports.\nPlease, add a module doc-string before `/-- `Sout` of Kanaya et al.: every agent's `.answer` equals the exact\nmajority opinion. -/\ndef InSout (C : Config (AgentState n) Opinion n) : Prop :=\n  ∀ v, (C v).1.answer = majorityAnswer C`.\n\nNote: This linter can be disabled with `set_option linter.style.header false`",
   "level": "warning"},
  {"message":
   "SSExactMajority/Convergence/Sets.lean:49:73: The syntax is now `structure S : Type extends P` rather than `structure S extends P : Type`\n\nNote: The purpose of this change is to accommodate `structure S extends toP : P` syntax for naming parent projections.",
   "level": "warning"},
  {"message":
   "SSExactMajority/Convergence/Sets.lean:2:18: * '. All rights reserved.':\n'Copyright (c) YYYY' should be followed by a space\n\n\nNote: This linter can be disabled with `set_option linter.style.header false`",
   "level": "warning"},
  {"message":
   "SSExactMajority/Convergence/Sets.lean:4:0: * '\n# Configuration Sets along the Stabilization Chain\n\nFollowing Section 5.2.1 of Kanaya et al. (2025), the convergence proof\nof P_EM proceeds along a chain of configuration sets:\n\n  Call ⊃ Srank ⊃ Sswap ⊃ Stim ⊃ Sem\n\nwhere:\n\n  * `Srank` = all agents Settled with bijective ranks;\n  * `Sswap` = `Srank` with A-inputs below B-inputs (rank-sorted);\n  * `Sout`  = all agents' `.answer` equals the exact-majority opinion;\n  * `Stim`  = `Sswap ∩ Sout`;\n  * `Sem`   = `Stim` with median agent's `.timer` = 0 (fully silent).\n\nOur existing `IsConsensusConfig` corresponds exactly to `Stim`.\n\nThis file defines the sets and proves the basic identifications.':\nIf an authors line spans multiple lines, each line but the last must end with a trailing comma\n\n\nNote: This linter can be disabled with `set_option linter.style.header false`",
   "level": "warning"},
  {"message":
   "SSExactMajority/Convergence/Sets.lean:4:0: * '\n# Config':\nThe authors line should begin with 'Authors: '\n\n\nNote: This linter can be disabled with `set_option linter.style.header false`",
   "level": "warning"},
  {"message":
   "SSExactMajority/Convergence/Sets.lean:10:0: * '  ':\nDouble spaces are not allowed.\n\n\nNote: This linter can be disabled with `set_option linter.style.header false`",
   "level": "warning"},
  {"message":
   "SSExactMajority/Convergence/Sets.lean:22:26: * ' and ':\nPlease, do not use 'and'; use ',' instead.\n\n\nNote: This linter can be disabled with `set_option linter.style.header false`",
   "level": "warning"},
  {"message":
   "SSExactMajority/Convergence/Sets.lean:7:19: * '.':\nPlease, do not end the authors' line with a period.\n\n\nNote: This linter can be disabled with `set_option linter.style.header false`",
   "level": "warning"},
  {"message":
   "SSExactMajority/Convergence/Sets.lean:28:0: The module doc-string for a file should be the first command after the imports.\nPlease, add a module doc-string before `/-- `Stim = Sswap ∩ Sout` of Kanaya et al.: rank-sorted, all-answers-correct. -/\nstructure InStim (C : Config (AgentState n) Opinion n) extends InSswap C : Prop where\n  allAnswerCorrect : InSout C`.\n\nNote: This linter can be disabled with `set_option linter.style.header false`",
   "level": "warning"},
  {"message":
   "SSExactMajority/Convergence/Sets.lean:2:18: * '. All rights reserved.':\n'Copyright (c) YYYY' should be followed by a space\n\n\nNote: This linter can be disabled with `set_option linter.style.header false`",
   "level": "warning"},
  {"message":
   "SSExactMajority/Convergence/Sets.lean:4:0: * '\n# Configuration Sets along the Stabilization Chain\n\nFollowing Section 5.2.1 of Kanaya et al. (2025), the convergence proof\nof P_EM proceeds along a chain of configuration sets:\n\n  Call ⊃ Srank ⊃ Sswap ⊃ Stim ⊃ Sem\n\nwhere:\n\n  * `Srank` = all agents Settled with bijective ranks;\n  * `Sswap` = `Srank` with A-inputs below B-inputs (rank-sorted);\n  * `Sout`  = all agents' `.answer` equals the exact-majority opinion;\n  * `Stim`  = `Sswap ∩ Sout`;\n  * `Sem`   = `Stim` with median agent's `.timer` = 0 (fully silent).\n\nOur existing `IsConsensusConfig` corresponds exactly to `Stim`.\n\nThis file defines the sets and proves the basic identifications.':\nIf an authors line spans multiple lines, each line but the last must end with a trailing comma\n\n\nNote: This linter can be disabled with `set_option linter.style.header false`",
   "level": "warning"},
  {"message":
   "SSExactMajority/Convergence/Sets.lean:4:0: * '\n# Config':\nThe authors line should begin with 'Authors: '\n\n\nNote: This linter can be disabled with `set_option linter.style.header false`",
   "level": "warning"},
  {"message":
   "SSExactMajority/Convergence/Sets.lean:10:0: * '  ':\nDouble spaces are not allowed.\n\n\nNote: This linter can be disabled with `set_option linter.style.header false`",
   "level": "warning"},
  {"message":
   "SSExactMajority/Convergence/Sets.lean:22:26: * ' and ':\nPlease, do not use 'and'; use ',' instead.\n\n\nNote: This linter can be disabled with `set_option linter.style.header false`",
   "level": "warning"},
  {"message":
   "SSExactMajority/Convergence/Sets.lean:7:19: * '.':\nPlease, do not end the authors' line with a period.\n\n\nNote: This linter can be disabled with `set_option linter.style.header false`",
   "level": "warning"},
  {"message":
   "SSExactMajority/Convergence/Sets.lean:28:0: The module doc-string for a file should be the first command after the imports.\nPlease, add a module doc-string before `/-- `Stim` is the same predicate as `IsConsensusConfig`. -/\ntheorem InStim_iff_IsConsensusConfig (C : Config (AgentState n) Opinion n) : InStim C ↔ IsConsensusConfig C\n    where\n  mp := fun h => ⟨h.allSettled, h.ranks_inj, h.input_rank, h.allAnswerCorrect⟩\n  mpr := fun h => ⟨⟨⟨h.allSettled, h.ranks_inj⟩, h.input_rank⟩, h.allAnswerCorrect⟩`.\n\nNote: This linter can be disabled with `set_option linter.style.header false`",
   "level": "warning"},
  {"message":
   "SSExactMajority/Convergence/Sets.lean:61:71: The syntax is now `structure S : Type extends P` rather than `structure S extends P : Type`\n\nNote: The purpose of this change is to accommodate `structure S extends toP : P` syntax for naming parent projections.",
   "level": "warning"},
  {"message":
   "SSExactMajority/Convergence/Sets.lean:2:18: * '. All rights reserved.':\n'Copyright (c) YYYY' should be followed by a space\n\n\nNote: This linter can be disabled with `set_option linter.style.header false`",
   "level": "warning"},
  {"message":
   "SSExactMajority/Convergence/Sets.lean:4:0: * '\n# Configuration Sets along the Stabilization Chain\n\nFollowing Section 5.2.1 of Kanaya et al. (2025), the convergence proof\nof P_EM proceeds along a chain of configuration sets:\n\n  Call ⊃ Srank ⊃ Sswap ⊃ Stim ⊃ Sem\n\nwhere:\n\n  * `Srank` = all agents Settled with bijective ranks;\n  * `Sswap` = `Srank` with A-inputs below B-inputs (rank-sorted);\n  * `Sout`  = all agents' `.answer` equals the exact-majority opinion;\n  * `Stim`  = `Sswap ∩ Sout`;\n  * `Sem`   = `Stim` with median agent's `.timer` = 0 (fully silent).\n\nOur existing `IsConsensusConfig` corresponds exactly to `Stim`.\n\nThis file defines the sets and proves the basic identifications.':\nIf an authors line spans multiple lines, each line but the last must end with a trailing comma\n\n\nNote: This linter can be disabled with `set_option linter.style.header false`",
   "level": "warning"},
  {"message":
   "SSExactMajority/Convergence/Sets.lean:4:0: * '\n# Config':\nThe authors line should begin with 'Authors: '\n\n\nNote: This linter can be disabled with `set_option linter.style.header false`",
   "level": "warning"},
  {"message":
   "SSExactMajority/Convergence/Sets.lean:10:0: * '  ':\nDouble spaces are not allowed.\n\n\nNote: This linter can be disabled with `set_option linter.style.header false`",
   "level": "warning"},
  {"message":
   "SSExactMajority/Convergence/Sets.lean:22:26: * ' and ':\nPlease, do not use 'and'; use ',' instead.\n\n\nNote: This linter can be disabled with `set_option linter.style.header false`",
   "level": "warning"},
  {"message":
   "SSExactMajority/Convergence/Sets.lean:7:19: * '.':\nPlease, do not end the authors' line with a period.\n\n\nNote: This linter can be disabled with `set_option linter.style.header false`",
   "level": "warning"},
  {"message":
   "SSExactMajority/Convergence/Sets.lean:28:0: The module doc-string for a file should be the first command after the imports.\nPlease, add a module doc-string before `/-- `Sem` of Kanaya et al.: a `Stim` configuration in which the median\nagent's `.timer` is `0`. (At an `Sem` configuration, no agent ever\nchanges state — fully silent.) -/\nstructure InSem (C : Config (AgentState n) Opinion n) extends InStim C : Prop where\n  median_timer_zero : ∀ v, (C v).1.rank.val + 1 = ceilHalf n → (C v).1.timer = 0`.\n\nNote: This linter can be disabled with `set_option linter.style.header false`",
   "level": "warning"},
  {"message":
   "SSExactMajority/Convergence/Sets.lean:2:18: * '. All rights reserved.':\n'Copyright (c) YYYY' should be followed by a space\n\n\nNote: This linter can be disabled with `set_option linter.style.header false`",
   "level": "warning"},
  {"message":
   "SSExactMajority/Convergence/Sets.lean:4:0: * '\n# Configuration Sets along the Stabilization Chain\n\nFollowing Section 5.2.1 of Kanaya et al. (2025), the convergence proof\nof P_EM proceeds along a chain of configuration sets:\n\n  Call ⊃ Srank ⊃ Sswap ⊃ Stim ⊃ Sem\n\nwhere:\n\n  * `Srank` = all agents Settled with bijective ranks;\n  * `Sswap` = `Srank` with A-inputs below B-inputs (rank-sorted);\n  * `Sout`  = all agents' `.answer` equals the exact-majority opinion;\n  * `Stim`  = `Sswap ∩ Sout`;\n  * `Sem`   = `Stim` with median agent's `.timer` = 0 (fully silent).\n\nOur existing `IsConsensusConfig` corresponds exactly to `Stim`.\n\nThis file defines the sets and proves the basic identifications.':\nIf an authors line spans multiple lines, each line but the last must end with a trailing comma\n\n\nNote: This linter can be disabled with `set_option linter.style.header false`",
   "level": "warning"},
  {"message":
   "SSExactMajority/Convergence/Sets.lean:4:0: * '\n# Config':\nThe authors line should begin with 'Authors: '\n\n\nNote: This linter can be disabled with `set_option linter.style.header false`",
   "level": "warning"},
  {"message":
   "SSExactMajority/Convergence/Sets.lean:10:0: * '  ':\nDouble spaces are not allowed.\n\n\nNote: This linter can be disabled with `set_option linter.style.header false`",
   "level": "warning"},
  {"message":
   "SSExactMajority/Convergence/Sets.lean:22:26: * ' and ':\nPlease, do not use 'and'; use ',' instead.\n\n\nNote: This linter can be disabled with `set_option linter.style.header false`",
   "level": "warning"},
  {"message":
   "SSExactMajority/Convergence/Sets.lean:7:19: * '.':\nPlease, do not end the authors' line with a period.\n\n\nNote: This linter can be disabled with `set_option linter.style.header false`",
   "level": "warning"},
  {"message":
   "SSExactMajority/Convergence/Sets.lean:28:0: The module doc-string for a file should be the first command after the imports.\nPlease, add a module doc-string before `/--\nA consensus configuration's median agent has rank exactly `ceilHalf n − 1`. -/\ntheorem IsConsensusConfig.exists_median {C : Config (AgentState n) Opinion n} (hC : IsConsensusConfig C) (hn : n > 0) :\n    ∃ v, (C v).1.rank.val + 1 = ceilHalf n :=\n  by\n  have hsurj : Function.Surjective (fun v => (C v).1.rank) := Finite.injective_iff_surjective.mp hC.ranks_inj\n  have : ceilHalf n - 1 < n := by have := ceilHalf_le n; have := ceilHalf_pos hn; omega\n  obtain ⟨v, hv⟩ := hsurj ⟨ceilHalf n - 1, this⟩\n  refine ⟨v, ?_⟩\n  have hpos : ceilHalf n > 0 := ceilHalf_pos hn\n  have h_rank_val : (C v).1.rank.val = ceilHalf n - 1 := congrArg Fin.val hv\n  omega`.\n\nNote: This linter can be disabled with `set_option linter.style.header false`",
   "level": "warning"},
  {"message":
   "SSExactMajority/Convergence/Sets.lean:2:18: * '. All rights reserved.':\n'Copyright (c) YYYY' should be followed by a space\n\n\nNote: This linter can be disabled with `set_option linter.style.header false`",
   "level": "warning"},
  {"message":
   "SSExactMajority/Convergence/Sets.lean:4:0: * '\n# Configuration Sets along the Stabilization Chain\n\nFollowing Section 5.2.1 of Kanaya et al. (2025), the convergence proof\nof P_EM proceeds along a chain of configuration sets:\n\n  Call ⊃ Srank ⊃ Sswap ⊃ Stim ⊃ Sem\n\nwhere:\n\n  * `Srank` = all agents Settled with bijective ranks;\n  * `Sswap` = `Srank` with A-inputs below B-inputs (rank-sorted);\n  * `Sout`  = all agents' `.answer` equals the exact-majority opinion;\n  * `Stim`  = `Sswap ∩ Sout`;\n  * `Sem`   = `Stim` with median agent's `.timer` = 0 (fully silent).\n\nOur existing `IsConsensusConfig` corresponds exactly to `Stim`.\n\nThis file defines the sets and proves the basic identifications.':\nIf an authors line spans multiple lines, each line but the last must end with a trailing comma\n\n\nNote: This linter can be disabled with `set_option linter.style.header false`",
   "level": "warning"},
  {"message":
   "SSExactMajority/Convergence/Sets.lean:4:0: * '\n# Config':\nThe authors line should begin with 'Authors: '\n\n\nNote: This linter can be disabled with `set_option linter.style.header false`",
   "level": "warning"},
  {"message":
   "SSExactMajority/Convergence/Sets.lean:10:0: * '  ':\nDouble spaces are not allowed.\n\n\nNote: This linter can be disabled with `set_option linter.style.header false`",
   "level": "warning"},
  {"message":
   "SSExactMajority/Convergence/Sets.lean:22:26: * ' and ':\nPlease, do not use 'and'; use ',' instead.\n\n\nNote: This linter can be disabled with `set_option linter.style.header false`",
   "level": "warning"},
  {"message":
   "SSExactMajority/Convergence/Sets.lean:7:19: * '.':\nPlease, do not end the authors' line with a period.\n\n\nNote: This linter can be disabled with `set_option linter.style.header false`",
   "level": "warning"},
  {"message":
   "SSExactMajority/Convergence/Sets.lean:28:0: The module doc-string for a file should be the first command after the imports.\nPlease, add a module doc-string before `/-- The same existence claim for an `InSrank` configuration (which has the\nsame `ranks_inj` field). -/\ntheorem InSrank.exists_median {C : Config (AgentState n) Opinion n} (hC : InSrank C) (hn : n > 0) :\n    ∃ v, (C v).1.rank.val + 1 = ceilHalf n :=\n  by\n  have hsurj : Function.Surjective (fun v => (C v).1.rank) := Finite.injective_iff_surjective.mp hC.ranks_inj\n  have : ceilHalf n - 1 < n := by have := ceilHalf_le n; have := ceilHalf_pos hn; omega\n  obtain ⟨v, hv⟩ := hsurj ⟨ceilHalf n - 1, this⟩\n  refine ⟨v, ?_⟩\n  have hpos : ceilHalf n > 0 := ceilHalf_pos hn\n  have h_rank_val : (C v).1.rank.val = ceilHalf n - 1 := congrArg Fin.val hv\n  omega`.\n\nNote: This linter can be disabled with `set_option linter.style.header false`",
   "level": "warning"},
  {"message":
   "SSExactMajority/Convergence/Sets.lean:2:18: * '. All rights reserved.':\n'Copyright (c) YYYY' should be followed by a space\n\n\nNote: This linter can be disabled with `set_option linter.style.header false`",
   "level": "warning"},
  {"message":
   "SSExactMajority/Convergence/Sets.lean:4:0: * '\n# Configuration Sets along the Stabilization Chain\n\nFollowing Section 5.2.1 of Kanaya et al. (2025), the convergence proof\nof P_EM proceeds along a chain of configuration sets:\n\n  Call ⊃ Srank ⊃ Sswap ⊃ Stim ⊃ Sem\n\nwhere:\n\n  * `Srank` = all agents Settled with bijective ranks;\n  * `Sswap` = `Srank` with A-inputs below B-inputs (rank-sorted);\n  * `Sout`  = all agents' `.answer` equals the exact-majority opinion;\n  * `Stim`  = `Sswap ∩ Sout`;\n  * `Sem`   = `Stim` with median agent's `.timer` = 0 (fully silent).\n\nOur existing `IsConsensusConfig` corresponds exactly to `Stim`.\n\nThis file defines the sets and proves the basic identifications.':\nIf an authors line spans multiple lines, each line but the last must end with a trailing comma\n\n\nNote: This linter can be disabled with `set_option linter.style.header false`",
   "level": "warning"},
  {"message":
   "SSExactMajority/Convergence/Sets.lean:4:0: * '\n# Config':\nThe authors line should begin with 'Authors: '\n\n\nNote: This linter can be disabled with `set_option linter.style.header false`",
   "level": "warning"},
  {"message":
   "SSExactMajority/Convergence/Sets.lean:10:0: * '  ':\nDouble spaces are not allowed.\n\n\nNote: This linter can be disabled with `set_option linter.style.header false`",
   "level": "warning"},
  {"message":
   "SSExactMajority/Convergence/Sets.lean:22:26: * ' and ':\nPlease, do not use 'and'; use ',' instead.\n\n\nNote: This linter can be disabled with `set_option linter.style.header false`",
   "level": "warning"},
  {"message":
   "SSExactMajority/Convergence/Sets.lean:7:19: * '.':\nPlease, do not end the authors' line with a period.\n\n\nNote: This linter can be disabled with `set_option linter.style.header false`",
   "level": "warning"},
  {"message":
   "SSExactMajority/Convergence/Sets.lean:28:0: The module doc-string for a file should be the first command after the imports.\nPlease, add a module doc-string before `end SSEM`.\n\nNote: This linter can be disabled with `set_option linter.style.header false`",
   "level": "warning"},
  {"message":
   "SSExactMajority/Convergence/Sets.lean:2:18: * '. All rights reserved.':\n'Copyright (c) YYYY' should be followed by a space\n\n\nNote: This linter can be disabled with `set_option linter.style.header false`",
   "level": "warning"},
  {"message":
   "SSExactMajority/Convergence/Sets.lean:4:0: * '\n# Configuration Sets along the Stabilization Chain\n\nFollowing Section 5.2.1 of Kanaya et al. (2025), the convergence proof\nof P_EM proceeds along a chain of configuration sets:\n\n  Call ⊃ Srank ⊃ Sswap ⊃ Stim ⊃ Sem\n\nwhere:\n\n  * `Srank` = all agents Settled with bijective ranks;\n  * `Sswap` = `Srank` with A-inputs below B-inputs (rank-sorted);\n  * `Sout`  = all agents' `.answer` equals the exact-majority opinion;\n  * `Stim`  = `Sswap ∩ Sout`;\n  * `Sem`   = `Stim` with median agent's `.timer` = 0 (fully silent).\n\nOur existing `IsConsensusConfig` corresponds exactly to `Stim`.\n\nThis file defines the sets and proves the basic identifications.':\nIf an authors line spans multiple lines, each line but the last must end with a trailing comma\n\n\nNote: This linter can be disabled with `set_option linter.style.header false`",
   "level": "warning"},
  {"message":
   "SSExactMajority/Convergence/Sets.lean:4:0: * '\n# Config':\nThe authors line should begin with 'Authors: '\n\n\nNote: This linter can be disabled with `set_option linter.style.header false`",
   "level": "warning"},
  {"message":
   "SSExactMajority/Convergence/Sets.lean:10:0: * '  ':\nDouble spaces are not allowed.\n\n\nNote: This linter can be disabled with `set_option linter.style.header false`",
   "level": "warning"},
  {"message":
   "SSExactMajority/Convergence/Sets.lean:22:26: * ' and ':\nPlease, do not use 'and'; use ',' instead.\n\n\nNote: This linter can be disabled with `set_option linter.style.header false`",
   "level": "warning"},
  {"message":
   "SSExactMajority/Convergence/Sets.lean:7:19: * '.':\nPlease, do not end the authors' line with a period.\n\n\nNote: This linter can be disabled with `set_option linter.style.header false`",
   "level": "warning"},
  {"message":
   "SSExactMajority/Convergence/Sets.lean:28:0: The module doc-string for a file should be the first command after the imports.\nPlease, add a module doc-string before ``.\n\nNote: This linter can be disabled with `set_option linter.style.header false`",
   "level": "warning"}],
 "inputs":
 [["SSExactMajority.Convergence.Sets:deps",
   [["deps",
     [["SSExactMajority/SSExactMajority:extraDep",
       [["@SSExactMajority:extraDep", "00000000000006bb"]]],
      ["imports",
       [["SSExactMajority.Convergence.Step transitive imports (legacy)",
         "16cb214aad20063d"],
        ["SSExactMajority.Convergence.Step:importAllArts", "5265502baba02b33"],
        ["Mathlib.Data.Fintype.EquivFin transitive imports (legacy)",
         "247bf752e1fde573"],
        ["Mathlib.Data.Fintype.EquivFin:importAllArts", "0277d7039bd6fc1c"]]]]],
    ["libs",
     [["import dynlibs", "00000000000006bb"],
      ["package external libraries", "00000000000006bb"],
      ["module dynlibs", "00000000000006bb"],
      ["module plugins", "00000000000006bb"]]]]],
  ["Lean 4.30.0, commit d024af099ca4bf2c86f649261ebf59565dc8c622",
   "2f4703bb19086252"],
  ["/data/home/xhuan5/repos/SSExactMajority/SSExactMajority/Convergence/Sets.lean",
   "6cf43bcc32c94210"],
  ["options",
   [["-Dweak.linter.mathlibStandardSet=true", "8a155799906f2b42"],
    ["-DrelaxedAutoImplicit=false", "74a2b5546b55be80"],
    ["-Dpp.unicode.fun=true", "9b94070140457fab"]]],
  ["isModule: false", "feefd2a0d3a1847e"],
  ["Module.name: SSExactMajority.Convergence.Sets", "8a3663b864622807"],
  ["Package.id?: (some SSExactMajority)", "216f9e708503a682"],
  ["Module.leanArgs: #[]", "00000000000006bb"]],
 "depHash": "5800f2461b59cfc5"}