{"synthetic": false,
 "schemaVersion": "2025-09-10",
 "outputs":
 {"o": ["93883ddaa7b103c6.olean"],
  "i": "f9891f26eeed89c4.ilean",
  "c": "496f253002a86ab1.c"},
 "log":
 [{"message":
   ".> LEAN_PATH=/data/home/xhuan5/repos/SSExactMajority/.lake/packages/Cli/.lake/build/lib/lean:/data/home/xhuan5/repos/SSExactMajority/.lake/packages/batteries/.lake/build/lib/lean:/data/home/xhuan5/repos/SSExactMajority/.lake/packages/Qq/.lake/build/lib/lean:/data/home/xhuan5/repos/SSExactMajority/.lake/packages/aesop/.lake/build/lib/lean:/data/home/xhuan5/repos/SSExactMajority/.lake/packages/proofwidgets/.lake/build/lib/lean:/data/home/xhuan5/repos/SSExactMajority/.lake/packages/importGraph/.lake/build/lib/lean:/data/home/xhuan5/repos/SSExactMajority/.lake/packages/LeanSearchClient/.lake/build/lib/lean:/data/home/xhuan5/repos/SSExactMajority/.lake/packages/plausible/.lake/build/lib/lean:/data/home/xhuan5/repos/SSExactMajority/.lake/packages/mathlib/.lake/build/lib/lean:/data/home/xhuan5/repos/SSExactMajority/.lake/build/lib/lean /data/home/xhuan5/.elan/toolchains/leanprover--lean4---v4.27.0/bin/lean /data/home/xhuan5/repos/SSExactMajority/SSExactMajority/Convergence/Silent.lean -o /data/home/xhuan5/repos/SSExactMajority/.lake/build/lib/lean/SSExactMajority/Convergence/Silent.olean -i /data/home/xhuan5/repos/SSExactMajority/.lake/build/lib/lean/SSExactMajority/Convergence/Silent.ilean -c /data/home/xhuan5/repos/SSExactMajority/.lake/build/ir/SSExactMajority/Convergence/Silent.c --setup /data/home/xhuan5/repos/SSExactMajority/.lake/build/ir/SSExactMajority/Convergence/Silent.setup.json --json",
   "level": "trace"}],
 "inputs":
 [["SSExactMajority.Convergence.Silent:deps",
   [["deps",
     [["SSExactMajority/SSExactMajority:extraDep",
       [["@SSExactMajority:extraDep", "00000000000006bb"]]],
      ["imports",
       [["SSExactMajority.Protocol.Correctness transitive imports (legacy)",
         "b6410f21e71d2c14"],
        ["SSExactMajority.Protocol.Correctness:importAllArts",
         "32c171be0f3a86fd"],
        ["SSExactMajority.Defs.Execution transitive imports (legacy)",
         "b264f78d4e355404"],
        ["SSExactMajority.Defs.Execution:importAllArts", "07f7b0fcfa0a60db"],
        ["Mathlib.Data.Finset.Card transitive imports (legacy)",
         "68b38e56b1aa328f"],
        ["Mathlib.Data.Finset.Card:importAllArts", "dfd1b2e7b41d681f"],
        ["Mathlib.Data.Fintype.Card transitive imports (legacy)",
         "cb29bcc909f6d15d"],
        ["Mathlib.Data.Fintype.Card:importAllArts", "56ca565ee446728b"]]]]],
    ["libs",
     [["import dynlibs", "00000000000006bb"],
      ["package external libraries", "00000000000006bb"],
      ["module dynlibs", "00000000000006bb"],
      ["module plugins", "00000000000006bb"]]]]],
  ["Lean 4.27.0, commit db93fe1608548721853390a10cd40580fe7d22ae",
   "9a2be90fd35343e5"],
  ["/data/home/xhuan5/repos/SSExactMajority/SSExactMajority/Convergence/Silent.lean",
   "50214067a4aa8730"],
  ["options",
   [["-Dweak.linter.mathlibStandardSet=true", "8a155799906f2b42"],
    ["-DrelaxedAutoImplicit=false", "74a2b5546b55be80"],
    ["-Dpp.unicode.fun=true", "9b94070140457fab"]]],
  ["Module.leanArgs: #[]", "00000000000006bb"]],
 "depHash": "ff9b4007f6e8e8ab"}