{"synthetic": false,
 "schemaVersion": "2025-09-10",
 "outputs":
 {"o": ["b4097225304cdd0f.olean"],
  "m": false,
  "i": "64043c6c9ed13db0.ilean",
  "c": "c03d617309cab6d1.c"},
 "log":
 [{"message":
   ".> LEAN_PATH=/data/home/xhuan5/repos/SSExactMajority/.lake/packages/Cli/.lake/build/lib/lean:/data/home/xhuan5/repos/SSExactMajority/.lake/packages/batteries/.lake/build/lib/lean:/data/home/xhuan5/repos/SSExactMajority/.lake/packages/Qq/.lake/build/lib/lean:/data/home/xhuan5/repos/SSExactMajority/.lake/packages/aesop/.lake/build/lib/lean:/data/home/xhuan5/repos/SSExactMajority/.lake/packages/proofwidgets/.lake/build/lib/lean:/data/home/xhuan5/repos/SSExactMajority/.lake/packages/importGraph/.lake/build/lib/lean:/data/home/xhuan5/repos/SSExactMajority/.lake/packages/LeanSearchClient/.lake/build/lib/lean:/data/home/xhuan5/repos/SSExactMajority/.lake/packages/plausible/.lake/build/lib/lean:/data/home/xhuan5/repos/SSExactMajority/.lake/packages/mathlib/.lake/build/lib/lean:/data/home/xhuan5/repos/SSExactMajority/.lake/build/lib/lean /data/home/xhuan5/.elan/toolchains/leanprover--lean4---v4.30.0/bin/lean /data/home/xhuan5/repos/SSExactMajority/SSExactMajority/Convergence/SwapVMedian.lean -o /data/home/xhuan5/repos/SSExactMajority/.lake/build/lib/lean/SSExactMajority/Convergence/SwapVMedian.olean -i /data/home/xhuan5/repos/SSExactMajority/.lake/build/lib/lean/SSExactMajority/Convergence/SwapVMedian.ilean -c /data/home/xhuan5/repos/SSExactMajority/.lake/build/ir/SSExactMajority/Convergence/SwapVMedian.c --setup /data/home/xhuan5/repos/SSExactMajority/.lake/build/ir/SSExactMajority/Convergence/SwapVMedian.setup.json --json",
   "level": "trace"},
  {"message":
   "SSExactMajority/Convergence/SwapVMedian.lean:2:18: * '. All rights reserved.':\n'Copyright (c) YYYY' should be followed by a space\n\n\nNote: This linter can be disabled with `set_option linter.style.header false`",
   "level": "warning"},
  {"message":
   "SSExactMajority/Convergence/SwapVMedian.lean:4:0: * '\n# Swap-step at v-at-Median Misorder Pairs\n\nCompanion to the four `swap_step_decreases_at_misorder_u_*` lemmas in\n`RankPreservation.lean`.  Those handle the case where the FIRST agent\nof the misorder pair (`u`) is at the median rank.  Here we cover the\nmirror case where the SECOND agent (`v`) is at the median rank.\n\nConcretely, for a misorder pair `(u, v)` with `(C u).1.rank.val < (C v).1.rank.val`,`(C u).2 = .B`, `(C v).2 = .A`:\n  - If `v` is at the median rank, then after swap fires the post-swap\n    `b₀ = (C v).1` (now positionally first but still at rank median)\n    triggers the propagation phase's median branch.\n\nSingle-step lemma proved here (odd n, v at median, u not at min, timer ≥ 1):\n`swap_step_decreases_at_misorder_v_median_odd`.':\nIf an authors line spans multiple lines, each line but the last must end with a trailing comma\n\n\nNote: This linter can be disabled with `set_option linter.style.header false`",
   "level": "warning"},
  {"message":
   "SSExactMajority/Convergence/SwapVMedian.lean:4:0: * '\n# Swap-s':\nThe authors line should begin with 'Authors: '\n\n\nNote: This linter can be disabled with `set_option linter.style.header false`",
   "level": "warning"},
  {"message":
   "SSExactMajority/Convergence/SwapVMedian.lean:8:24: * '  ':\nDouble spaces are not allowed.\n\n\nNote: This linter can be disabled with `set_option linter.style.header false`",
   "level": "warning"},
  {"message":
   "SSExactMajority/Convergence/SwapVMedian.lean:8:17: * '.':\nPlease, do not end the authors' line with a period.\n\n\nNote: This linter can be disabled with `set_option linter.style.header false`",
   "level": "warning"},
  {"message":
   "SSExactMajority/Convergence/SwapVMedian.lean:24:0: The module doc-string for a file should be the first command after the imports.\nPlease, add a module doc-string before `namespace SSEM`.\n\nNote: This linter can be disabled with `set_option linter.style.header false`",
   "level": "warning"},
  {"message":
   "SSExactMajority/Convergence/SwapVMedian.lean:2:18: * '. All rights reserved.':\n'Copyright (c) YYYY' should be followed by a space\n\n\nNote: This linter can be disabled with `set_option linter.style.header false`",
   "level": "warning"},
  {"message":
   "SSExactMajority/Convergence/SwapVMedian.lean:4:0: * '\n# Swap-step at v-at-Median Misorder Pairs\n\nCompanion to the four `swap_step_decreases_at_misorder_u_*` lemmas in\n`RankPreservation.lean`.  Those handle the case where the FIRST agent\nof the misorder pair (`u`) is at the median rank.  Here we cover the\nmirror case where the SECOND agent (`v`) is at the median rank.\n\nConcretely, for a misorder pair `(u, v)` with `(C u).1.rank.val < (C v).1.rank.val`,`(C u).2 = .B`, `(C v).2 = .A`:\n  - If `v` is at the median rank, then after swap fires the post-swap\n    `b₀ = (C v).1` (now positionally first but still at rank median)\n    triggers the propagation phase's median branch.\n\nSingle-step lemma proved here (odd n, v at median, u not at min, timer ≥ 1):\n`swap_step_decreases_at_misorder_v_median_odd`.':\nIf an authors line spans multiple lines, each line but the last must end with a trailing comma\n\n\nNote: This linter can be disabled with `set_option linter.style.header false`",
   "level": "warning"},
  {"message":
   "SSExactMajority/Convergence/SwapVMedian.lean:4:0: * '\n# Swap-s':\nThe authors line should begin with 'Authors: '\n\n\nNote: This linter can be disabled with `set_option linter.style.header false`",
   "level": "warning"},
  {"message":
   "SSExactMajority/Convergence/SwapVMedian.lean:8:24: * '  ':\nDouble spaces are not allowed.\n\n\nNote: This linter can be disabled with `set_option linter.style.header false`",
   "level": "warning"},
  {"message":
   "SSExactMajority/Convergence/SwapVMedian.lean:8:17: * '.':\nPlease, do not end the authors' line with a period.\n\n\nNote: This linter can be disabled with `set_option linter.style.header false`",
   "level": "warning"},
  {"message":
   "SSExactMajority/Convergence/SwapVMedian.lean:24:0: The module doc-string for a file should be the first command after the imports.\nPlease, add a module doc-string before `variable {n : ℕ}`.\n\nNote: This linter can be disabled with `set_option linter.style.header false`",
   "level": "warning"},
  {"message":
   "SSExactMajority/Convergence/SwapVMedian.lean:2:18: * '. All rights reserved.':\n'Copyright (c) YYYY' should be followed by a space\n\n\nNote: This linter can be disabled with `set_option linter.style.header false`",
   "level": "warning"},
  {"message":
   "SSExactMajority/Convergence/SwapVMedian.lean:4:0: * '\n# Swap-step at v-at-Median Misorder Pairs\n\nCompanion to the four `swap_step_decreases_at_misorder_u_*` lemmas in\n`RankPreservation.lean`.  Those handle the case where the FIRST agent\nof the misorder pair (`u`) is at the median rank.  Here we cover the\nmirror case where the SECOND agent (`v`) is at the median rank.\n\nConcretely, for a misorder pair `(u, v)` with `(C u).1.rank.val < (C v).1.rank.val`,`(C u).2 = .B`, `(C v).2 = .A`:\n  - If `v` is at the median rank, then after swap fires the post-swap\n    `b₀ = (C v).1` (now positionally first but still at rank median)\n    triggers the propagation phase's median branch.\n\nSingle-step lemma proved here (odd n, v at median, u not at min, timer ≥ 1):\n`swap_step_decreases_at_misorder_v_median_odd`.':\nIf an authors line spans multiple lines, each line but the last must end with a trailing comma\n\n\nNote: This linter can be disabled with `set_option linter.style.header false`",
   "level": "warning"},
  {"message":
   "SSExactMajority/Convergence/SwapVMedian.lean:4:0: * '\n# Swap-s':\nThe authors line should begin with 'Authors: '\n\n\nNote: This linter can be disabled with `set_option linter.style.header false`",
   "level": "warning"},
  {"message":
   "SSExactMajority/Convergence/SwapVMedian.lean:8:24: * '  ':\nDouble spaces are not allowed.\n\n\nNote: This linter can be disabled with `set_option linter.style.header false`",
   "level": "warning"},
  {"message":
   "SSExactMajority/Convergence/SwapVMedian.lean:8:17: * '.':\nPlease, do not end the authors' line with a period.\n\n\nNote: This linter can be disabled with `set_option linter.style.header false`",
   "level": "warning"},
  {"message":
   "SSExactMajority/Convergence/SwapVMedian.lean:24:0: The module doc-string for a file should be the first command after the imports.\nPlease, add a module doc-string before `/-- Specific case: odd `n`, `v` at median rank, `u` not at min rank\n(`(C u).1.rank.val ≠ 0` is automatic from `u.rank < v.rank` only if\n`v.rank > 0`; we need a separate condition that the inner timer-dec on\nthe post-swap b₁ does NOT fire), and `(C v).1.timer ≥ 1`.\n\nAfter swap: b₀ = (C v).1 at median, b₁ = (C u).1 at u's rank.\nPropagation: b₀ at median fires.  Inner timer-dec on b₀ checks\n`b₁.rank.val + 1 = n` — would fire if u is at max, impossible here\n(u.rank < v.rank ≤ n - 1, so u.rank ≤ n - 2 < n - 1 only if v.rank < n).\nWe require `(C v).1.rank.val + 1 ≠ n` (v not at max) so that even the\nworst-case bound on u.rank is < n - 1.  Actually for v at median and\nv.rank < n, we have u.rank < median ≤ n - 1, so u.rank.val + 1 ≤\nmedian ≤ n - 1 < n, so inner timer-dec does NOT fire.\n\nReset is blocked by timer ≥ 1.\n\nResult: `((C v).1 with answer := opinionToAnswer (C u).2, (C u).1)`. -/\ntheorem transitionPEM_at_misordered_v_median_odd {trank Rmax : ℕ}\n    {rankDelta : AgentState n × AgentState n → AgentState n × AgentState n} (hRank : RankDeltaSettledFix rankDelta)\n    {C : Config (AgentState n) Opinion n} (hC : InSrank C) {u v : Fin n} (hMis : MisorderedPair C (u, v))\n    (hpar : ¬n % 2 = 0) (hv_med : (C v).1.rank.val + 1 = ceilHalf n) (h_timer : 1 ≤ (C v).1.timer) :\n    transitionPEM n trank Rmax rankDelta (C u, C v) = ({ (C v).1 with answer := opinionToAnswer (C u).2 }, (C u).1) :=\n  by\n  obtain ⟨huB, hvA, hlt⟩ := hMis\n  have hsu : (C u).1.role = .Settled := hC.allSettled u\n  have hsv : (C v).1.role = .Settled := hC.allSettled v\n  have hRD : rankDelta ((C u).1, (C v).1) = ((C u).1, (C v).1) := hRank (C u).1 (C v).1 hsu hsv (ne_of_lt hlt)\n  have hswap : (C u).1.rank < (C v).1.rank ∧ (C u).2 = Opinion.B ∧ (C v).2 = Opinion.A :=\n    ⟨hlt, huB, hvA⟩\n      -- Post-swap: (b₀, b₁) = ((C v).1, (C u).1).\n        -- b₀.rank.val = (C v).1.rank.val = ceilHalf n - 1, so b₀ at median.\n        -- b₁.rank.val = (C u).1.rank.val.\n        -- Inner timer-dec checks b₁.rank.val + 1 = n.\n        -- u.rank < v.rank = ceilHalf n - 1 ≤ n - 2 (for n ≥ 2).\n        -- So u.rank.val ≤ ceilHalf n - 2.  u.rank.val + 1 ≤ ceilHalf n - 1.\n        -- For n ≥ 2: ceilHalf n - 1 ≤ n - 1 < n, so u.rank.val + 1 < n.\n      \n  have h_u_rank_lt : (C u).1.rank.val < (C v).1.rank.val := hlt\n  have h_v_rank_lt_n : (C v).1.rank.val < n := (C v).1.rank.isLt\n  have h_no_inner_B : ¬((C u).1.rank.val + 1 = n) := by\n    omega\n      -- u not at median: u.rank.val + 1 ≤ ceilHalf n - 1 < ceilHalf n.\n      \n  have h_u_not_med : ¬((C u).1.rank.val + 1 = ceilHalf n) := by\n    omega\n      -- b₀ at median = ceilHalf n - 1 (rank.val + 1 = ceilHalf n).\n        -- For propagation first branch (b₀ at median), this fires.\n      \n  unfold transitionPEM transitionPEM_phase4 transitionPEM_prePhase4 phase4_swap phase4_decide phase4_propagate\n  simp only [hRD, hsu, hsv, ne_eq, role_settled_ne_resetting, not_true_eq_false, not_false_eq_true, false_and,\n    and_false, if_false, and_self, if_true, hswap, hpar, hv_med, h_no_inner_B, h_u_not_med]\n    -- Reset is blocked: b₀.timer = (C v).1.timer ≥ 1, so timer ≠ 0.\n    \n  split_ifs with h\n  · exfalso; exact absurd h.1 (by omega)\n  · rfl`.\n\nNote: This linter can be disabled with `set_option linter.style.header false`",
   "level": "warning"},
  {"message":
   "SSExactMajority/Convergence/SwapVMedian.lean:28:0: Please, add a comment explaining the need for modifying the maxHeartbeat limit, as in\nset_option maxHeartbeats 8000000 in\n-- reason for change\n...\n\nNote: This linter can be disabled with `set_option linter.style.maxHeartbeats false`",
   "level": "warning"},
  {"message":
   "SSExactMajority/Convergence/SwapVMedian.lean:78:100: This line exceeds the 100 character limit, please shorten it!\n\nNote: This linter can be disabled with `set_option linter.style.longLine false`",
   "level": "warning"},
  {"message":
   "SSExactMajority/Convergence/SwapVMedian.lean:2:18: * '. All rights reserved.':\n'Copyright (c) YYYY' should be followed by a space\n\n\nNote: This linter can be disabled with `set_option linter.style.header false`",
   "level": "warning"},
  {"message":
   "SSExactMajority/Convergence/SwapVMedian.lean:4:0: * '\n# Swap-step at v-at-Median Misorder Pairs\n\nCompanion to the four `swap_step_decreases_at_misorder_u_*` lemmas in\n`RankPreservation.lean`.  Those handle the case where the FIRST agent\nof the misorder pair (`u`) is at the median rank.  Here we cover the\nmirror case where the SECOND agent (`v`) is at the median rank.\n\nConcretely, for a misorder pair `(u, v)` with `(C u).1.rank.val < (C v).1.rank.val`,`(C u).2 = .B`, `(C v).2 = .A`:\n  - If `v` is at the median rank, then after swap fires the post-swap\n    `b₀ = (C v).1` (now positionally first but still at rank median)\n    triggers the propagation phase's median branch.\n\nSingle-step lemma proved here (odd n, v at median, u not at min, timer ≥ 1):\n`swap_step_decreases_at_misorder_v_median_odd`.':\nIf an authors line spans multiple lines, each line but the last must end with a trailing comma\n\n\nNote: This linter can be disabled with `set_option linter.style.header false`",
   "level": "warning"},
  {"message":
   "SSExactMajority/Convergence/SwapVMedian.lean:4:0: * '\n# Swap-s':\nThe authors line should begin with 'Authors: '\n\n\nNote: This linter can be disabled with `set_option linter.style.header false`",
   "level": "warning"},
  {"message":
   "SSExactMajority/Convergence/SwapVMedian.lean:8:24: * '  ':\nDouble spaces are not allowed.\n\n\nNote: This linter can be disabled with `set_option linter.style.header false`",
   "level": "warning"},
  {"message":
   "SSExactMajority/Convergence/SwapVMedian.lean:8:17: * '.':\nPlease, do not end the authors' line with a period.\n\n\nNote: This linter can be disabled with `set_option linter.style.header false`",
   "level": "warning"},
  {"message":
   "SSExactMajority/Convergence/SwapVMedian.lean:24:0: The module doc-string for a file should be the first command after the imports.\nPlease, add a module doc-string before `/-- Role-Settled corollary at the v-at-median misorder pair. -/\ntheorem transitionPEM_role_settled_at_misorder_v_median_odd {trank Rmax : ℕ}\n    {rankDelta : AgentState n × AgentState n → AgentState n × AgentState n} (hRank : RankDeltaSettledFix rankDelta)\n    {C : Config (AgentState n) Opinion n} (hC : InSrank C) {u v : Fin n} (hMis : MisorderedPair C (u, v))\n    (hpar : ¬n % 2 = 0) (hv_med : (C v).1.rank.val + 1 = ceilHalf n) (h_timer : 1 ≤ (C v).1.timer) :\n    (transitionPEM n trank Rmax rankDelta (C u, C v)).1.role = Role.Settled ∧\n      (transitionPEM n trank Rmax rankDelta (C u, C v)).2.role = Role.Settled :=\n  by\n  rw [transitionPEM_at_misordered_v_median_odd hRank hC hMis hpar hv_med h_timer]\n  refine ⟨?_, hC.allSettled u⟩\n  exact hC.allSettled v`.\n\nNote: This linter can be disabled with `set_option linter.style.header false`",
   "level": "warning"},
  {"message":
   "SSExactMajority/Convergence/SwapVMedian.lean:2:18: * '. All rights reserved.':\n'Copyright (c) YYYY' should be followed by a space\n\n\nNote: This linter can be disabled with `set_option linter.style.header false`",
   "level": "warning"},
  {"message":
   "SSExactMajority/Convergence/SwapVMedian.lean:4:0: * '\n# Swap-step at v-at-Median Misorder Pairs\n\nCompanion to the four `swap_step_decreases_at_misorder_u_*` lemmas in\n`RankPreservation.lean`.  Those handle the case where the FIRST agent\nof the misorder pair (`u`) is at the median rank.  Here we cover the\nmirror case where the SECOND agent (`v`) is at the median rank.\n\nConcretely, for a misorder pair `(u, v)` with `(C u).1.rank.val < (C v).1.rank.val`,`(C u).2 = .B`, `(C v).2 = .A`:\n  - If `v` is at the median rank, then after swap fires the post-swap\n    `b₀ = (C v).1` (now positionally first but still at rank median)\n    triggers the propagation phase's median branch.\n\nSingle-step lemma proved here (odd n, v at median, u not at min, timer ≥ 1):\n`swap_step_decreases_at_misorder_v_median_odd`.':\nIf an authors line spans multiple lines, each line but the last must end with a trailing comma\n\n\nNote: This linter can be disabled with `set_option linter.style.header false`",
   "level": "warning"},
  {"message":
   "SSExactMajority/Convergence/SwapVMedian.lean:4:0: * '\n# Swap-s':\nThe authors line should begin with 'Authors: '\n\n\nNote: This linter can be disabled with `set_option linter.style.header false`",
   "level": "warning"},
  {"message":
   "SSExactMajority/Convergence/SwapVMedian.lean:8:24: * '  ':\nDouble spaces are not allowed.\n\n\nNote: This linter can be disabled with `set_option linter.style.header false`",
   "level": "warning"},
  {"message":
   "SSExactMajority/Convergence/SwapVMedian.lean:8:17: * '.':\nPlease, do not end the authors' line with a period.\n\n\nNote: This linter can be disabled with `set_option linter.style.header false`",
   "level": "warning"},
  {"message":
   "SSExactMajority/Convergence/SwapVMedian.lean:24:0: The module doc-string for a file should be the first command after the imports.\nPlease, add a module doc-string before `/-- Full single-step swap-step decrease for the v-at-median odd-n case. -/\ntheorem swap_step_decreases_at_misorder_v_median_odd {trank Rmax : ℕ}\n    {rankDelta : AgentState n × AgentState n → AgentState n × AgentState n} (hRank : RankDeltaSettledFix rankDelta)\n    {C : Config (AgentState n) Opinion n} (hC : InSrank C) {u v : Fin n} (hMis : MisorderedPair C (u, v))\n    (hpar : ¬n % 2 = 0) (hv_med : (C v).1.rank.val + 1 = ceilHalf n) (h_timer : 1 ≤ (C v).1.timer) :\n    InSrank (C.step (protocolPEM n trank Rmax rankDelta) u v) ∧\n      misorderedCount (C.step (protocolPEM n trank Rmax rankDelta) u v) < misorderedCount C :=\n  swap_step_decreases_at_misorder_of_role_settled hRank hC hMis\n    (transitionPEM_role_settled_at_misorder_v_median_odd hRank hC hMis hpar hv_med h_timer)`.\n\nNote: This linter can be disabled with `set_option linter.style.header false`",
   "level": "warning"},
  {"message":
   "SSExactMajority/Convergence/SwapVMedian.lean:2:18: * '. All rights reserved.':\n'Copyright (c) YYYY' should be followed by a space\n\n\nNote: This linter can be disabled with `set_option linter.style.header false`",
   "level": "warning"},
  {"message":
   "SSExactMajority/Convergence/SwapVMedian.lean:4:0: * '\n# Swap-step at v-at-Median Misorder Pairs\n\nCompanion to the four `swap_step_decreases_at_misorder_u_*` lemmas in\n`RankPreservation.lean`.  Those handle the case where the FIRST agent\nof the misorder pair (`u`) is at the median rank.  Here we cover the\nmirror case where the SECOND agent (`v`) is at the median rank.\n\nConcretely, for a misorder pair `(u, v)` with `(C u).1.rank.val < (C v).1.rank.val`,`(C u).2 = .B`, `(C v).2 = .A`:\n  - If `v` is at the median rank, then after swap fires the post-swap\n    `b₀ = (C v).1` (now positionally first but still at rank median)\n    triggers the propagation phase's median branch.\n\nSingle-step lemma proved here (odd n, v at median, u not at min, timer ≥ 1):\n`swap_step_decreases_at_misorder_v_median_odd`.':\nIf an authors line spans multiple lines, each line but the last must end with a trailing comma\n\n\nNote: This linter can be disabled with `set_option linter.style.header false`",
   "level": "warning"},
  {"message":
   "SSExactMajority/Convergence/SwapVMedian.lean:4:0: * '\n# Swap-s':\nThe authors line should begin with 'Authors: '\n\n\nNote: This linter can be disabled with `set_option linter.style.header false`",
   "level": "warning"},
  {"message":
   "SSExactMajority/Convergence/SwapVMedian.lean:8:24: * '  ':\nDouble spaces are not allowed.\n\n\nNote: This linter can be disabled with `set_option linter.style.header false`",
   "level": "warning"},
  {"message":
   "SSExactMajority/Convergence/SwapVMedian.lean:8:17: * '.':\nPlease, do not end the authors' line with a period.\n\n\nNote: This linter can be disabled with `set_option linter.style.header false`",
   "level": "warning"},
  {"message":
   "SSExactMajority/Convergence/SwapVMedian.lean:24:0: The module doc-string for a file should be the first command after the imports.\nPlease, add a module doc-string before `/-!### Even-n v-at-lower-median misorder pair -/\n`.\n\nNote: This linter can be disabled with `set_option linter.style.header false`",
   "level": "warning"},
  {"message":
   "SSExactMajority/Convergence/SwapVMedian.lean:175:36: This simp argument is unused:\n  hd1_fail\n\nHint: Omit it from the simp argument list.\n  simp only [hRD, hsu, hsv, ne_eq,\n  ̵  ̵ ̵ ̵role_settled_ne_resetting,\n  ̵  ̵ ̵ ̵not_true_eq_false, not_false_eq_true,\n      false_and, and_false, if_false,\n  ̵  ̵ ̵ ̵and_self, if_true, hswap, hpar, hd1̵_̵f̵a̵i̵l̵,̵ ̵h̵d̵2_fail, h_no_inner_B,\n      hv_med_ceil, hceil, h_u_ne_med_plus, h_u_ne_med, hN1, hv_med]\n\nNote: This linter can be disabled with `set_option linter.unusedSimpArgs false`",
   "level": "warning"},
  {"message":
   "SSExactMajority/Convergence/SwapVMedian.lean:175:46: This simp argument is unused:\n  hd2_fail\n\nHint: Omit it from the simp argument list.\n  simp only [hRD, hsu, hsv, ne_eq,\n  ̵  ̵ ̵ ̵role_settled_ne_resetting,\n  ̵  ̵ ̵ ̵not_true_eq_false, not_false_eq_true,\n      false_and, and_false, if_false,\n  ̵  ̵ ̵ ̵and_self, if_true, hswap, hpar, hd1_fail, hd̵2̵_f̵a̵i̵l̵,̵ ̵h̵_̵no_inner_B,\n      hv_med_ceil, hceil, h_u_ne_med_plus, h_u_ne_med, hN1, hv_med]\n\nNote: This linter can be disabled with `set_option linter.unusedSimpArgs false`",
   "level": "warning"},
  {"message":
   "SSExactMajority/Convergence/SwapVMedian.lean:176:58: This simp argument is unused:\n  hv_med\n\nHint: Omit it from the simp argument list.\n  simp only [hRD, hsu, hsv, ne_eq,\n  ̵  ̵ ̵ ̵role_settled_ne_resetting,\n  ̵  ̵ ̵ ̵not_true_eq_false, not_false_eq_true,\n      false_and, and_false, if_false,\n  ̵  ̵ ̵ ̵and_self, if_true, hswap, hpar, hd1_fail, hd2_fail,\n  ̲  ̲ ̲ ̲h_no_inner_B,\n  ̵  ̵ ̵ ̵hv_med_ceil, hceil, h_u_ne_med_plus, h_u_ne_med, hN1,̵ ̵h̵v̵_̵m̵e̵d̵]\n\nNote: This linter can be disabled with `set_option linter.unusedSimpArgs false`",
   "level": "warning"},
  {"message":
   "SSExactMajority/Convergence/SwapVMedian.lean:124:0: Please, add a comment explaining the need for modifying the maxHeartbeat limit, as in\nset_option maxHeartbeats 8000000 in\n-- reason for change\n...\n\nNote: This linter can be disabled with `set_option linter.style.maxHeartbeats false`",
   "level": "warning"},
  {"message":
   "SSExactMajority/Convergence/SwapVMedian.lean:170:100: This line exceeds the 100 character limit, please shorten it!\n\nNote: This linter can be disabled with `set_option linter.style.longLine false`",
   "level": "warning"},
  {"message":
   "SSExactMajority/Convergence/SwapVMedian.lean:325:36: This simp argument is unused:\n  hd1_fail\n\nHint: Omit it from the simp argument list.\n  simp only [hRD, hsu, hsv, ne_eq,\n  ̵  ̵ ̵ ̵role_settled_ne_resetting,\n  ̵  ̵ ̵ ̵not_true_eq_false, not_false_eq_true,\n      false_and, and_false, if_false,\n  ̵  ̵ ̵ ̵and_self, if_true, hswap, hpar, hd1̵_̵f̵a̵i̵l̵,̵ ̵h̵d̵2_fail,\n  ̵  ̵ ̵ ̵hu_med_ceil,\n  ̲  ̲ ̲ ̲hv_no_med_ceil, h_no_inner_B, h_u_no_max, hceil,\n  ̵  ̵ ̵ ̵hu_med, hv_no_upper, hN1, hv_ne_n_div2]\n\nNote: This linter can be disabled with `set_option linter.unusedSimpArgs false`",
   "level": "warning"},
  {"message":
   "SSExactMajority/Convergence/SwapVMedian.lean:325:46: This simp argument is unused:\n  hd2_fail\n\nHint: Omit it from the simp argument list.\n  simp only [hRD, hsu, hsv, ne_eq,\n  ̵  ̵ ̵ ̵role_settled_ne_resetting,\n  ̵  ̵ ̵ ̵not_true_eq_false, not_false_eq_true,\n      false_and, and_false, if_false,\n  ̵  ̵ ̵ ̵and_self, if_true, hswap, hpar, hd1_fail, hd̵2̵_̵f̵a̵i̵l̵,̵\n  ̵ ̵ ̵ ̵ ̵h̵u_med_ceil,\n  ̲  ̲ ̲ ̲hv_no_med_ceil, h_no_inner_B, h_u_no_max, hceil,\n  ̵  ̵ ̵ ̵hu_med, hv_no_upper, hN1, hv_ne_n_div2]\n\nNote: This linter can be disabled with `set_option linter.unusedSimpArgs false`",
   "level": "warning"},
  {"message":
   "SSExactMajority/Convergence/SwapVMedian.lean:326:17: This simp argument is unused:\n  hv_no_med_ceil\n\nHint: Omit it from the simp argument list.\n  simp only [hRD, hsu, hsv, ne_eq, role_settled_ne_resetting, not_true_eq_false, not_false_eq_true,\n      false_and, and_false, if_false, and_self, if_true, hswap, hpar, hd1_fail, hd2_fail, hu_med_ceil,\n  ̲  ̲ ̲ ̲h̵v̵_̵n̵o̵_̵m̵e̵d̵_̵c̵e̵i̵l̵,̵ ̵h_no_inner_B, h_u_no_max, hceil, hu_med, hv_no_upper, hN1, hv_ne_n_div2]\n\nNote: This linter can be disabled with `set_option linter.unusedSimpArgs false`",
   "level": "warning"},
  {"message":
   "SSExactMajority/Convergence/SwapVMedian.lean:326:47: This simp argument is unused:\n  h_u_no_max\n\nHint: Omit it from the simp argument list.\n  simp only [hRD, hsu, hsv, ne_eq,\n  ̵  ̵ ̵ ̵role_settled_ne_resetting,\n  ̵  ̵ ̵ ̵not_true_eq_false, not_false_eq_true,\n      false_and, and_false, if_false,\n  ̵  ̵ ̵ ̵and_self, if_true, hswap, hpar, hd1_fail, hd2_fail,\n  ̵  ̵ ̵ ̵hu_med_ceil,\n  ̲  ̲ ̲ ̲hv_no_med_ceil, h_no_inner_B, h_̵u̵_̵n̵o̵_̵m̵a̵x̵,̵ ̵h̵ceil,\n  ̵  ̵ ̵ ̵hu_med, hv_no_upper, hN1, hv_ne_n_div2]\n\nNote: This linter can be disabled with `set_option linter.unusedSimpArgs false`",
   "level": "warning"},
  {"message":
   "SSExactMajority/Convergence/SwapVMedian.lean:327:4: This simp argument is unused:\n  hu_med\n\nHint: Omit it from the simp argument list.\n  simp only [hRD, hsu, hsv, ne_eq,\n  ̵  ̵ ̵ ̵role_settled_ne_resetting,\n  ̵  ̵ ̵ ̵not_true_eq_false, not_false_eq_true,\n      false_and, and_false, if_false,\n  ̵  ̵ ̵ ̵and_self, if_true, hswap, hpar, hd1_fail, hd2_fail,\n  ̵  ̵ ̵ ̵hu_med_ceil,\n  ̲  ̲ ̲ ̲hv_no_med_ceil, h_no_inner_B, h_u_no_max, hceil,\n  ̵  ̵ ̵ ̵hu̵_̵m̵e̵d̵,̵ ̵h̵v_no_upper, hN1, hv_ne_n_div2]\n\nNote: This linter can be disabled with `set_option linter.unusedSimpArgs false`",
   "level": "warning"},
  {"message":
   "SSExactMajority/Convergence/SwapVMedian.lean:270:0: Please, add a comment explaining the need for modifying the maxHeartbeat limit, as in\nset_option maxHeartbeats 8000000 in\n-- reason for change\n...\n\nNote: This linter can be disabled with `set_option linter.style.maxHeartbeats false`",
   "level": "warning"},
  {"message":
   "SSExactMajority/Convergence/SwapVMedian.lean:305:100: This line exceeds the 100 character limit, please shorten it!\n\nNote: This linter can be disabled with `set_option linter.style.longLine false`",
   "level": "warning"},
  {"message":
   "SSExactMajority/Convergence/SwapVMedian.lean:320:100: This line exceeds the 100 character limit, please shorten it!\n\nNote: This linter can be disabled with `set_option linter.style.longLine false`",
   "level": "warning"},
  {"message":
   "SSExactMajority/Convergence/SwapVMedian.lean:429:36: This simp argument is unused:\n  hd1_fail\n\nHint: Omit it from the simp argument list.\n  simp only [hRD, hsu, hsv, ne_eq,\n  ̵  ̵ ̵ ̵role_settled_ne_resetting,\n  ̵  ̵ ̵ ̵not_true_eq_false, not_false_eq_true,\n      false_and, and_false, if_false,\n  ̵  ̵ ̵ ̵and_self, if_true, hswap, hpar, hd1̵_̵f̵a̵i̵l̵,̵ ̵h̵d̵2_fail,\n  ̵  ̵ ̵ ̵hu_med_ceil,\n  ̲  ̲ ̲ ̲hv_no_med_ceil, h_u_no_max, hceil,\n  ̵  ̵ ̵ ̵hu_med, hv_max, hN1, hv_ne_n_div2, hv_ne_n_div2_plus,\n  ̵  ̵ ̵ ̵huB,\n  ̲  ̲ ̲ ̲hvA, hxBA, hxAB, hN_ne_div, hN_ne_div_plus]\n\nNote: This linter can be disabled with `set_option linter.unusedSimpArgs false`",
   "level": "warning"},
  {"message":
   "SSExactMajority/Convergence/SwapVMedian.lean:429:46: This simp argument is unused:\n  hd2_fail\n\nHint: Omit it from the simp argument list.\n  simp only [hRD, hsu, hsv, ne_eq,\n  ̵  ̵ ̵ ̵role_settled_ne_resetting,\n  ̵  ̵ ̵ ̵not_true_eq_false, not_false_eq_true,\n      false_and, and_false, if_false,\n  ̵  ̵ ̵ ̵and_self, if_true, hswap, hpar, hd1_fail, hd̵2̵_̵f̵a̵i̵l̵,̵\n  ̵ ̵ ̵ ̵ ̵h̵u_med_ceil,\n  ̲  ̲ ̲ ̲hv_no_med_ceil, h_u_no_max, hceil,\n  ̵  ̵ ̵ ̵hu_med, hv_max, hN1, hv_ne_n_div2, hv_ne_n_div2_plus,\n  ̵  ̵ ̵ ̵huB,\n  ̲  ̲ ̲ ̲hvA, hxBA, hxAB, hN_ne_div, hN_ne_div_plus]\n\nNote: This linter can be disabled with `set_option linter.unusedSimpArgs false`",
   "level": "warning"},
  {"message":
   "SSExactMajority/Convergence/SwapVMedian.lean:430:17: This simp argument is unused:\n  hv_no_med_ceil\n\nHint: Omit it from the simp argument list.\n  simp only [hRD, hsu, hsv, ne_eq, role_settled_ne_resetting, not_true_eq_false, not_false_eq_true,\n      false_and, and_false, if_false, and_self, if_true, hswap, hpar, hd1_fail, hd2_fail, hu_med_ceil,\n  ̲  ̲ ̲ ̲h̵v̵_̵n̵o̵_̵m̵e̵d̵_̵c̵e̵i̵l̵,̵ ̵h_u_no_max, hceil, hu_med, hv_max, hN1, hv_ne_n_div2, hv_ne_n_div2_plus, huB, hvA, hxBA, hxAB,\n  ̲  ̲ ̲ ̲hN_ne_div, hN_ne_div_plus]\n\nNote: This linter can be disabled with `set_option linter.unusedSimpArgs false`",
   "level": "warning"},
  {"message":
   "SSExactMajority/Convergence/SwapVMedian.lean:430:33: This simp argument is unused:\n  h_u_no_max\n\nHint: Omit it from the simp argument list.\n  simp only [hRD, hsu, hsv, ne_eq,\n  ̵  ̵ ̵ ̵role_settled_ne_resetting,\n  ̵  ̵ ̵ ̵not_true_eq_false, not_false_eq_true,\n      false_and, and_false, if_false,\n  ̵  ̵ ̵ ̵and_self, if_true, hswap, hpar, hd1_fail, hd2_fail,\n  ̵  ̵ ̵ ̵hu_med_ceil,\n  ̲  ̲ ̲ ̲hv_no_med_ceil, h_̵u̵_̵n̵o̵_̵m̵a̵x̵,̵ ̵h̵ceil,\n  ̵  ̵ ̵ ̵hu_med, hv_max, hN1, hv_ne_n_div2, hv_ne_n_div2_plus,\n  ̵  ̵ ̵ ̵huB, hvA, hxBA,\n  ̲  ̲ ̲ ̲hxAB, hN_ne_div, hN_ne_div_plus]\n\nNote: This linter can be disabled with `set_option linter.unusedSimpArgs false`",
   "level": "warning"},
  {"message":
   "SSExactMajority/Convergence/SwapVMedian.lean:431:4: This simp argument is unused:\n  hu_med\n\nHint: Omit it from the simp argument list.\n  simp only [hRD, hsu, hsv, ne_eq,\n  ̵  ̵ ̵ ̵role_settled_ne_resetting,\n  ̵  ̵ ̵ ̵not_true_eq_false, not_false_eq_true,\n      false_and, and_false, if_false,\n  ̵  ̵ ̵ ̵and_self, if_true, hswap, hpar, hd1_fail, hd2_fail,\n  ̵  ̵ ̵ ̵hu_med_ceil,\n  ̲  ̲ ̲ ̲hv_no_med_ceil, h_u_no_max, hceil,\n  ̵  ̵ ̵ ̵hu̵_̵m̵e̵d̵,̵ ̵h̵v_max, hN1, hv_ne_n_div2, hv_ne_n_div2_plus,\n  ̵  ̵ ̵ ̵huB, hvA, hxBA,\n  ̲  ̲ ̲ ̲hxAB, hN_ne_div, hN_ne_div_plus]\n\nNote: This linter can be disabled with `set_option linter.unusedSimpArgs false`",
   "level": "warning"},
  {"message":
   "SSExactMajority/Convergence/SwapVMedian.lean:431:25: This simp argument is unused:\n  hv_ne_n_div2\n\nHint: Omit it from the simp argument list.\n  simp only [hRD, hsu, hsv, ne_eq, role_settled_ne_resetting, not_true_eq_false, not_false_eq_true,\n      false_and, and_false, if_false, and_self, if_true, hswap, hpar, hd1_fail, hd2_fail, hu_med_ceil,\n  ̲  ̲ ̲ ̲hv_no_med_ceil, h_u_no_max, hceil, hu_med, hv_max, hN1, h̵v̵_̵n̵e̵_̵n̵_̵d̵i̵v̵2̵,̵ ̵hv_ne_n_div2_plus, huB, hvA, hxBA, hxAB,\n  ̲  ̲ ̲ ̲hN_ne_div, hN_ne_div_plus]\n\nNote: This linter can be disabled with `set_option linter.unusedSimpArgs false`",
   "level": "warning"},
  {"message":
   "SSExactMajority/Convergence/SwapVMedian.lean:431:39: This simp argument is unused:\n  hv_ne_n_div2_plus\n\nHint: Omit it from the simp argument list.\n  simp only [hRD, hsu, hsv, ne_eq, role_settled_ne_resetting, not_true_eq_false, not_false_eq_true,\n      false_and, and_false, if_false, and_self, if_true, hswap, hpar, hd1_fail, hd2_fail, hu_med_ceil,\n  ̲  ̲ ̲ ̲hv_no_med_ceil, h_u_no_max, hceil, hu_med, hv_max, hN1, hv_ne_n_div2, h̵v̵_̵n̵e̵_̵n̵_̵d̵i̵v̵2̵_̵p̵l̵u̵s̵,̵huB, hvA, hxBA, hxAB,\n  ̲  ̲ ̲ ̲hN_ne_div, hN_ne_div_plus]\n\nNote: This linter can be disabled with `set_option linter.unusedSimpArgs false`",
   "level": "warning"},
  {"message":
   "SSExactMajority/Convergence/SwapVMedian.lean:432:4: This simp argument is unused:\n  huB\n\nHint: Omit it from the simp argument list.\n  simp only [hRD, hsu, hsv, ne_eq,\n  ̵  ̵ ̵ ̵role_settled_ne_resetting,\n  ̵  ̵ ̵ ̵not_true_eq_false, not_false_eq_true,\n      false_and, and_false, if_false,\n  ̵  ̵ ̵ ̵and_self, if_true, hswap, hpar, hd1_fail, hd2_fail,\n  ̵  ̵ ̵ ̵hu_med_ceil,\n  ̲  ̲ ̲ ̲hv_no_med_ceil, h_u_no_max, hceil,\n  ̵  ̵ ̵ ̵hu_med, hv_max, hN1, hv_ne_n_div2, hv_ne_n_div2_plus,\n  ̵  ̵ ̵ ̵hu̵B̵,̵ ̵h̵vA,\n  ̲  ̲ ̲ ̲hxBA, hxAB, hN_ne_div, hN_ne_div_plus]\n\nNote: This linter can be disabled with `set_option linter.unusedSimpArgs false`",
   "level": "warning"},
  {"message":
   "SSExactMajority/Convergence/SwapVMedian.lean:432:9: This simp argument is unused:\n  hvA\n\nHint: Omit it from the simp argument list.\n  simp only [hRD, hsu, hsv, ne_eq,\n  ̵  ̵ ̵ ̵role_settled_ne_resetting,\n  ̵  ̵ ̵ ̵not_true_eq_false, not_false_eq_true,\n      false_and, and_false, if_false,\n  ̵  ̵ ̵ ̵and_self, if_true, hswap, hpar, hd1_fail, hd2_fail,\n  ̵  ̵ ̵ ̵hu_med_ceil,\n  ̲  ̲ ̲ ̲hv_no_med_ceil, h_u_no_max, hceil,\n  ̵  ̵ ̵ ̵hu_med, hv_max, hN1, hv_ne_n_div2, hv_ne_n_div2_plus,\n  ̵  ̵ ̵ ̵huB,\n  ̲ h̵v̵A̵,̵  ̲ ̲hxBA, hxAB, hN_ne_div, hN_ne_div_plus]\n\nNote: This linter can be disabled with `set_option linter.unusedSimpArgs false`",
   "level": "warning"},
  {"message":
   "SSExactMajority/Convergence/SwapVMedian.lean:374:0: Please, add a comment explaining the need for modifying the maxHeartbeat limit, as in\nset_option maxHeartbeats 8000000 in\n-- reason for change\n...\n\nNote: This linter can be disabled with `set_option linter.style.maxHeartbeats false`",
   "level": "warning"},
  {"message":
   "SSExactMajority/Convergence/SwapVMedian.lean:424:100: This line exceeds the 100 character limit, please shorten it!\n\nNote: This linter can be disabled with `set_option linter.style.longLine false`",
   "level": "warning"}],
 "inputs":
 [["SSExactMajority.Convergence.SwapVMedian:deps",
   [["deps",
     [["SSExactMajority/SSExactMajority:extraDep",
       [["@SSExactMajority:extraDep", "00000000000006bb"]]],
      ["imports",
       [["SSExactMajority.Convergence.RankPreservation transitive imports (legacy)",
         "2ce83e7377be2a6e"],
        ["SSExactMajority.Convergence.RankPreservation:importAllArts",
         "1a31d9e930521f09"]]]]],
    ["libs",
     [["import dynlibs", "00000000000006bb"],
      ["package external libraries", "00000000000006bb"],
      ["module dynlibs", "00000000000006bb"],
      ["module plugins", "00000000000006bb"]]]]],
  ["Lean 4.30.0, commit d024af099ca4bf2c86f649261ebf59565dc8c622",
   "2f4703bb19086252"],
  ["/data/home/xhuan5/repos/SSExactMajority/SSExactMajority/Convergence/SwapVMedian.lean",
   "a76d85cec9d8708d"],
  ["options",
   [["-Dweak.linter.mathlibStandardSet=true", "8a155799906f2b42"],
    ["-DrelaxedAutoImplicit=false", "74a2b5546b55be80"],
    ["-Dpp.unicode.fun=true", "9b94070140457fab"]]],
  ["isModule: false", "feefd2a0d3a1847e"],
  ["Module.name: SSExactMajority.Convergence.SwapVMedian", "bda832c8e2908b6c"],
  ["Package.id?: (some SSExactMajority)", "216f9e708503a682"],
  ["Module.leanArgs: #[]", "00000000000006bb"]],
 "depHash": "1bd15222abe8f7a9"}