{"synthetic": false,
 "schemaVersion": "2025-09-10",
 "outputs":
 {"o": ["24adc44d3032dc1a.olean"],
  "m": false,
  "i": "2f6b80dd0c99c355.ilean",
  "c": "be2edab4bb969acc.c"},
 "log":
 [{"message":
   ".> LEAN_PATH=/data/home/xhuan5/repos/SSExactMajority/.lake/packages/Cli/.lake/build/lib/lean:/data/home/xhuan5/repos/SSExactMajority/.lake/packages/batteries/.lake/build/lib/lean:/data/home/xhuan5/repos/SSExactMajority/.lake/packages/Qq/.lake/build/lib/lean:/data/home/xhuan5/repos/SSExactMajority/.lake/packages/aesop/.lake/build/lib/lean:/data/home/xhuan5/repos/SSExactMajority/.lake/packages/proofwidgets/.lake/build/lib/lean:/data/home/xhuan5/repos/SSExactMajority/.lake/packages/importGraph/.lake/build/lib/lean:/data/home/xhuan5/repos/SSExactMajority/.lake/packages/LeanSearchClient/.lake/build/lib/lean:/data/home/xhuan5/repos/SSExactMajority/.lake/packages/plausible/.lake/build/lib/lean:/data/home/xhuan5/repos/SSExactMajority/.lake/packages/mathlib/.lake/build/lib/lean:/data/home/xhuan5/repos/SSExactMajority/.lake/build/lib/lean /data/home/xhuan5/.elan/toolchains/leanprover--lean4---v4.30.0/bin/lean /data/home/xhuan5/repos/SSExactMajority/SSExactMajority/Convergence/SwapStepTimer.lean -o /data/home/xhuan5/repos/SSExactMajority/.lake/build/lib/lean/SSExactMajority/Convergence/SwapStepTimer.olean -i /data/home/xhuan5/repos/SSExactMajority/.lake/build/lib/lean/SSExactMajority/Convergence/SwapStepTimer.ilean -c /data/home/xhuan5/repos/SSExactMajority/.lake/build/ir/SSExactMajority/Convergence/SwapStepTimer.c --setup /data/home/xhuan5/repos/SSExactMajority/.lake/build/ir/SSExactMajority/Convergence/SwapStepTimer.setup.json --json",
   "level": "trace"},
  {"message":
   "SSExactMajority/Convergence/SwapStepTimer.lean:2:18: * '. All rights reserved.':\n'Copyright (c) YYYY' should be followed by a space\n\n\nNote: This linter can be disabled with `set_option linter.style.header false`",
   "level": "warning"},
  {"message":
   "SSExactMajority/Convergence/SwapStepTimer.lean:4:0: * '\n# Swap-Step under Positive Median Timer\n\nThe median-corner case (where a misorder pair has one agent at the\nmedian rank) is the chief obstacle to a unconditional swap-step\nsingle-step lemma.  This file dispatches it under the hypothesis that\nthe median agent's `.timer` is positive.\n\nThe reset condition `b.timer = 0 ∧ b.answer ≠ b'.answer` requires both\nconjuncts.  With `timer > 0`, the first conjunct fails (the\npost-propagation timer is `timer - 1` ≥ 0; specifically it stays > 0\nwhen the inner timer-decrement doesn't fire, OR is forced ≥ 0 in any\ncase), so reset cannot fire — regardless of answer divergence.\n\nCombined with the `swap_step_non_median_decreases` lemma in\n`SwapStep.lean`, this covers ALL misorder cases under InSrank with\ntimer > 0 at the median.':\nIf an authors line spans multiple lines, each line but the last must end with a trailing comma\n\n\nNote: This linter can be disabled with `set_option linter.style.header false`",
   "level": "warning"},
  {"message":
   "SSExactMajority/Convergence/SwapStepTimer.lean:4:0: * '\n# Swap-S':\nThe authors line should begin with 'Authors: '\n\n\nNote: This linter can be disabled with `set_option linter.style.header false`",
   "level": "warning"},
  {"message":
   "SSExactMajority/Convergence/SwapStepTimer.lean:9:18: * '  ':\nDouble spaces are not allowed.\n\n\nNote: This linter can be disabled with `set_option linter.style.header false`",
   "level": "warning"},
  {"message":
   "SSExactMajority/Convergence/SwapStepTimer.lean:9:17: * '.':\nPlease, do not end the authors' line with a period.\n\n\nNote: This linter can be disabled with `set_option linter.style.header false`",
   "level": "warning"},
  {"message":
   "SSExactMajority/Convergence/SwapStepTimer.lean:25:0: The module doc-string for a file should be the first command after the imports.\nPlease, add a module doc-string before `namespace SSEM`.\n\nNote: This linter can be disabled with `set_option linter.style.header false`",
   "level": "warning"},
  {"message":
   "SSExactMajority/Convergence/SwapStepTimer.lean:2:18: * '. All rights reserved.':\n'Copyright (c) YYYY' should be followed by a space\n\n\nNote: This linter can be disabled with `set_option linter.style.header false`",
   "level": "warning"},
  {"message":
   "SSExactMajority/Convergence/SwapStepTimer.lean:4:0: * '\n# Swap-Step under Positive Median Timer\n\nThe median-corner case (where a misorder pair has one agent at the\nmedian rank) is the chief obstacle to a unconditional swap-step\nsingle-step lemma.  This file dispatches it under the hypothesis that\nthe median agent's `.timer` is positive.\n\nThe reset condition `b.timer = 0 ∧ b.answer ≠ b'.answer` requires both\nconjuncts.  With `timer > 0`, the first conjunct fails (the\npost-propagation timer is `timer - 1` ≥ 0; specifically it stays > 0\nwhen the inner timer-decrement doesn't fire, OR is forced ≥ 0 in any\ncase), so reset cannot fire — regardless of answer divergence.\n\nCombined with the `swap_step_non_median_decreases` lemma in\n`SwapStep.lean`, this covers ALL misorder cases under InSrank with\ntimer > 0 at the median.':\nIf an authors line spans multiple lines, each line but the last must end with a trailing comma\n\n\nNote: This linter can be disabled with `set_option linter.style.header false`",
   "level": "warning"},
  {"message":
   "SSExactMajority/Convergence/SwapStepTimer.lean:4:0: * '\n# Swap-S':\nThe authors line should begin with 'Authors: '\n\n\nNote: This linter can be disabled with `set_option linter.style.header false`",
   "level": "warning"},
  {"message":
   "SSExactMajority/Convergence/SwapStepTimer.lean:9:18: * '  ':\nDouble spaces are not allowed.\n\n\nNote: This linter can be disabled with `set_option linter.style.header false`",
   "level": "warning"},
  {"message":
   "SSExactMajority/Convergence/SwapStepTimer.lean:9:17: * '.':\nPlease, do not end the authors' line with a period.\n\n\nNote: This linter can be disabled with `set_option linter.style.header false`",
   "level": "warning"},
  {"message":
   "SSExactMajority/Convergence/SwapStepTimer.lean:25:0: The module doc-string for a file should be the first command after the imports.\nPlease, add a module doc-string before `variable {n : ℕ}`.\n\nNote: This linter can be disabled with `set_option linter.style.header false`",
   "level": "warning"},
  {"message":
   "SSExactMajority/Convergence/SwapStepTimer.lean:2:18: * '. All rights reserved.':\n'Copyright (c) YYYY' should be followed by a space\n\n\nNote: This linter can be disabled with `set_option linter.style.header false`",
   "level": "warning"},
  {"message":
   "SSExactMajority/Convergence/SwapStepTimer.lean:4:0: * '\n# Swap-Step under Positive Median Timer\n\nThe median-corner case (where a misorder pair has one agent at the\nmedian rank) is the chief obstacle to a unconditional swap-step\nsingle-step lemma.  This file dispatches it under the hypothesis that\nthe median agent's `.timer` is positive.\n\nThe reset condition `b.timer = 0 ∧ b.answer ≠ b'.answer` requires both\nconjuncts.  With `timer > 0`, the first conjunct fails (the\npost-propagation timer is `timer - 1` ≥ 0; specifically it stays > 0\nwhen the inner timer-decrement doesn't fire, OR is forced ≥ 0 in any\ncase), so reset cannot fire — regardless of answer divergence.\n\nCombined with the `swap_step_non_median_decreases` lemma in\n`SwapStep.lean`, this covers ALL misorder cases under InSrank with\ntimer > 0 at the median.':\nIf an authors line spans multiple lines, each line but the last must end with a trailing comma\n\n\nNote: This linter can be disabled with `set_option linter.style.header false`",
   "level": "warning"},
  {"message":
   "SSExactMajority/Convergence/SwapStepTimer.lean:4:0: * '\n# Swap-S':\nThe authors line should begin with 'Authors: '\n\n\nNote: This linter can be disabled with `set_option linter.style.header false`",
   "level": "warning"},
  {"message":
   "SSExactMajority/Convergence/SwapStepTimer.lean:9:18: * '  ':\nDouble spaces are not allowed.\n\n\nNote: This linter can be disabled with `set_option linter.style.header false`",
   "level": "warning"},
  {"message":
   "SSExactMajority/Convergence/SwapStepTimer.lean:9:17: * '.':\nPlease, do not end the authors' line with a period.\n\n\nNote: This linter can be disabled with `set_option linter.style.header false`",
   "level": "warning"},
  {"message":
   "SSExactMajority/Convergence/SwapStepTimer.lean:25:0: The module doc-string for a file should be the first command after the imports.\nPlease, add a module doc-string before `/-- The reset condition `b.timer = 0 ∧ b.answer ≠ b'.answer` is false\nwhen `b.timer ≠ 0`. -/\ntheorem reset_cond_false_of_timer_pos {b b' : AgentState n} (h_timer : b.timer ≠ 0) :\n    ¬(b.timer = 0 ∧ b.answer ≠ b'.answer) := by intro ⟨h, _⟩; exact h_timer h`.\n\nNote: This linter can be disabled with `set_option linter.style.header false`",
   "level": "warning"},
  {"message":
   "SSExactMajority/Convergence/SwapStepTimer.lean:2:18: * '. All rights reserved.':\n'Copyright (c) YYYY' should be followed by a space\n\n\nNote: This linter can be disabled with `set_option linter.style.header false`",
   "level": "warning"},
  {"message":
   "SSExactMajority/Convergence/SwapStepTimer.lean:4:0: * '\n# Swap-Step under Positive Median Timer\n\nThe median-corner case (where a misorder pair has one agent at the\nmedian rank) is the chief obstacle to a unconditional swap-step\nsingle-step lemma.  This file dispatches it under the hypothesis that\nthe median agent's `.timer` is positive.\n\nThe reset condition `b.timer = 0 ∧ b.answer ≠ b'.answer` requires both\nconjuncts.  With `timer > 0`, the first conjunct fails (the\npost-propagation timer is `timer - 1` ≥ 0; specifically it stays > 0\nwhen the inner timer-decrement doesn't fire, OR is forced ≥ 0 in any\ncase), so reset cannot fire — regardless of answer divergence.\n\nCombined with the `swap_step_non_median_decreases` lemma in\n`SwapStep.lean`, this covers ALL misorder cases under InSrank with\ntimer > 0 at the median.':\nIf an authors line spans multiple lines, each line but the last must end with a trailing comma\n\n\nNote: This linter can be disabled with `set_option linter.style.header false`",
   "level": "warning"},
  {"message":
   "SSExactMajority/Convergence/SwapStepTimer.lean:4:0: * '\n# Swap-S':\nThe authors line should begin with 'Authors: '\n\n\nNote: This linter can be disabled with `set_option linter.style.header false`",
   "level": "warning"},
  {"message":
   "SSExactMajority/Convergence/SwapStepTimer.lean:9:18: * '  ':\nDouble spaces are not allowed.\n\n\nNote: This linter can be disabled with `set_option linter.style.header false`",
   "level": "warning"},
  {"message":
   "SSExactMajority/Convergence/SwapStepTimer.lean:9:17: * '.':\nPlease, do not end the authors' line with a period.\n\n\nNote: This linter can be disabled with `set_option linter.style.header false`",
   "level": "warning"},
  {"message":
   "SSExactMajority/Convergence/SwapStepTimer.lean:25:0: The module doc-string for a file should be the first command after the imports.\nPlease, add a module doc-string before `/-- After the inner timer-decrement (when it fires), the new timer is\n`b.timer - 1`.  This stays positive when `b.timer ≥ 2`. -/\ntheorem reset_cond_false_of_timer_ge_two {b b' : AgentState n} (h_timer : 2 ≤ b.timer) :\n    ¬(({ b with timer := b.timer - 1 }).timer = 0 ∧ ({ b with timer := b.timer - 1 }).answer ≠ b'.answer) :=\n  by\n  intro ⟨h, _⟩\n  have : b.timer - 1 = 0 := h\n  omega`.\n\nNote: This linter can be disabled with `set_option linter.style.header false`",
   "level": "warning"},
  {"message":
   "SSExactMajority/Convergence/SwapStepTimer.lean:2:18: * '. All rights reserved.':\n'Copyright (c) YYYY' should be followed by a space\n\n\nNote: This linter can be disabled with `set_option linter.style.header false`",
   "level": "warning"},
  {"message":
   "SSExactMajority/Convergence/SwapStepTimer.lean:4:0: * '\n# Swap-Step under Positive Median Timer\n\nThe median-corner case (where a misorder pair has one agent at the\nmedian rank) is the chief obstacle to a unconditional swap-step\nsingle-step lemma.  This file dispatches it under the hypothesis that\nthe median agent's `.timer` is positive.\n\nThe reset condition `b.timer = 0 ∧ b.answer ≠ b'.answer` requires both\nconjuncts.  With `timer > 0`, the first conjunct fails (the\npost-propagation timer is `timer - 1` ≥ 0; specifically it stays > 0\nwhen the inner timer-decrement doesn't fire, OR is forced ≥ 0 in any\ncase), so reset cannot fire — regardless of answer divergence.\n\nCombined with the `swap_step_non_median_decreases` lemma in\n`SwapStep.lean`, this covers ALL misorder cases under InSrank with\ntimer > 0 at the median.':\nIf an authors line spans multiple lines, each line but the last must end with a trailing comma\n\n\nNote: This linter can be disabled with `set_option linter.style.header false`",
   "level": "warning"},
  {"message":
   "SSExactMajority/Convergence/SwapStepTimer.lean:4:0: * '\n# Swap-S':\nThe authors line should begin with 'Authors: '\n\n\nNote: This linter can be disabled with `set_option linter.style.header false`",
   "level": "warning"},
  {"message":
   "SSExactMajority/Convergence/SwapStepTimer.lean:9:18: * '  ':\nDouble spaces are not allowed.\n\n\nNote: This linter can be disabled with `set_option linter.style.header false`",
   "level": "warning"},
  {"message":
   "SSExactMajority/Convergence/SwapStepTimer.lean:9:17: * '.':\nPlease, do not end the authors' line with a period.\n\n\nNote: This linter can be disabled with `set_option linter.style.header false`",
   "level": "warning"},
  {"message":
   "SSExactMajority/Convergence/SwapStepTimer.lean:25:0: The module doc-string for a file should be the first command after the imports.\nPlease, add a module doc-string before `/-!### Computational reset-cond invariant -/\n`.\n\nNote: This linter can be disabled with `set_option linter.style.header false`",
   "level": "warning"},
  {"message":
   "SSExactMajority/Convergence/SwapStepTimer.lean:71:5: unused variable `hpos`\n\nNote: This linter can be disabled with `set_option linter.unusedVariables false`",
   "level": "warning"}],
 "inputs":
 [["SSExactMajority.Convergence.SwapStepTimer:deps",
   [["deps",
     [["SSExactMajority/SSExactMajority:extraDep",
       [["@SSExactMajority:extraDep", "00000000000006bb"]]],
      ["imports",
       [["SSExactMajority.Convergence.SwapStep transitive imports (legacy)",
         "38f6ee62841c933b"],
        ["SSExactMajority.Convergence.SwapStep:importAllArts",
         "42286705b02d2733"]]]]],
    ["libs",
     [["import dynlibs", "00000000000006bb"],
      ["package external libraries", "00000000000006bb"],
      ["module dynlibs", "00000000000006bb"],
      ["module plugins", "00000000000006bb"]]]]],
  ["Lean 4.30.0, commit d024af099ca4bf2c86f649261ebf59565dc8c622",
   "2f4703bb19086252"],
  ["/data/home/xhuan5/repos/SSExactMajority/SSExactMajority/Convergence/SwapStepTimer.lean",
   "068b7699163e2d7d"],
  ["options",
   [["-Dweak.linter.mathlibStandardSet=true", "8a155799906f2b42"],
    ["-DrelaxedAutoImplicit=false", "74a2b5546b55be80"],
    ["-Dpp.unicode.fun=true", "9b94070140457fab"]]],
  ["isModule: false", "feefd2a0d3a1847e"],
  ["Module.name: SSExactMajority.Convergence.SwapStepTimer",
   "c7161db516d48c27"],
  ["Package.id?: (some SSExactMajority)", "216f9e708503a682"],
  ["Module.leanArgs: #[]", "00000000000006bb"]],
 "depHash": "06e67b6ee1ddc358"}