{"synthetic": false,
 "schemaVersion": "2025-09-10",
 "outputs":
 {"o": ["7c863c5b94f47ac6.olean"],
  "i": "de198b6ec0cca29d.ilean",
  "c": "4f251177f944ed6f.c"},
 "log":
 [{"message":
   ".> LEAN_PATH=/data/home/xhuan5/repos/SSExactMajority/.lake/packages/Cli/.lake/build/lib/lean:/data/home/xhuan5/repos/SSExactMajority/.lake/packages/batteries/.lake/build/lib/lean:/data/home/xhuan5/repos/SSExactMajority/.lake/packages/Qq/.lake/build/lib/lean:/data/home/xhuan5/repos/SSExactMajority/.lake/packages/aesop/.lake/build/lib/lean:/data/home/xhuan5/repos/SSExactMajority/.lake/packages/proofwidgets/.lake/build/lib/lean:/data/home/xhuan5/repos/SSExactMajority/.lake/packages/importGraph/.lake/build/lib/lean:/data/home/xhuan5/repos/SSExactMajority/.lake/packages/LeanSearchClient/.lake/build/lib/lean:/data/home/xhuan5/repos/SSExactMajority/.lake/packages/plausible/.lake/build/lib/lean:/data/home/xhuan5/repos/SSExactMajority/.lake/packages/mathlib/.lake/build/lib/lean:/data/home/xhuan5/repos/SSExactMajority/.lake/build/lib/lean /data/home/xhuan5/.elan/toolchains/leanprover--lean4---v4.27.0/bin/lean /data/home/xhuan5/repos/SSExactMajority/SSExactMajority/Convergence/SwapFromRanking.lean -o /data/home/xhuan5/repos/SSExactMajority/.lake/build/lib/lean/SSExactMajority/Convergence/SwapFromRanking.olean -i /data/home/xhuan5/repos/SSExactMajority/.lake/build/lib/lean/SSExactMajority/Convergence/SwapFromRanking.ilean -c /data/home/xhuan5/repos/SSExactMajority/.lake/build/ir/SSExactMajority/Convergence/SwapFromRanking.c --setup /data/home/xhuan5/repos/SSExactMajority/.lake/build/ir/SSExactMajority/Convergence/SwapFromRanking.setup.json --json",
   "level": "trace"},
  {"message":
   "SSExactMajority/Convergence/SwapFromRanking.lean:76:22: unused variable `hn`\n\nNote: This linter can be disabled with `set_option linter.unusedVariables false`",
   "level": "warning"},
  {"message":
   "SSExactMajority/Convergence/SwapFromRanking.lean:168:43: unused variable `hC`\n\nNote: This linter can be disabled with `set_option linter.unusedVariables false`",
   "level": "warning"},
  {"message":
   "SSExactMajority/Convergence/SwapFromRanking.lean:219:30: This simp argument is unused:\n  h_no_max_0\n\nHint: Omit it from the simp argument list.\n  simp only [hpar, if_true, h_no_max_0̵,̵ ̵h̵_̵n̵o̵_̵m̵a̵x̵_̵1]\n\nNote: This linter can be disabled with `set_option linter.unusedSimpArgs false`",
   "level": "warning"},
  {"message":
   "SSExactMajority/Convergence/SwapFromRanking.lean:219:42: This simp argument is unused:\n  h_no_max_1\n\nHint: Omit it from the simp argument list.\n  simp only [hpar, if_true, h_no_max_0,̵ ̵h̵_̵n̵o̵_̵m̵a̵x̵_̵1̵]\n\nNote: This linter can be disabled with `set_option linter.unusedSimpArgs false`",
   "level": "warning"},
  {"message":
   "SSExactMajority/Convergence/SwapFromRanking.lean:221:31: This simp argument is unused:\n  h_no_max_0\n\nHint: Omit it from the simp argument list.\n  simp only [hpar, if_false, h_no_max_0̵,̵ ̵h̵_̵n̵o̵_̵m̵a̵x̵_̵1]\n\nNote: This linter can be disabled with `set_option linter.unusedSimpArgs false`",
   "level": "warning"},
  {"message":
   "SSExactMajority/Convergence/SwapFromRanking.lean:221:43: This simp argument is unused:\n  h_no_max_1\n\nHint: Omit it from the simp argument list.\n  simp only [hpar, if_false, h_no_max_0,̵ ̵h̵_̵n̵o̵_̵m̵a̵x̵_̵1̵]\n\nNote: This linter can be disabled with `set_option linter.unusedSimpArgs false`",
   "level": "warning"},
  {"message":
   "SSExactMajority/Convergence/SwapFromRanking.lean:197:0: Please, add a comment explaining the need for modifying the maxHeartbeat limit, as in\nset_option maxHeartbeats 4000000 in\n-- reason for change\n...\n\nNote: This linter can be disabled with `set_option linter.style.maxHeartbeats false`",
   "level": "warning"},
  {"message":
   "SSExactMajority/Convergence/SwapFromRanking.lean:212:0: This line exceeds the 100 character limit, please shorten it!\n\nNote: This linter can be disabled with `set_option linter.style.longLine false`",
   "level": "warning"},
  {"message":
   "SSExactMajority/Convergence/SwapFromRanking.lean:224:0: Please, add a comment explaining the need for modifying the maxHeartbeat limit, as in\nset_option maxHeartbeats 4000000 in\n-- reason for change\n...\n\nNote: This linter can be disabled with `set_option linter.style.maxHeartbeats false`",
   "level": "warning"},
  {"message":
   "SSExactMajority/Convergence/SwapFromRanking.lean:237:0: This line exceeds the 100 character limit, please shorten it!\n\nNote: This linter can be disabled with `set_option linter.style.longLine false`",
   "level": "warning"},
  {"message":
   "SSExactMajority/Convergence/SwapFromRanking.lean:251:0: Please, add a comment explaining the need for modifying the maxHeartbeat limit, as in\nset_option maxHeartbeats 4000000 in\n-- reason for change\n...\n\nNote: This linter can be disabled with `set_option linter.style.maxHeartbeats false`",
   "level": "warning"},
  {"message":
   "SSExactMajority/Convergence/SwapFromRanking.lean:280:45: 'simp_all [h_no_max_u, h_no_max_v]' tactic does nothing\n\nNote: This linter can be disabled with `set_option linter.unusedTactic false`",
   "level": "warning"},
  {"message":
   "SSExactMajority/Convergence/SwapFromRanking.lean:282:45: 'simp_all [h_no_max_u, h_no_max_v]' tactic does nothing\n\nNote: This linter can be disabled with `set_option linter.unusedTactic false`",
   "level": "warning"},
  {"message":
   "SSExactMajority/Convergence/SwapFromRanking.lean:272:0: This line exceeds the 100 character limit, please shorten it!\n\nNote: This linter can be disabled with `set_option linter.style.longLine false`",
   "level": "warning"},
  {"message":
   "SSExactMajority/Convergence/SwapFromRanking.lean:280:45: this tactic is never executed\n\nNote: This linter can be disabled with `set_option linter.unreachableTactic false`",
   "level": "warning"},
  {"message":
   "SSExactMajority/Convergence/SwapFromRanking.lean:282:45: this tactic is never executed\n\nNote: This linter can be disabled with `set_option linter.unreachableTactic false`",
   "level": "warning"},
  {"message":
   "SSExactMajority/Convergence/SwapFromRanking.lean:284:0: Please, add a comment explaining the need for modifying the maxHeartbeat limit, as in\nset_option maxHeartbeats 8000000 in\n-- reason for change\n...\n\nNote: This linter can be disabled with `set_option linter.style.maxHeartbeats false`",
   "level": "warning"},
  {"message":
   "SSExactMajority/Convergence/SwapFromRanking.lean:306:0: This line exceeds the 100 character limit, please shorten it!\n\nNote: This linter can be disabled with `set_option linter.style.longLine false`",
   "level": "warning"},
  {"message":
   "SSExactMajority/Convergence/SwapFromRanking.lean:417:26: 'simp [huv]' is a flexible tactic modifying '⊢'. Try 'simp?' and use the suggested 'simp only [...]'. Alternatively, use `suffices` to explicitly state the simplified form.\n\nNote: This linter can be disabled with `set_option linter.flexible false`",
   "level": "warning"},
  {"message":
   "SSExactMajority/Convergence/SwapFromRanking.lean:417:38: 'exact hMis.1' uses '⊢'!",
   "level": "info"},
  {"message":
   "SSExactMajority/Convergence/SwapFromRanking.lean:525:0: 'SSEM.swap_reaches_Sswap_from_timer_bound_with_timer' depends on axioms: [propext, Classical.choice, Quot.sound]",
   "level": "info"}],
 "inputs":
 [["SSExactMajority.Convergence.SwapFromRanking:deps",
   [["deps",
     [["SSExactMajority/SSExactMajority:extraDep",
       [["@SSExactMajority:extraDep", "00000000000006bb"]]],
      ["imports",
       [["SSExactMajority.Convergence.MedianWitnesses transitive imports (legacy)",
         "7f73195e129fa99b"],
        ["SSExactMajority.Convergence.MedianWitnesses:importAllArts",
         "798ae31b7ca8d170"]]]]],
    ["libs",
     [["import dynlibs", "00000000000006bb"],
      ["package external libraries", "00000000000006bb"],
      ["module dynlibs", "00000000000006bb"],
      ["module plugins", "00000000000006bb"]]]]],
  ["Lean 4.27.0, commit db93fe1608548721853390a10cd40580fe7d22ae",
   "9a2be90fd35343e5"],
  ["/data/home/xhuan5/repos/SSExactMajority/SSExactMajority/Convergence/SwapFromRanking.lean",
   "aa5e610dd669c9c5"],
  ["options",
   [["-Dweak.linter.mathlibStandardSet=true", "8a155799906f2b42"],
    ["-DrelaxedAutoImplicit=false", "74a2b5546b55be80"],
    ["-Dpp.unicode.fun=true", "9b94070140457fab"]]],
  ["Module.leanArgs: #[]", "00000000000006bb"]],
 "depHash": "9412ea00bf241320"}