{"synthetic": false,
 "schemaVersion": "2025-09-10",
 "outputs":
 {"o": ["7c71ebc18095b0bb.olean"],
  "m": false,
  "i": "30b27d3f40645533.ilean",
  "c": "d425a437dc999e69.c"},
 "log":
 [{"message":
   ".> LEAN_PATH=/data/home/xhuan5/repos/SSExactMajority/.lake/packages/Cli/.lake/build/lib/lean:/data/home/xhuan5/repos/SSExactMajority/.lake/packages/batteries/.lake/build/lib/lean:/data/home/xhuan5/repos/SSExactMajority/.lake/packages/Qq/.lake/build/lib/lean:/data/home/xhuan5/repos/SSExactMajority/.lake/packages/aesop/.lake/build/lib/lean:/data/home/xhuan5/repos/SSExactMajority/.lake/packages/proofwidgets/.lake/build/lib/lean:/data/home/xhuan5/repos/SSExactMajority/.lake/packages/importGraph/.lake/build/lib/lean:/data/home/xhuan5/repos/SSExactMajority/.lake/packages/LeanSearchClient/.lake/build/lib/lean:/data/home/xhuan5/repos/SSExactMajority/.lake/packages/plausible/.lake/build/lib/lean:/data/home/xhuan5/repos/SSExactMajority/.lake/packages/mathlib/.lake/build/lib/lean:/data/home/xhuan5/repos/SSExactMajority/.lake/build/lib/lean /data/home/xhuan5/.elan/toolchains/leanprover--lean4---v4.30.0/bin/lean /data/home/xhuan5/repos/SSExactMajority/SSExactMajority/Convergence/TimerDescentNoSwap.lean -o /data/home/xhuan5/repos/SSExactMajority/.lake/build/lib/lean/SSExactMajority/Convergence/TimerDescentNoSwap.olean -i /data/home/xhuan5/repos/SSExactMajority/.lake/build/lib/lean/SSExactMajority/Convergence/TimerDescentNoSwap.ilean -c /data/home/xhuan5/repos/SSExactMajority/.lake/build/ir/SSExactMajority/Convergence/TimerDescentNoSwap.c --setup /data/home/xhuan5/repos/SSExactMajority/.lake/build/ir/SSExactMajority/Convergence/TimerDescentNoSwap.setup.json --json",
   "level": "trace"},
  {"message":
   "SSExactMajority/Convergence/TimerDescentNoSwap.lean:39:2: `push_neg` has been deprecated. Prefer using `push Not` instead.\nIf you'd rather continue using `push_neg` in your project, you can implement it as follows:\n```\nopen Lean.Parser.Tactic in\nmacro \"push_neg\" cfg:optConfig loc:(location)? : tactic =>\n  `(tactic| push $cfg:optConfig Not $[$loc]?)\n```",
   "level": "warning"},
  {"message":
   "SSExactMajority/Convergence/TimerDescentNoSwap.lean:104:49: This simp argument is unused:\n  hv_not_med\n\nHint: Omit it from the simp argument list.\n  simp only [hRD, hsu, hsv, ne_eq, role_settled_ne_resetting, not_true_eq_false,\n  ̲  ̲ ̲ ̲ ̲ ̲not_false_eq_true, false_and, and_false, if_false, and_self, if_true, hno_swap, hpar, hμ_med,\n  ̲  ̲ ̲ ̲ ̲ ̲h̵v̵_̵n̵o̵t̵_̵m̵e̵d̵,̵ ̵hv_max, hN_ne_ceil]\n\nNote: This linter can be disabled with `set_option linter.unusedSimpArgs false`",
   "level": "warning"},
  {"message":
   "SSExactMajority/Convergence/TimerDescentNoSwap.lean:113:47: This simp argument is unused:\n  if_pos rfl\n\nHint: Omit it from the simp argument list.\n  simp only [if_neg hμv,̵ ̵i̵f̵_̵p̵o̵s̵ ̵r̵f̵l̵]\n\nNote: This linter can be disabled with `set_option linter.unusedSimpArgs false`",
   "level": "warning"},
  {"message":
   "SSExactMajority/Convergence/TimerDescentNoSwap.lean:118:47: This simp argument is unused:\n  if_pos rfl\n\nHint: Omit it from the simp argument list.\n  simp only [if_neg hμv,̵ ̵i̵f̵_̵p̵o̵s̵ ̵r̵f̵l̵]\n\nNote: This linter can be disabled with `set_option linter.unusedSimpArgs false`",
   "level": "warning"},
  {"message":
   "SSExactMajority/Convergence/TimerDescentNoSwap.lean:123:47: This simp argument is unused:\n  if_pos rfl\n\nHint: Omit it from the simp argument list.\n  simp only [if_neg hμv,̵ ̵i̵f̵_̵p̵o̵s̵ ̵r̵f̵l̵]\n\nNote: This linter can be disabled with `set_option linter.unusedSimpArgs false`",
   "level": "warning"},
  {"message":
   "SSExactMajority/Convergence/TimerDescentNoSwap.lean:128:47: This simp argument is unused:\n  if_pos rfl\n\nHint: Omit it from the simp argument list.\n  simp only [if_neg hμv,̵ ̵i̵f̵_̵p̵o̵s̵ ̵r̵f̵l̵]\n\nNote: This linter can be disabled with `set_option linter.unusedSimpArgs false`",
   "level": "warning"},
  {"message":
   "SSExactMajority/Convergence/TimerDescentNoSwap.lean:53:0: Please, add a comment explaining the need for modifying the maxHeartbeat limit, as in\nset_option maxHeartbeats 16000000 in\n-- reason for change\n...\n\nNote: This linter can be disabled with `set_option linter.style.maxHeartbeats false`",
   "level": "warning"},
  {"message":
   "SSExactMajority/Convergence/TimerDescentNoSwap.lean:86:100: This line exceeds the 100 character limit, please shorten it!\n\nNote: This linter can be disabled with `set_option linter.style.longLine false`",
   "level": "warning"},
  {"message":
   "SSExactMajority/Convergence/TimerDescentNoSwap.lean:99:100: This line exceeds the 100 character limit, please shorten it!\n\nNote: This linter can be disabled with `set_option linter.style.longLine false`",
   "level": "warning"},
  {"message":
   "SSExactMajority/Convergence/TimerDescentNoSwap.lean:114:4: The `show` tactic should only be used to indicate intermediate goal states for readability.\nHowever, this tactic invocation changed the goal. Please use `change` instead for these purposes.\n\nNote: This linter can be disabled with `set_option linter.style.show false`",
   "level": "warning"},
  {"message":
   "SSExactMajority/Convergence/TimerDescentNoSwap.lean:119:4: The `show` tactic should only be used to indicate intermediate goal states for readability.\nHowever, this tactic invocation changed the goal. Please use `change` instead for these purposes.\n\nNote: This linter can be disabled with `set_option linter.style.show false`",
   "level": "warning"},
  {"message":
   "SSExactMajority/Convergence/TimerDescentNoSwap.lean:124:4: The `show` tactic should only be used to indicate intermediate goal states for readability.\nHowever, this tactic invocation changed the goal. Please use `change` instead for these purposes.\n\nNote: This linter can be disabled with `set_option linter.style.show false`",
   "level": "warning"},
  {"message":
   "SSExactMajority/Convergence/TimerDescentNoSwap.lean:129:4: The `show` tactic should only be used to indicate intermediate goal states for readability.\nHowever, this tactic invocation changed the goal. Please use `change` instead for these purposes.\n\nNote: This linter can be disabled with `set_option linter.style.show false`",
   "level": "warning"},
  {"message":
   "SSExactMajority/Convergence/TimerDescentNoSwap.lean:134:4: The `show` tactic should only be used to indicate intermediate goal states for readability.\nHowever, this tactic invocation changed the goal. Please use `change` instead for these purposes.\n\nNote: This linter can be disabled with `set_option linter.style.show false`",
   "level": "warning"},
  {"message":
   "SSExactMajority/Convergence/TimerDescentNoSwap.lean:195:17: This simp argument is unused:\n  this\n\nHint: Omit it from the simp argument list.\n  simp only [t̵h̵i̵s̵,̵ ̵*] at heq\n\nNote: This linter can be disabled with `set_option linter.unusedSimpArgs false`",
   "level": "warning"},
  {"message":
   "SSExactMajority/Convergence/TimerDescentNoSwap.lean:291:6: `push_neg` has been deprecated. Prefer using `push Not` instead.\nIf you'd rather continue using `push_neg` in your project, you can implement it as follows:\n```\nopen Lean.Parser.Tactic in\nmacro \"push_neg\" cfg:optConfig loc:(location)? : tactic =>\n  `(tactic| push $cfg:optConfig Not $[$loc]?)\n```",
   "level": "warning"},
  {"message":
   "SSExactMajority/Convergence/TimerDescentNoSwap.lean:347:73: This simp argument is unused:\n  hN_ne_ceil\n\nHint: Omit it from the simp argument list.\n  simp only [hRD, hsu, hsw, ne_eq, role_settled_ne_resetting, not_true_eq_false,\n  ̲  ̲ ̲ ̲ ̲ ̲not_false_eq_true, false_and, and_false, if_false, and_self, if_true, hno_swap, hpar, hμ_med,\n  ̲  ̲ ̲ ̲ ̲ ̲hw_not_med, hw_not_max, h̵N̵_̵n̵e̵_̵c̵e̵i̵l̵,̵h_timer]\n\nNote: This linter can be disabled with `set_option linter.unusedSimpArgs false`",
   "level": "warning"},
  {"message":
   "SSExactMajority/Convergence/TimerDescentNoSwap.lean:356:47: This simp argument is unused:\n  if_pos rfl\n\nHint: Omit it from the simp argument list.\n  simp only [if_neg hμw,̵ ̵i̵f̵_̵p̵o̵s̵ ̵r̵f̵l̵]\n\nNote: This linter can be disabled with `set_option linter.unusedSimpArgs false`",
   "level": "warning"},
  {"message":
   "SSExactMajority/Convergence/TimerDescentNoSwap.lean:302:0: Please, add a comment explaining the need for modifying the maxHeartbeat limit, as in\nset_option maxHeartbeats 16000000 in\n-- reason for change\n...\n\nNote: This linter can be disabled with `set_option linter.style.maxHeartbeats false`",
   "level": "warning"},
  {"message":
   "SSExactMajority/Convergence/TimerDescentNoSwap.lean:342:100: This line exceeds the 100 character limit, please shorten it!\n\nNote: This linter can be disabled with `set_option linter.style.longLine false`",
   "level": "warning"},
  {"message":
   "SSExactMajority/Convergence/TimerDescentNoSwap.lean:357:4: The `show` tactic should only be used to indicate intermediate goal states for readability.\nHowever, this tactic invocation changed the goal. Please use `change` instead for these purposes.\n\nNote: This linter can be disabled with `set_option linter.style.show false`",
   "level": "warning"},
  {"message":
   "SSExactMajority/Convergence/TimerDescentNoSwap.lean:362:4: The `show` tactic should only be used to indicate intermediate goal states for readability.\nHowever, this tactic invocation changed the goal. Please use `change` instead for these purposes.\n\nNote: This linter can be disabled with `set_option linter.style.show false`",
   "level": "warning"},
  {"message":
   "SSExactMajority/Convergence/TimerDescentNoSwap.lean:367:4: The `show` tactic should only be used to indicate intermediate goal states for readability.\nHowever, this tactic invocation changed the goal. Please use `change` instead for these purposes.\n\nNote: This linter can be disabled with `set_option linter.style.show false`",
   "level": "warning"}],
 "inputs":
 [["SSExactMajority.Convergence.TimerDescentNoSwap:deps",
   [["deps",
     [["SSExactMajority/SSExactMajority:extraDep",
       [["@SSExactMajority:extraDep", "00000000000006bb"]]],
      ["imports",
       [["SSExactMajority.Convergence.MedianWitnesses transitive imports (legacy)",
         "4e9293db730c98c4"],
        ["SSExactMajority.Convergence.MedianWitnesses:importAllArts",
         "a695502a835f09f7"]]]]],
    ["libs",
     [["import dynlibs", "00000000000006bb"],
      ["package external libraries", "00000000000006bb"],
      ["module dynlibs", "00000000000006bb"],
      ["module plugins", "00000000000006bb"]]]]],
  ["Lean 4.30.0, commit d024af099ca4bf2c86f649261ebf59565dc8c622",
   "2f4703bb19086252"],
  ["/data/home/xhuan5/repos/SSExactMajority/SSExactMajority/Convergence/TimerDescentNoSwap.lean",
   "e5e21924cc4aef58"],
  ["options",
   [["-Dweak.linter.mathlibStandardSet=true", "8a155799906f2b42"],
    ["-DrelaxedAutoImplicit=false", "74a2b5546b55be80"],
    ["-Dpp.unicode.fun=true", "9b94070140457fab"]]],
  ["isModule: false", "feefd2a0d3a1847e"],
  ["Module.name: SSExactMajority.Convergence.TimerDescentNoSwap",
   "86fab6ba758f5eb1"],
  ["Package.id?: (some SSExactMajority)", "216f9e708503a682"],
  ["Module.leanArgs: #[]", "00000000000006bb"]],
 "depHash": "e67bc8788bcc01ed"}