{"synthetic": false,
 "schemaVersion": "2025-09-10",
 "outputs":
 {"o": ["cbbaed993681529d.olean"],
  "i": "4e70eb1802b7d724.ilean",
  "c": "47279ea3a0ebaa74.c"},
 "log":
 [{"message":
   ".> LEAN_PATH=/data/home/xhuan5/repos/SSExactMajority/.lake/packages/Cli/.lake/build/lib/lean:/data/home/xhuan5/repos/SSExactMajority/.lake/packages/batteries/.lake/build/lib/lean:/data/home/xhuan5/repos/SSExactMajority/.lake/packages/Qq/.lake/build/lib/lean:/data/home/xhuan5/repos/SSExactMajority/.lake/packages/aesop/.lake/build/lib/lean:/data/home/xhuan5/repos/SSExactMajority/.lake/packages/proofwidgets/.lake/build/lib/lean:/data/home/xhuan5/repos/SSExactMajority/.lake/packages/importGraph/.lake/build/lib/lean:/data/home/xhuan5/repos/SSExactMajority/.lake/packages/LeanSearchClient/.lake/build/lib/lean:/data/home/xhuan5/repos/SSExactMajority/.lake/packages/plausible/.lake/build/lib/lean:/data/home/xhuan5/repos/SSExactMajority/.lake/packages/mathlib/.lake/build/lib/lean:/data/home/xhuan5/repos/SSExactMajority/.lake/build/lib/lean /data/home/xhuan5/.elan/toolchains/leanprover--lean4---v4.27.0/bin/lean /data/home/xhuan5/repos/SSExactMajority/SSExactMajority/Embed.lean -o /data/home/xhuan5/repos/SSExactMajority/.lake/build/lib/lean/SSExactMajority/Embed.olean -i /data/home/xhuan5/repos/SSExactMajority/.lake/build/lib/lean/SSExactMajority/Embed.ilean -c /data/home/xhuan5/repos/SSExactMajority/.lake/build/ir/SSExactMajority/Embed.c --setup /data/home/xhuan5/repos/SSExactMajority/.lake/build/ir/SSExactMajority/Embed.setup.json --json",
   "level": "trace"},
  {"message":
   "SSExactMajority/Embed.lean:66:15: 'simp' is a flexible tactic modifying '⊢'. Try 'simp?' and use the suggested 'simp only [...]'. Alternatively, use `suffices` to explicitly state the simplified form.\n\nNote: This linter can be disabled with `set_option linter.flexible false`",
   "level": "warning"},
  {"message":
   "SSExactMajority/Embed.lean:66:15: Try this:\n  [apply] simp only [↓reduceIte]",
   "level": "info"},
  {"message": "SSExactMajority/Embed.lean:66:21: 'exact hAgree i' uses '⊢'!",
   "level": "info"}],
 "inputs":
 [["SSExactMajority.Embed:deps",
   [["deps",
     [["SSExactMajority/SSExactMajority:extraDep",
       [["@SSExactMajority:extraDep", "00000000000006bb"]]],
      ["imports",
       [["SSExactMajority.Defs.Execution transitive imports (legacy)",
         "b264f78d4e355404"],
        ["SSExactMajority.Defs.Execution:importAllArts", "07f7b0fcfa0a60db"],
        ["Mathlib.Logic.Function.Basic transitive imports (legacy)",
         "b3b73233ad49e942"],
        ["Mathlib.Logic.Function.Basic:importAllArts", "290dda990eb4d20b"]]]]],
    ["libs",
     [["import dynlibs", "00000000000006bb"],
      ["package external libraries", "00000000000006bb"],
      ["module dynlibs", "00000000000006bb"],
      ["module plugins", "00000000000006bb"]]]]],
  ["Lean 4.27.0, commit db93fe1608548721853390a10cd40580fe7d22ae",
   "9a2be90fd35343e5"],
  ["/data/home/xhuan5/repos/SSExactMajority/SSExactMajority/Embed.lean",
   "a8fa328d97f1974d"],
  ["options",
   [["-Dweak.linter.mathlibStandardSet=true", "8a155799906f2b42"],
    ["-DrelaxedAutoImplicit=false", "74a2b5546b55be80"],
    ["-Dpp.unicode.fun=true", "9b94070140457fab"]]],
  ["Module.leanArgs: #[]", "00000000000006bb"]],
 "depHash": "9e82c94d0fc5477a"}