{"synthetic": false,
 "schemaVersion": "2025-09-10",
 "outputs":
 {"o": ["34045aadca160423.olean"],
  "m": false,
  "i": "fde2e10b48a2c2e0.ilean",
  "c": "1be3a82955e8d6db.c"},
 "log":
 [{"message":
   ".> LEAN_PATH=/data/home/xhuan5/repos/SSExactMajority/.lake/packages/Cli/.lake/build/lib/lean:/data/home/xhuan5/repos/SSExactMajority/.lake/packages/batteries/.lake/build/lib/lean:/data/home/xhuan5/repos/SSExactMajority/.lake/packages/Qq/.lake/build/lib/lean:/data/home/xhuan5/repos/SSExactMajority/.lake/packages/aesop/.lake/build/lib/lean:/data/home/xhuan5/repos/SSExactMajority/.lake/packages/proofwidgets/.lake/build/lib/lean:/data/home/xhuan5/repos/SSExactMajority/.lake/packages/importGraph/.lake/build/lib/lean:/data/home/xhuan5/repos/SSExactMajority/.lake/packages/LeanSearchClient/.lake/build/lib/lean:/data/home/xhuan5/repos/SSExactMajority/.lake/packages/plausible/.lake/build/lib/lean:/data/home/xhuan5/repos/SSExactMajority/.lake/packages/mathlib/.lake/build/lib/lean:/data/home/xhuan5/repos/SSExactMajority/.lake/build/lib/lean /data/home/xhuan5/.elan/toolchains/leanprover--lean4---v4.30.0/bin/lean /data/home/xhuan5/repos/SSExactMajority/SSExactMajority/Defs/Config.lean -o /data/home/xhuan5/repos/SSExactMajority/.lake/build/lib/lean/SSExactMajority/Defs/Config.olean -i /data/home/xhuan5/repos/SSExactMajority/.lake/build/lib/lean/SSExactMajority/Defs/Config.ilean -c /data/home/xhuan5/repos/SSExactMajority/.lake/build/ir/SSExactMajority/Defs/Config.c --setup /data/home/xhuan5/repos/SSExactMajority/.lake/build/ir/SSExactMajority/Defs/Config.setup.json --json",
   "level": "trace"},
  {"message":
   "SSExactMajority/Defs/Config.lean:2:18: * '. All rights reserved.':\n'Copyright (c) YYYY' should be followed by a space\n\n\nNote: This linter can be disabled with `set_option linter.style.header false`",
   "level": "warning"},
  {"message":
   "SSExactMajority/Defs/Config.lean:4:0: * '\n# Configuration\n\nA configuration C : V → Q × X assigns each agent a state and input.\nThe input is immutable throughout execution.\n\nFollowing Section 2.1: C changes to C' via interaction (u, v) ∈ E if\n  (C'(u), C'(v)) = δ(C(u), C(v))  and  ∀ w ≠ u, v : C'(w) = C(w).':\nIf an authors line spans multiple lines, each line but the last must end with a trailing comma\n\n\nNote: This linter can be disabled with `set_option linter.style.header false`",
   "level": "warning"},
  {"message":
   "SSExactMajority/Defs/Config.lean:4:0: * '\n# Config':\nThe authors line should begin with 'Authors: '\n\n\nNote: This linter can be disabled with `set_option linter.style.header false`",
   "level": "warning"},
  {"message":
   "SSExactMajority/Defs/Config.lean:11:0: * '  ':\nDouble spaces are not allowed.\n\n\nNote: This linter can be disabled with `set_option linter.style.header false`",
   "level": "warning"},
  {"message":
   "SSExactMajority/Defs/Config.lean:7:56: * ' and ':\nPlease, do not use 'and'; use ',' instead.\n\n\nNote: This linter can be disabled with `set_option linter.style.header false`",
   "level": "warning"},
  {"message":
   "SSExactMajority/Defs/Config.lean:7:66: * '.':\nPlease, do not end the authors' line with a period.\n\n\nNote: This linter can be disabled with `set_option linter.style.header false`",
   "level": "warning"},
  {"message":
   "SSExactMajority/Defs/Config.lean:18:0: The module doc-string for a file should be the first command after the imports.\nPlease, add a module doc-string before `namespace SSEM`.\n\nNote: This linter can be disabled with `set_option linter.style.header false`",
   "level": "warning"},
  {"message":
   "SSExactMajority/Defs/Config.lean:2:18: * '. All rights reserved.':\n'Copyright (c) YYYY' should be followed by a space\n\n\nNote: This linter can be disabled with `set_option linter.style.header false`",
   "level": "warning"},
  {"message":
   "SSExactMajority/Defs/Config.lean:4:0: * '\n# Configuration\n\nA configuration C : V → Q × X assigns each agent a state and input.\nThe input is immutable throughout execution.\n\nFollowing Section 2.1: C changes to C' via interaction (u, v) ∈ E if\n  (C'(u), C'(v)) = δ(C(u), C(v))  and  ∀ w ≠ u, v : C'(w) = C(w).':\nIf an authors line spans multiple lines, each line but the last must end with a trailing comma\n\n\nNote: This linter can be disabled with `set_option linter.style.header false`",
   "level": "warning"},
  {"message":
   "SSExactMajority/Defs/Config.lean:4:0: * '\n# Config':\nThe authors line should begin with 'Authors: '\n\n\nNote: This linter can be disabled with `set_option linter.style.header false`",
   "level": "warning"},
  {"message":
   "SSExactMajority/Defs/Config.lean:11:0: * '  ':\nDouble spaces are not allowed.\n\n\nNote: This linter can be disabled with `set_option linter.style.header false`",
   "level": "warning"},
  {"message":
   "SSExactMajority/Defs/Config.lean:7:56: * ' and ':\nPlease, do not use 'and'; use ',' instead.\n\n\nNote: This linter can be disabled with `set_option linter.style.header false`",
   "level": "warning"},
  {"message":
   "SSExactMajority/Defs/Config.lean:7:66: * '.':\nPlease, do not end the authors' line with a period.\n\n\nNote: This linter can be disabled with `set_option linter.style.header false`",
   "level": "warning"},
  {"message":
   "SSExactMajority/Defs/Config.lean:18:0: The module doc-string for a file should be the first command after the imports.\nPlease, add a module doc-string before `variable {Q X Y : Type*}`.\n\nNote: This linter can be disabled with `set_option linter.style.header false`",
   "level": "warning"},
  {"message":
   "SSExactMajority/Defs/Config.lean:2:18: * '. All rights reserved.':\n'Copyright (c) YYYY' should be followed by a space\n\n\nNote: This linter can be disabled with `set_option linter.style.header false`",
   "level": "warning"},
  {"message":
   "SSExactMajority/Defs/Config.lean:4:0: * '\n# Configuration\n\nA configuration C : V → Q × X assigns each agent a state and input.\nThe input is immutable throughout execution.\n\nFollowing Section 2.1: C changes to C' via interaction (u, v) ∈ E if\n  (C'(u), C'(v)) = δ(C(u), C(v))  and  ∀ w ≠ u, v : C'(w) = C(w).':\nIf an authors line spans multiple lines, each line but the last must end with a trailing comma\n\n\nNote: This linter can be disabled with `set_option linter.style.header false`",
   "level": "warning"},
  {"message":
   "SSExactMajority/Defs/Config.lean:4:0: * '\n# Config':\nThe authors line should begin with 'Authors: '\n\n\nNote: This linter can be disabled with `set_option linter.style.header false`",
   "level": "warning"},
  {"message":
   "SSExactMajority/Defs/Config.lean:11:0: * '  ':\nDouble spaces are not allowed.\n\n\nNote: This linter can be disabled with `set_option linter.style.header false`",
   "level": "warning"},
  {"message":
   "SSExactMajority/Defs/Config.lean:7:56: * ' and ':\nPlease, do not use 'and'; use ',' instead.\n\n\nNote: This linter can be disabled with `set_option linter.style.header false`",
   "level": "warning"},
  {"message":
   "SSExactMajority/Defs/Config.lean:7:66: * '.':\nPlease, do not end the authors' line with a period.\n\n\nNote: This linter can be disabled with `set_option linter.style.header false`",
   "level": "warning"},
  {"message":
   "SSExactMajority/Defs/Config.lean:18:0: The module doc-string for a file should be the first command after the imports.\nPlease, add a module doc-string before `/-- A configuration assigns each agent a (state, input) pair. -/\ndef Config (Q X : Type*) (n : ℕ) :=\n  Fin n → Q × X`.\n\nNote: This linter can be disabled with `set_option linter.style.header false`",
   "level": "warning"},
  {"message":
   "SSExactMajority/Defs/Config.lean:2:18: * '. All rights reserved.':\n'Copyright (c) YYYY' should be followed by a space\n\n\nNote: This linter can be disabled with `set_option linter.style.header false`",
   "level": "warning"},
  {"message":
   "SSExactMajority/Defs/Config.lean:4:0: * '\n# Configuration\n\nA configuration C : V → Q × X assigns each agent a state and input.\nThe input is immutable throughout execution.\n\nFollowing Section 2.1: C changes to C' via interaction (u, v) ∈ E if\n  (C'(u), C'(v)) = δ(C(u), C(v))  and  ∀ w ≠ u, v : C'(w) = C(w).':\nIf an authors line spans multiple lines, each line but the last must end with a trailing comma\n\n\nNote: This linter can be disabled with `set_option linter.style.header false`",
   "level": "warning"},
  {"message":
   "SSExactMajority/Defs/Config.lean:4:0: * '\n# Config':\nThe authors line should begin with 'Authors: '\n\n\nNote: This linter can be disabled with `set_option linter.style.header false`",
   "level": "warning"},
  {"message":
   "SSExactMajority/Defs/Config.lean:11:0: * '  ':\nDouble spaces are not allowed.\n\n\nNote: This linter can be disabled with `set_option linter.style.header false`",
   "level": "warning"},
  {"message":
   "SSExactMajority/Defs/Config.lean:7:56: * ' and ':\nPlease, do not use 'and'; use ',' instead.\n\n\nNote: This linter can be disabled with `set_option linter.style.header false`",
   "level": "warning"},
  {"message":
   "SSExactMajority/Defs/Config.lean:7:66: * '.':\nPlease, do not end the authors' line with a period.\n\n\nNote: This linter can be disabled with `set_option linter.style.header false`",
   "level": "warning"},
  {"message":
   "SSExactMajority/Defs/Config.lean:18:0: The module doc-string for a file should be the first command after the imports.\nPlease, add a module doc-string before `namespace Config`.\n\nNote: This linter can be disabled with `set_option linter.style.header false`",
   "level": "warning"},
  {"message":
   "SSExactMajority/Defs/Config.lean:2:18: * '. All rights reserved.':\n'Copyright (c) YYYY' should be followed by a space\n\n\nNote: This linter can be disabled with `set_option linter.style.header false`",
   "level": "warning"},
  {"message":
   "SSExactMajority/Defs/Config.lean:4:0: * '\n# Configuration\n\nA configuration C : V → Q × X assigns each agent a state and input.\nThe input is immutable throughout execution.\n\nFollowing Section 2.1: C changes to C' via interaction (u, v) ∈ E if\n  (C'(u), C'(v)) = δ(C(u), C(v))  and  ∀ w ≠ u, v : C'(w) = C(w).':\nIf an authors line spans multiple lines, each line but the last must end with a trailing comma\n\n\nNote: This linter can be disabled with `set_option linter.style.header false`",
   "level": "warning"},
  {"message":
   "SSExactMajority/Defs/Config.lean:4:0: * '\n# Config':\nThe authors line should begin with 'Authors: '\n\n\nNote: This linter can be disabled with `set_option linter.style.header false`",
   "level": "warning"},
  {"message":
   "SSExactMajority/Defs/Config.lean:11:0: * '  ':\nDouble spaces are not allowed.\n\n\nNote: This linter can be disabled with `set_option linter.style.header false`",
   "level": "warning"},
  {"message":
   "SSExactMajority/Defs/Config.lean:7:56: * ' and ':\nPlease, do not use 'and'; use ',' instead.\n\n\nNote: This linter can be disabled with `set_option linter.style.header false`",
   "level": "warning"},
  {"message":
   "SSExactMajority/Defs/Config.lean:7:66: * '.':\nPlease, do not end the authors' line with a period.\n\n\nNote: This linter can be disabled with `set_option linter.style.header false`",
   "level": "warning"},
  {"message":
   "SSExactMajority/Defs/Config.lean:18:0: The module doc-string for a file should be the first command after the imports.\nPlease, add a module doc-string before `variable {n : ℕ}`.\n\nNote: This linter can be disabled with `set_option linter.style.header false`",
   "level": "warning"},
  {"message":
   "SSExactMajority/Defs/Config.lean:2:18: * '. All rights reserved.':\n'Copyright (c) YYYY' should be followed by a space\n\n\nNote: This linter can be disabled with `set_option linter.style.header false`",
   "level": "warning"},
  {"message":
   "SSExactMajority/Defs/Config.lean:4:0: * '\n# Configuration\n\nA configuration C : V → Q × X assigns each agent a state and input.\nThe input is immutable throughout execution.\n\nFollowing Section 2.1: C changes to C' via interaction (u, v) ∈ E if\n  (C'(u), C'(v)) = δ(C(u), C(v))  and  ∀ w ≠ u, v : C'(w) = C(w).':\nIf an authors line spans multiple lines, each line but the last must end with a trailing comma\n\n\nNote: This linter can be disabled with `set_option linter.style.header false`",
   "level": "warning"},
  {"message":
   "SSExactMajority/Defs/Config.lean:4:0: * '\n# Config':\nThe authors line should begin with 'Authors: '\n\n\nNote: This linter can be disabled with `set_option linter.style.header false`",
   "level": "warning"},
  {"message":
   "SSExactMajority/Defs/Config.lean:11:0: * '  ':\nDouble spaces are not allowed.\n\n\nNote: This linter can be disabled with `set_option linter.style.header false`",
   "level": "warning"},
  {"message":
   "SSExactMajority/Defs/Config.lean:7:56: * ' and ':\nPlease, do not use 'and'; use ',' instead.\n\n\nNote: This linter can be disabled with `set_option linter.style.header false`",
   "level": "warning"},
  {"message":
   "SSExactMajority/Defs/Config.lean:7:66: * '.':\nPlease, do not end the authors' line with a period.\n\n\nNote: This linter can be disabled with `set_option linter.style.header false`",
   "level": "warning"},
  {"message":
   "SSExactMajority/Defs/Config.lean:18:0: The module doc-string for a file should be the first command after the imports.\nPlease, add a module doc-string before `/-- The state of agent v. -/\ndef stateOf (C : Config Q X n) (v : Fin n) : Q :=\n  (C v).1`.\n\nNote: This linter can be disabled with `set_option linter.style.header false`",
   "level": "warning"},
  {"message":
   "SSExactMajority/Defs/Config.lean:2:18: * '. All rights reserved.':\n'Copyright (c) YYYY' should be followed by a space\n\n\nNote: This linter can be disabled with `set_option linter.style.header false`",
   "level": "warning"},
  {"message":
   "SSExactMajority/Defs/Config.lean:4:0: * '\n# Configuration\n\nA configuration C : V → Q × X assigns each agent a state and input.\nThe input is immutable throughout execution.\n\nFollowing Section 2.1: C changes to C' via interaction (u, v) ∈ E if\n  (C'(u), C'(v)) = δ(C(u), C(v))  and  ∀ w ≠ u, v : C'(w) = C(w).':\nIf an authors line spans multiple lines, each line but the last must end with a trailing comma\n\n\nNote: This linter can be disabled with `set_option linter.style.header false`",
   "level": "warning"},
  {"message":
   "SSExactMajority/Defs/Config.lean:4:0: * '\n# Config':\nThe authors line should begin with 'Authors: '\n\n\nNote: This linter can be disabled with `set_option linter.style.header false`",
   "level": "warning"},
  {"message":
   "SSExactMajority/Defs/Config.lean:11:0: * '  ':\nDouble spaces are not allowed.\n\n\nNote: This linter can be disabled with `set_option linter.style.header false`",
   "level": "warning"},
  {"message":
   "SSExactMajority/Defs/Config.lean:7:56: * ' and ':\nPlease, do not use 'and'; use ',' instead.\n\n\nNote: This linter can be disabled with `set_option linter.style.header false`",
   "level": "warning"},
  {"message":
   "SSExactMajority/Defs/Config.lean:7:66: * '.':\nPlease, do not end the authors' line with a period.\n\n\nNote: This linter can be disabled with `set_option linter.style.header false`",
   "level": "warning"},
  {"message":
   "SSExactMajority/Defs/Config.lean:18:0: The module doc-string for a file should be the first command after the imports.\nPlease, add a module doc-string before `/-- The input of agent v. -/\ndef inputOf (C : Config Q X n) (v : Fin n) : X :=\n  (C v).2`.\n\nNote: This linter can be disabled with `set_option linter.style.header false`",
   "level": "warning"},
  {"message":
   "SSExactMajority/Defs/Config.lean:2:18: * '. All rights reserved.':\n'Copyright (c) YYYY' should be followed by a space\n\n\nNote: This linter can be disabled with `set_option linter.style.header false`",
   "level": "warning"},
  {"message":
   "SSExactMajority/Defs/Config.lean:4:0: * '\n# Configuration\n\nA configuration C : V → Q × X assigns each agent a state and input.\nThe input is immutable throughout execution.\n\nFollowing Section 2.1: C changes to C' via interaction (u, v) ∈ E if\n  (C'(u), C'(v)) = δ(C(u), C(v))  and  ∀ w ≠ u, v : C'(w) = C(w).':\nIf an authors line spans multiple lines, each line but the last must end with a trailing comma\n\n\nNote: This linter can be disabled with `set_option linter.style.header false`",
   "level": "warning"},
  {"message":
   "SSExactMajority/Defs/Config.lean:4:0: * '\n# Config':\nThe authors line should begin with 'Authors: '\n\n\nNote: This linter can be disabled with `set_option linter.style.header false`",
   "level": "warning"},
  {"message":
   "SSExactMajority/Defs/Config.lean:11:0: * '  ':\nDouble spaces are not allowed.\n\n\nNote: This linter can be disabled with `set_option linter.style.header false`",
   "level": "warning"},
  {"message":
   "SSExactMajority/Defs/Config.lean:7:56: * ' and ':\nPlease, do not use 'and'; use ',' instead.\n\n\nNote: This linter can be disabled with `set_option linter.style.header false`",
   "level": "warning"},
  {"message":
   "SSExactMajority/Defs/Config.lean:7:66: * '.':\nPlease, do not end the authors' line with a period.\n\n\nNote: This linter can be disabled with `set_option linter.style.header false`",
   "level": "warning"},
  {"message":
   "SSExactMajority/Defs/Config.lean:18:0: The module doc-string for a file should be the first command after the imports.\nPlease, add a module doc-string before `/-- The output of agent v under protocol P. -/\ndef outputOf (P : Protocol Q X Y) (C : Config Q X n) (v : Fin n) : Y :=\n  P.π_out (C v)`.\n\nNote: This linter can be disabled with `set_option linter.style.header false`",
   "level": "warning"},
  {"message":
   "SSExactMajority/Defs/Config.lean:2:18: * '. All rights reserved.':\n'Copyright (c) YYYY' should be followed by a space\n\n\nNote: This linter can be disabled with `set_option linter.style.header false`",
   "level": "warning"},
  {"message":
   "SSExactMajority/Defs/Config.lean:4:0: * '\n# Configuration\n\nA configuration C : V → Q × X assigns each agent a state and input.\nThe input is immutable throughout execution.\n\nFollowing Section 2.1: C changes to C' via interaction (u, v) ∈ E if\n  (C'(u), C'(v)) = δ(C(u), C(v))  and  ∀ w ≠ u, v : C'(w) = C(w).':\nIf an authors line spans multiple lines, each line but the last must end with a trailing comma\n\n\nNote: This linter can be disabled with `set_option linter.style.header false`",
   "level": "warning"},
  {"message":
   "SSExactMajority/Defs/Config.lean:4:0: * '\n# Config':\nThe authors line should begin with 'Authors: '\n\n\nNote: This linter can be disabled with `set_option linter.style.header false`",
   "level": "warning"},
  {"message":
   "SSExactMajority/Defs/Config.lean:11:0: * '  ':\nDouble spaces are not allowed.\n\n\nNote: This linter can be disabled with `set_option linter.style.header false`",
   "level": "warning"},
  {"message":
   "SSExactMajority/Defs/Config.lean:7:56: * ' and ':\nPlease, do not use 'and'; use ',' instead.\n\n\nNote: This linter can be disabled with `set_option linter.style.header false`",
   "level": "warning"},
  {"message":
   "SSExactMajority/Defs/Config.lean:7:66: * '.':\nPlease, do not end the authors' line with a period.\n\n\nNote: This linter can be disabled with `set_option linter.style.header false`",
   "level": "warning"},
  {"message":
   "SSExactMajority/Defs/Config.lean:18:0: The module doc-string for a file should be the first command after the imports.\nPlease, add a module doc-string before `/-- Apply one interaction: agents u (initiator) and v (responder) interact.\n    Self-interactions (u = v) are no-ops, matching the standard population\n    protocol model where E = {(u,v) ∈ V×V | u ≠ v}. -/\ndef step (P : Protocol Q X Y) (C : Config Q X n) (u v : Fin n) : Config Q X n :=\n  if u = v then C\n  else\n    let result := P.δ (C u, C v)\n    fun w => if w = u then (result.1, (C u).2) else if w = v then (result.2, (C v).2) else C w`.\n\nNote: This linter can be disabled with `set_option linter.style.header false`",
   "level": "warning"},
  {"message":
   "SSExactMajority/Defs/Config.lean:2:18: * '. All rights reserved.':\n'Copyright (c) YYYY' should be followed by a space\n\n\nNote: This linter can be disabled with `set_option linter.style.header false`",
   "level": "warning"},
  {"message":
   "SSExactMajority/Defs/Config.lean:4:0: * '\n# Configuration\n\nA configuration C : V → Q × X assigns each agent a state and input.\nThe input is immutable throughout execution.\n\nFollowing Section 2.1: C changes to C' via interaction (u, v) ∈ E if\n  (C'(u), C'(v)) = δ(C(u), C(v))  and  ∀ w ≠ u, v : C'(w) = C(w).':\nIf an authors line spans multiple lines, each line but the last must end with a trailing comma\n\n\nNote: This linter can be disabled with `set_option linter.style.header false`",
   "level": "warning"},
  {"message":
   "SSExactMajority/Defs/Config.lean:4:0: * '\n# Config':\nThe authors line should begin with 'Authors: '\n\n\nNote: This linter can be disabled with `set_option linter.style.header false`",
   "level": "warning"},
  {"message":
   "SSExactMajority/Defs/Config.lean:11:0: * '  ':\nDouble spaces are not allowed.\n\n\nNote: This linter can be disabled with `set_option linter.style.header false`",
   "level": "warning"},
  {"message":
   "SSExactMajority/Defs/Config.lean:7:56: * ' and ':\nPlease, do not use 'and'; use ',' instead.\n\n\nNote: This linter can be disabled with `set_option linter.style.header false`",
   "level": "warning"},
  {"message":
   "SSExactMajority/Defs/Config.lean:7:66: * '.':\nPlease, do not end the authors' line with a period.\n\n\nNote: This linter can be disabled with `set_option linter.style.header false`",
   "level": "warning"},
  {"message":
   "SSExactMajority/Defs/Config.lean:18:0: The module doc-string for a file should be the first command after the imports.\nPlease, add a module doc-string before `/-- All agents output the same value y. -/\ndef allOutput (P : Protocol Q X Y) (C : Config Q X n) (y : Y) : Prop :=\n  ∀ v : Fin n, C.outputOf P v = y`.\n\nNote: This linter can be disabled with `set_option linter.style.header false`",
   "level": "warning"},
  {"message":
   "SSExactMajority/Defs/Config.lean:2:18: * '. All rights reserved.':\n'Copyright (c) YYYY' should be followed by a space\n\n\nNote: This linter can be disabled with `set_option linter.style.header false`",
   "level": "warning"},
  {"message":
   "SSExactMajority/Defs/Config.lean:4:0: * '\n# Configuration\n\nA configuration C : V → Q × X assigns each agent a state and input.\nThe input is immutable throughout execution.\n\nFollowing Section 2.1: C changes to C' via interaction (u, v) ∈ E if\n  (C'(u), C'(v)) = δ(C(u), C(v))  and  ∀ w ≠ u, v : C'(w) = C(w).':\nIf an authors line spans multiple lines, each line but the last must end with a trailing comma\n\n\nNote: This linter can be disabled with `set_option linter.style.header false`",
   "level": "warning"},
  {"message":
   "SSExactMajority/Defs/Config.lean:4:0: * '\n# Config':\nThe authors line should begin with 'Authors: '\n\n\nNote: This linter can be disabled with `set_option linter.style.header false`",
   "level": "warning"},
  {"message":
   "SSExactMajority/Defs/Config.lean:11:0: * '  ':\nDouble spaces are not allowed.\n\n\nNote: This linter can be disabled with `set_option linter.style.header false`",
   "level": "warning"},
  {"message":
   "SSExactMajority/Defs/Config.lean:7:56: * ' and ':\nPlease, do not use 'and'; use ',' instead.\n\n\nNote: This linter can be disabled with `set_option linter.style.header false`",
   "level": "warning"},
  {"message":
   "SSExactMajority/Defs/Config.lean:7:66: * '.':\nPlease, do not end the authors' line with a period.\n\n\nNote: This linter can be disabled with `set_option linter.style.header false`",
   "level": "warning"},
  {"message":
   "SSExactMajority/Defs/Config.lean:18:0: The module doc-string for a file should be the first command after the imports.\nPlease, add a module doc-string before `/-- A configuration is silent if no interaction changes any agent's state. -/\ndef isSilent [DecidableEq Q] [DecidableEq X] (P : Protocol Q X Y) (C : Config Q X n) : Prop :=\n  ∀ u v : Fin n, C.step P u v = C`.\n\nNote: This linter can be disabled with `set_option linter.style.header false`",
   "level": "warning"},
  {"message":
   "SSExactMajority/Defs/Config.lean:2:18: * '. All rights reserved.':\n'Copyright (c) YYYY' should be followed by a space\n\n\nNote: This linter can be disabled with `set_option linter.style.header false`",
   "level": "warning"},
  {"message":
   "SSExactMajority/Defs/Config.lean:4:0: * '\n# Configuration\n\nA configuration C : V → Q × X assigns each agent a state and input.\nThe input is immutable throughout execution.\n\nFollowing Section 2.1: C changes to C' via interaction (u, v) ∈ E if\n  (C'(u), C'(v)) = δ(C(u), C(v))  and  ∀ w ≠ u, v : C'(w) = C(w).':\nIf an authors line spans multiple lines, each line but the last must end with a trailing comma\n\n\nNote: This linter can be disabled with `set_option linter.style.header false`",
   "level": "warning"},
  {"message":
   "SSExactMajority/Defs/Config.lean:4:0: * '\n# Config':\nThe authors line should begin with 'Authors: '\n\n\nNote: This linter can be disabled with `set_option linter.style.header false`",
   "level": "warning"},
  {"message":
   "SSExactMajority/Defs/Config.lean:11:0: * '  ':\nDouble spaces are not allowed.\n\n\nNote: This linter can be disabled with `set_option linter.style.header false`",
   "level": "warning"},
  {"message":
   "SSExactMajority/Defs/Config.lean:7:56: * ' and ':\nPlease, do not use 'and'; use ',' instead.\n\n\nNote: This linter can be disabled with `set_option linter.style.header false`",
   "level": "warning"},
  {"message":
   "SSExactMajority/Defs/Config.lean:7:66: * '.':\nPlease, do not end the authors' line with a period.\n\n\nNote: This linter can be disabled with `set_option linter.style.header false`",
   "level": "warning"},
  {"message":
   "SSExactMajority/Defs/Config.lean:18:0: The module doc-string for a file should be the first command after the imports.\nPlease, add a module doc-string before `/-- The set of agents with a given input. -/\ndef agentsWithInput [DecidableEq X] [Fintype (Fin n)] (C : Config Q X n) (x : X) : Finset (Fin n) :=\n  Finset.univ.filter (fun v => C.inputOf v = x)`.\n\nNote: This linter can be disabled with `set_option linter.style.header false`",
   "level": "warning"},
  {"message":
   "SSExactMajority/Defs/Config.lean:2:18: * '. All rights reserved.':\n'Copyright (c) YYYY' should be followed by a space\n\n\nNote: This linter can be disabled with `set_option linter.style.header false`",
   "level": "warning"},
  {"message":
   "SSExactMajority/Defs/Config.lean:4:0: * '\n# Configuration\n\nA configuration C : V → Q × X assigns each agent a state and input.\nThe input is immutable throughout execution.\n\nFollowing Section 2.1: C changes to C' via interaction (u, v) ∈ E if\n  (C'(u), C'(v)) = δ(C(u), C(v))  and  ∀ w ≠ u, v : C'(w) = C(w).':\nIf an authors line spans multiple lines, each line but the last must end with a trailing comma\n\n\nNote: This linter can be disabled with `set_option linter.style.header false`",
   "level": "warning"},
  {"message":
   "SSExactMajority/Defs/Config.lean:4:0: * '\n# Config':\nThe authors line should begin with 'Authors: '\n\n\nNote: This linter can be disabled with `set_option linter.style.header false`",
   "level": "warning"},
  {"message":
   "SSExactMajority/Defs/Config.lean:11:0: * '  ':\nDouble spaces are not allowed.\n\n\nNote: This linter can be disabled with `set_option linter.style.header false`",
   "level": "warning"},
  {"message":
   "SSExactMajority/Defs/Config.lean:7:56: * ' and ':\nPlease, do not use 'and'; use ',' instead.\n\n\nNote: This linter can be disabled with `set_option linter.style.header false`",
   "level": "warning"},
  {"message":
   "SSExactMajority/Defs/Config.lean:7:66: * '.':\nPlease, do not end the authors' line with a period.\n\n\nNote: This linter can be disabled with `set_option linter.style.header false`",
   "level": "warning"},
  {"message":
   "SSExactMajority/Defs/Config.lean:18:0: The module doc-string for a file should be the first command after the imports.\nPlease, add a module doc-string before `end Config`.\n\nNote: This linter can be disabled with `set_option linter.style.header false`",
   "level": "warning"},
  {"message":
   "SSExactMajority/Defs/Config.lean:2:18: * '. All rights reserved.':\n'Copyright (c) YYYY' should be followed by a space\n\n\nNote: This linter can be disabled with `set_option linter.style.header false`",
   "level": "warning"},
  {"message":
   "SSExactMajority/Defs/Config.lean:4:0: * '\n# Configuration\n\nA configuration C : V → Q × X assigns each agent a state and input.\nThe input is immutable throughout execution.\n\nFollowing Section 2.1: C changes to C' via interaction (u, v) ∈ E if\n  (C'(u), C'(v)) = δ(C(u), C(v))  and  ∀ w ≠ u, v : C'(w) = C(w).':\nIf an authors line spans multiple lines, each line but the last must end with a trailing comma\n\n\nNote: This linter can be disabled with `set_option linter.style.header false`",
   "level": "warning"},
  {"message":
   "SSExactMajority/Defs/Config.lean:4:0: * '\n# Config':\nThe authors line should begin with 'Authors: '\n\n\nNote: This linter can be disabled with `set_option linter.style.header false`",
   "level": "warning"},
  {"message":
   "SSExactMajority/Defs/Config.lean:11:0: * '  ':\nDouble spaces are not allowed.\n\n\nNote: This linter can be disabled with `set_option linter.style.header false`",
   "level": "warning"},
  {"message":
   "SSExactMajority/Defs/Config.lean:7:56: * ' and ':\nPlease, do not use 'and'; use ',' instead.\n\n\nNote: This linter can be disabled with `set_option linter.style.header false`",
   "level": "warning"},
  {"message":
   "SSExactMajority/Defs/Config.lean:7:66: * '.':\nPlease, do not end the authors' line with a period.\n\n\nNote: This linter can be disabled with `set_option linter.style.header false`",
   "level": "warning"},
  {"message":
   "SSExactMajority/Defs/Config.lean:18:0: The module doc-string for a file should be the first command after the imports.\nPlease, add a module doc-string before `end SSEM`.\n\nNote: This linter can be disabled with `set_option linter.style.header false`",
   "level": "warning"},
  {"message":
   "SSExactMajority/Defs/Config.lean:2:18: * '. All rights reserved.':\n'Copyright (c) YYYY' should be followed by a space\n\n\nNote: This linter can be disabled with `set_option linter.style.header false`",
   "level": "warning"},
  {"message":
   "SSExactMajority/Defs/Config.lean:4:0: * '\n# Configuration\n\nA configuration C : V → Q × X assigns each agent a state and input.\nThe input is immutable throughout execution.\n\nFollowing Section 2.1: C changes to C' via interaction (u, v) ∈ E if\n  (C'(u), C'(v)) = δ(C(u), C(v))  and  ∀ w ≠ u, v : C'(w) = C(w).':\nIf an authors line spans multiple lines, each line but the last must end with a trailing comma\n\n\nNote: This linter can be disabled with `set_option linter.style.header false`",
   "level": "warning"},
  {"message":
   "SSExactMajority/Defs/Config.lean:4:0: * '\n# Config':\nThe authors line should begin with 'Authors: '\n\n\nNote: This linter can be disabled with `set_option linter.style.header false`",
   "level": "warning"},
  {"message":
   "SSExactMajority/Defs/Config.lean:11:0: * '  ':\nDouble spaces are not allowed.\n\n\nNote: This linter can be disabled with `set_option linter.style.header false`",
   "level": "warning"},
  {"message":
   "SSExactMajority/Defs/Config.lean:7:56: * ' and ':\nPlease, do not use 'and'; use ',' instead.\n\n\nNote: This linter can be disabled with `set_option linter.style.header false`",
   "level": "warning"},
  {"message":
   "SSExactMajority/Defs/Config.lean:7:66: * '.':\nPlease, do not end the authors' line with a period.\n\n\nNote: This linter can be disabled with `set_option linter.style.header false`",
   "level": "warning"},
  {"message":
   "SSExactMajority/Defs/Config.lean:18:0: The module doc-string for a file should be the first command after the imports.\nPlease, add a module doc-string before ``.\n\nNote: This linter can be disabled with `set_option linter.style.header false`",
   "level": "warning"}],
 "inputs":
 [["SSExactMajority.Defs.Config:deps",
   [["deps",
     [["SSExactMajority/SSExactMajority:extraDep",
       [["@SSExactMajority:extraDep", "00000000000006bb"]]],
      ["imports",
       [["SSExactMajority.Defs.Protocol transitive imports (legacy)",
         "be6d7fab06f03652"],
        ["SSExactMajority.Defs.Protocol:importAllArts", "ec5aed2877432207"],
        ["Mathlib.Data.Fintype.Basic transitive imports (legacy)",
         "759046ca4bbb0c46"],
        ["Mathlib.Data.Fintype.Basic:importAllArts", "e86ae50007fde6e6"],
        ["Mathlib.Data.Finset.Basic transitive imports (legacy)",
         "e9643a503ae66ac4"],
        ["Mathlib.Data.Finset.Basic:importAllArts", "0edbe396133a046c"]]]]],
    ["libs",
     [["import dynlibs", "00000000000006bb"],
      ["package external libraries", "00000000000006bb"],
      ["module dynlibs", "00000000000006bb"],
      ["module plugins", "00000000000006bb"]]]]],
  ["Lean 4.30.0, commit d024af099ca4bf2c86f649261ebf59565dc8c622",
   "2f4703bb19086252"],
  ["/data/home/xhuan5/repos/SSExactMajority/SSExactMajority/Defs/Config.lean",
   "dc61579c29d34e73"],
  ["options",
   [["-Dweak.linter.mathlibStandardSet=true", "8a155799906f2b42"],
    ["-DrelaxedAutoImplicit=false", "74a2b5546b55be80"],
    ["-Dpp.unicode.fun=true", "9b94070140457fab"]]],
  ["isModule: false", "feefd2a0d3a1847e"],
  ["Module.name: SSExactMajority.Defs.Config", "fac0875717e127b7"],
  ["Package.id?: (some SSExactMajority)", "216f9e708503a682"],
  ["Module.leanArgs: #[]", "00000000000006bb"]],
 "depHash": "4b42578f6288662f"}