{"synthetic": false,
 "schemaVersion": "2025-09-10",
 "outputs":
 {"o": ["adb3fc34c22cf11b.olean"],
  "m": false,
  "i": "7a6db29b82a5cdd8.ilean",
  "c": "5df750940986de76.c"},
 "log":
 [{"message":
   ".> LEAN_PATH=/data/home/xhuan5/repos/SSExactMajority/.lake/packages/Cli/.lake/build/lib/lean:/data/home/xhuan5/repos/SSExactMajority/.lake/packages/batteries/.lake/build/lib/lean:/data/home/xhuan5/repos/SSExactMajority/.lake/packages/Qq/.lake/build/lib/lean:/data/home/xhuan5/repos/SSExactMajority/.lake/packages/aesop/.lake/build/lib/lean:/data/home/xhuan5/repos/SSExactMajority/.lake/packages/proofwidgets/.lake/build/lib/lean:/data/home/xhuan5/repos/SSExactMajority/.lake/packages/importGraph/.lake/build/lib/lean:/data/home/xhuan5/repos/SSExactMajority/.lake/packages/LeanSearchClient/.lake/build/lib/lean:/data/home/xhuan5/repos/SSExactMajority/.lake/packages/plausible/.lake/build/lib/lean:/data/home/xhuan5/repos/SSExactMajority/.lake/packages/mathlib/.lake/build/lib/lean:/data/home/xhuan5/repos/SSExactMajority/.lake/build/lib/lean /data/home/xhuan5/.elan/toolchains/leanprover--lean4---v4.30.0/bin/lean /data/home/xhuan5/repos/SSExactMajority/SSExactMajority/Defs/Execution.lean -o /data/home/xhuan5/repos/SSExactMajority/.lake/build/lib/lean/SSExactMajority/Defs/Execution.olean -i /data/home/xhuan5/repos/SSExactMajority/.lake/build/lib/lean/SSExactMajority/Defs/Execution.ilean -c /data/home/xhuan5/repos/SSExactMajority/.lake/build/ir/SSExactMajority/Defs/Execution.c --setup /data/home/xhuan5/repos/SSExactMajority/.lake/build/ir/SSExactMajority/Defs/Execution.setup.json --json",
   "level": "trace"},
  {"message":
   "SSExactMajority/Defs/Execution.lean:2:18: * '. All rights reserved.':\n'Copyright (c) YYYY' should be followed by a space\n\n\nNote: This linter can be disabled with `set_option linter.style.header false`",
   "level": "warning"},
  {"message":
   "SSExactMajority/Defs/Execution.lean:4:0: * '\n# Execution and Schedulers\n\nA deterministic scheduler γ picks an ordered pair of agents at each step.\nAn execution applies γ to the configuration step by step.\n\nKey definition: isOutputStable = \"safe\" in the paper (outputs never change\nin any execution from this config).':\nIf an authors line spans multiple lines, each line but the last must end with a trailing comma\n\n\nNote: This linter can be disabled with `set_option linter.style.header false`",
   "level": "warning"},
  {"message":
   "SSExactMajority/Defs/Execution.lean:4:0: * '\n# Execut':\nThe authors line should begin with 'Authors: '\n\n\nNote: This linter can be disabled with `set_option linter.style.header false`",
   "level": "warning"},
  {"message":
   "SSExactMajority/Defs/Execution.lean:5:11: * ' and ':\nPlease, do not use 'and'; use ',' instead.\n\n\nNote: This linter can be disabled with `set_option linter.style.header false`",
   "level": "warning"},
  {"message":
   "SSExactMajority/Defs/Execution.lean:7:72: * '.':\nPlease, do not end the authors' line with a period.\n\n\nNote: This linter can be disabled with `set_option linter.style.header false`",
   "level": "warning"},
  {"message":
   "SSExactMajority/Defs/Execution.lean:17:0: The module doc-string for a file should be the first command after the imports.\nPlease, add a module doc-string before `namespace SSEM`.\n\nNote: This linter can be disabled with `set_option linter.style.header false`",
   "level": "warning"},
  {"message":
   "SSExactMajority/Defs/Execution.lean:2:18: * '. All rights reserved.':\n'Copyright (c) YYYY' should be followed by a space\n\n\nNote: This linter can be disabled with `set_option linter.style.header false`",
   "level": "warning"},
  {"message":
   "SSExactMajority/Defs/Execution.lean:4:0: * '\n# Execution and Schedulers\n\nA deterministic scheduler γ picks an ordered pair of agents at each step.\nAn execution applies γ to the configuration step by step.\n\nKey definition: isOutputStable = \"safe\" in the paper (outputs never change\nin any execution from this config).':\nIf an authors line spans multiple lines, each line but the last must end with a trailing comma\n\n\nNote: This linter can be disabled with `set_option linter.style.header false`",
   "level": "warning"},
  {"message":
   "SSExactMajority/Defs/Execution.lean:4:0: * '\n# Execut':\nThe authors line should begin with 'Authors: '\n\n\nNote: This linter can be disabled with `set_option linter.style.header false`",
   "level": "warning"},
  {"message":
   "SSExactMajority/Defs/Execution.lean:5:11: * ' and ':\nPlease, do not use 'and'; use ',' instead.\n\n\nNote: This linter can be disabled with `set_option linter.style.header false`",
   "level": "warning"},
  {"message":
   "SSExactMajority/Defs/Execution.lean:7:72: * '.':\nPlease, do not end the authors' line with a period.\n\n\nNote: This linter can be disabled with `set_option linter.style.header false`",
   "level": "warning"},
  {"message":
   "SSExactMajority/Defs/Execution.lean:17:0: The module doc-string for a file should be the first command after the imports.\nPlease, add a module doc-string before `variable {Q X Y : Type*} {n : ℕ}`.\n\nNote: This linter can be disabled with `set_option linter.style.header false`",
   "level": "warning"},
  {"message":
   "SSExactMajority/Defs/Execution.lean:2:18: * '. All rights reserved.':\n'Copyright (c) YYYY' should be followed by a space\n\n\nNote: This linter can be disabled with `set_option linter.style.header false`",
   "level": "warning"},
  {"message":
   "SSExactMajority/Defs/Execution.lean:4:0: * '\n# Execution and Schedulers\n\nA deterministic scheduler γ picks an ordered pair of agents at each step.\nAn execution applies γ to the configuration step by step.\n\nKey definition: isOutputStable = \"safe\" in the paper (outputs never change\nin any execution from this config).':\nIf an authors line spans multiple lines, each line but the last must end with a trailing comma\n\n\nNote: This linter can be disabled with `set_option linter.style.header false`",
   "level": "warning"},
  {"message":
   "SSExactMajority/Defs/Execution.lean:4:0: * '\n# Execut':\nThe authors line should begin with 'Authors: '\n\n\nNote: This linter can be disabled with `set_option linter.style.header false`",
   "level": "warning"},
  {"message":
   "SSExactMajority/Defs/Execution.lean:5:11: * ' and ':\nPlease, do not use 'and'; use ',' instead.\n\n\nNote: This linter can be disabled with `set_option linter.style.header false`",
   "level": "warning"},
  {"message":
   "SSExactMajority/Defs/Execution.lean:7:72: * '.':\nPlease, do not end the authors' line with a period.\n\n\nNote: This linter can be disabled with `set_option linter.style.header false`",
   "level": "warning"},
  {"message":
   "SSExactMajority/Defs/Execution.lean:17:0: The module doc-string for a file should be the first command after the imports.\nPlease, add a module doc-string before `/-- A deterministic scheduler picks an ordered pair of agents at each step. -/\ndef DetScheduler (n : ℕ) :=\n  ℕ → Fin n × Fin n`.\n\nNote: This linter can be disabled with `set_option linter.style.header false`",
   "level": "warning"},
  {"message":
   "SSExactMajority/Defs/Execution.lean:2:18: * '. All rights reserved.':\n'Copyright (c) YYYY' should be followed by a space\n\n\nNote: This linter can be disabled with `set_option linter.style.header false`",
   "level": "warning"},
  {"message":
   "SSExactMajority/Defs/Execution.lean:4:0: * '\n# Execution and Schedulers\n\nA deterministic scheduler γ picks an ordered pair of agents at each step.\nAn execution applies γ to the configuration step by step.\n\nKey definition: isOutputStable = \"safe\" in the paper (outputs never change\nin any execution from this config).':\nIf an authors line spans multiple lines, each line but the last must end with a trailing comma\n\n\nNote: This linter can be disabled with `set_option linter.style.header false`",
   "level": "warning"},
  {"message":
   "SSExactMajority/Defs/Execution.lean:4:0: * '\n# Execut':\nThe authors line should begin with 'Authors: '\n\n\nNote: This linter can be disabled with `set_option linter.style.header false`",
   "level": "warning"},
  {"message":
   "SSExactMajority/Defs/Execution.lean:5:11: * ' and ':\nPlease, do not use 'and'; use ',' instead.\n\n\nNote: This linter can be disabled with `set_option linter.style.header false`",
   "level": "warning"},
  {"message":
   "SSExactMajority/Defs/Execution.lean:7:72: * '.':\nPlease, do not end the authors' line with a period.\n\n\nNote: This linter can be disabled with `set_option linter.style.header false`",
   "level": "warning"},
  {"message":
   "SSExactMajority/Defs/Execution.lean:17:0: The module doc-string for a file should be the first command after the imports.\nPlease, add a module doc-string before `/-- Execute protocol P from C₀ under scheduler γ for t steps. -/\ndef execution (P : Protocol Q X Y) (C₀ : Config Q X n) (γ : DetScheduler n) : ℕ → Config Q X n\n  | 0 => C₀\n  | t + 1 => (execution P C₀ γ t).step P (γ t).1 (γ t).2`.\n\nNote: This linter can be disabled with `set_option linter.style.header false`",
   "level": "warning"},
  {"message":
   "SSExactMajority/Defs/Execution.lean:2:18: * '. All rights reserved.':\n'Copyright (c) YYYY' should be followed by a space\n\n\nNote: This linter can be disabled with `set_option linter.style.header false`",
   "level": "warning"},
  {"message":
   "SSExactMajority/Defs/Execution.lean:4:0: * '\n# Execution and Schedulers\n\nA deterministic scheduler γ picks an ordered pair of agents at each step.\nAn execution applies γ to the configuration step by step.\n\nKey definition: isOutputStable = \"safe\" in the paper (outputs never change\nin any execution from this config).':\nIf an authors line spans multiple lines, each line but the last must end with a trailing comma\n\n\nNote: This linter can be disabled with `set_option linter.style.header false`",
   "level": "warning"},
  {"message":
   "SSExactMajority/Defs/Execution.lean:4:0: * '\n# Execut':\nThe authors line should begin with 'Authors: '\n\n\nNote: This linter can be disabled with `set_option linter.style.header false`",
   "level": "warning"},
  {"message":
   "SSExactMajority/Defs/Execution.lean:5:11: * ' and ':\nPlease, do not use 'and'; use ',' instead.\n\n\nNote: This linter can be disabled with `set_option linter.style.header false`",
   "level": "warning"},
  {"message":
   "SSExactMajority/Defs/Execution.lean:7:72: * '.':\nPlease, do not end the authors' line with a period.\n\n\nNote: This linter can be disabled with `set_option linter.style.header false`",
   "level": "warning"},
  {"message":
   "SSExactMajority/Defs/Execution.lean:17:0: The module doc-string for a file should be the first command after the imports.\nPlease, add a module doc-string before `/-- A configuration is output-stable (\"safe\" in the paper):\n    for any execution from C, all agents' outputs are unchanged. -/\ndef Config.isOutputStable (P : Protocol Q X Y) (C : Config Q X n) : Prop :=\n  ∀ (γ : DetScheduler n) (t : ℕ) (w : Fin n), C.outputOf P w = (execution P C γ t).outputOf P w`.\n\nNote: This linter can be disabled with `set_option linter.style.header false`",
   "level": "warning"},
  {"message":
   "SSExactMajority/Defs/Execution.lean:2:18: * '. All rights reserved.':\n'Copyright (c) YYYY' should be followed by a space\n\n\nNote: This linter can be disabled with `set_option linter.style.header false`",
   "level": "warning"},
  {"message":
   "SSExactMajority/Defs/Execution.lean:4:0: * '\n# Execution and Schedulers\n\nA deterministic scheduler γ picks an ordered pair of agents at each step.\nAn execution applies γ to the configuration step by step.\n\nKey definition: isOutputStable = \"safe\" in the paper (outputs never change\nin any execution from this config).':\nIf an authors line spans multiple lines, each line but the last must end with a trailing comma\n\n\nNote: This linter can be disabled with `set_option linter.style.header false`",
   "level": "warning"},
  {"message":
   "SSExactMajority/Defs/Execution.lean:4:0: * '\n# Execut':\nThe authors line should begin with 'Authors: '\n\n\nNote: This linter can be disabled with `set_option linter.style.header false`",
   "level": "warning"},
  {"message":
   "SSExactMajority/Defs/Execution.lean:5:11: * ' and ':\nPlease, do not use 'and'; use ',' instead.\n\n\nNote: This linter can be disabled with `set_option linter.style.header false`",
   "level": "warning"},
  {"message":
   "SSExactMajority/Defs/Execution.lean:7:72: * '.':\nPlease, do not end the authors' line with a period.\n\n\nNote: This linter can be disabled with `set_option linter.style.header false`",
   "level": "warning"},
  {"message":
   "SSExactMajority/Defs/Execution.lean:17:0: The module doc-string for a file should be the first command after the imports.\nPlease, add a module doc-string before `/-- The correct majority output given counts. -/\ndef ExactMajoritySafe' [DecidableEq X] (P : Protocol Q X Y) (C : Config Q X n) (inA inB : X) (outA outB outT : Y) :\n    Prop :=\n  let Va := C.agentsWithInput inA\n  let Vb := C.agentsWithInput inB\n  if Va.card > Vb.card then C.allOutput P outA\n  else if Va.card < Vb.card then C.allOutput P outB else C.allOutput P outT`.\n\nNote: This linter can be disabled with `set_option linter.style.header false`",
   "level": "warning"},
  {"message":
   "SSExactMajority/Defs/Execution.lean:2:18: * '. All rights reserved.':\n'Copyright (c) YYYY' should be followed by a space\n\n\nNote: This linter can be disabled with `set_option linter.style.header false`",
   "level": "warning"},
  {"message":
   "SSExactMajority/Defs/Execution.lean:4:0: * '\n# Execution and Schedulers\n\nA deterministic scheduler γ picks an ordered pair of agents at each step.\nAn execution applies γ to the configuration step by step.\n\nKey definition: isOutputStable = \"safe\" in the paper (outputs never change\nin any execution from this config).':\nIf an authors line spans multiple lines, each line but the last must end with a trailing comma\n\n\nNote: This linter can be disabled with `set_option linter.style.header false`",
   "level": "warning"},
  {"message":
   "SSExactMajority/Defs/Execution.lean:4:0: * '\n# Execut':\nThe authors line should begin with 'Authors: '\n\n\nNote: This linter can be disabled with `set_option linter.style.header false`",
   "level": "warning"},
  {"message":
   "SSExactMajority/Defs/Execution.lean:5:11: * ' and ':\nPlease, do not use 'and'; use ',' instead.\n\n\nNote: This linter can be disabled with `set_option linter.style.header false`",
   "level": "warning"},
  {"message":
   "SSExactMajority/Defs/Execution.lean:7:72: * '.':\nPlease, do not end the authors' line with a period.\n\n\nNote: This linter can be disabled with `set_option linter.style.header false`",
   "level": "warning"},
  {"message":
   "SSExactMajority/Defs/Execution.lean:17:0: The module doc-string for a file should be the first command after the imports.\nPlease, add a module doc-string before `/-- Protocol P solves self-stabilizing exact majority on n agents:\n    from any initial config, some execution reaches an output-stable config\n    with the correct majority output. -/\ndef SolvesSSEM [DecidableEq Q] [DecidableEq Opinion] (P : Protocol Q Opinion Output) (n : ℕ) : Prop :=\n  ∀ C₀ : Config Q Opinion n,\n    ∃ (γ : DetScheduler n) (t : ℕ),\n      let C := execution P C₀ γ t\n      C.isOutputStable P ∧ ExactMajoritySafe' P C Opinion.A Opinion.B Output.A Output.B Output.T`.\n\nNote: This linter can be disabled with `set_option linter.style.header false`",
   "level": "warning"},
  {"message":
   "SSExactMajority/Defs/Execution.lean:2:18: * '. All rights reserved.':\n'Copyright (c) YYYY' should be followed by a space\n\n\nNote: This linter can be disabled with `set_option linter.style.header false`",
   "level": "warning"},
  {"message":
   "SSExactMajority/Defs/Execution.lean:4:0: * '\n# Execution and Schedulers\n\nA deterministic scheduler γ picks an ordered pair of agents at each step.\nAn execution applies γ to the configuration step by step.\n\nKey definition: isOutputStable = \"safe\" in the paper (outputs never change\nin any execution from this config).':\nIf an authors line spans multiple lines, each line but the last must end with a trailing comma\n\n\nNote: This linter can be disabled with `set_option linter.style.header false`",
   "level": "warning"},
  {"message":
   "SSExactMajority/Defs/Execution.lean:4:0: * '\n# Execut':\nThe authors line should begin with 'Authors: '\n\n\nNote: This linter can be disabled with `set_option linter.style.header false`",
   "level": "warning"},
  {"message":
   "SSExactMajority/Defs/Execution.lean:5:11: * ' and ':\nPlease, do not use 'and'; use ',' instead.\n\n\nNote: This linter can be disabled with `set_option linter.style.header false`",
   "level": "warning"},
  {"message":
   "SSExactMajority/Defs/Execution.lean:7:72: * '.':\nPlease, do not end the authors' line with a period.\n\n\nNote: This linter can be disabled with `set_option linter.style.header false`",
   "level": "warning"},
  {"message":
   "SSExactMajority/Defs/Execution.lean:17:0: The module doc-string for a file should be the first command after the imports.\nPlease, add a module doc-string before `end SSEM`.\n\nNote: This linter can be disabled with `set_option linter.style.header false`",
   "level": "warning"},
  {"message":
   "SSExactMajority/Defs/Execution.lean:2:18: * '. All rights reserved.':\n'Copyright (c) YYYY' should be followed by a space\n\n\nNote: This linter can be disabled with `set_option linter.style.header false`",
   "level": "warning"},
  {"message":
   "SSExactMajority/Defs/Execution.lean:4:0: * '\n# Execution and Schedulers\n\nA deterministic scheduler γ picks an ordered pair of agents at each step.\nAn execution applies γ to the configuration step by step.\n\nKey definition: isOutputStable = \"safe\" in the paper (outputs never change\nin any execution from this config).':\nIf an authors line spans multiple lines, each line but the last must end with a trailing comma\n\n\nNote: This linter can be disabled with `set_option linter.style.header false`",
   "level": "warning"},
  {"message":
   "SSExactMajority/Defs/Execution.lean:4:0: * '\n# Execut':\nThe authors line should begin with 'Authors: '\n\n\nNote: This linter can be disabled with `set_option linter.style.header false`",
   "level": "warning"},
  {"message":
   "SSExactMajority/Defs/Execution.lean:5:11: * ' and ':\nPlease, do not use 'and'; use ',' instead.\n\n\nNote: This linter can be disabled with `set_option linter.style.header false`",
   "level": "warning"},
  {"message":
   "SSExactMajority/Defs/Execution.lean:7:72: * '.':\nPlease, do not end the authors' line with a period.\n\n\nNote: This linter can be disabled with `set_option linter.style.header false`",
   "level": "warning"},
  {"message":
   "SSExactMajority/Defs/Execution.lean:17:0: The module doc-string for a file should be the first command after the imports.\nPlease, add a module doc-string before ``.\n\nNote: This linter can be disabled with `set_option linter.style.header false`",
   "level": "warning"}],
 "inputs":
 [["SSExactMajority.Defs.Execution:deps",
   [["deps",
     [["SSExactMajority/SSExactMajority:extraDep",
       [["@SSExactMajority:extraDep", "00000000000006bb"]]],
      ["imports",
       [["SSExactMajority.Defs.Config transitive imports (legacy)",
         "ac3780e6a7d32cbc"],
        ["SSExactMajority.Defs.Config:importAllArts", "a338c88c0fd6285e"],
        ["Mathlib.Data.Finset.Card transitive imports (legacy)",
         "551b6d8032556119"],
        ["Mathlib.Data.Finset.Card:importAllArts", "fee2edb7b2615788"]]]]],
    ["libs",
     [["import dynlibs", "00000000000006bb"],
      ["package external libraries", "00000000000006bb"],
      ["module dynlibs", "00000000000006bb"],
      ["module plugins", "00000000000006bb"]]]]],
  ["Lean 4.30.0, commit d024af099ca4bf2c86f649261ebf59565dc8c622",
   "2f4703bb19086252"],
  ["/data/home/xhuan5/repos/SSExactMajority/SSExactMajority/Defs/Execution.lean",
   "7a1fc5d2c6d8877c"],
  ["options",
   [["-Dweak.linter.mathlibStandardSet=true", "8a155799906f2b42"],
    ["-DrelaxedAutoImplicit=false", "74a2b5546b55be80"],
    ["-Dpp.unicode.fun=true", "9b94070140457fab"]]],
  ["isModule: false", "feefd2a0d3a1847e"],
  ["Module.name: SSExactMajority.Defs.Execution", "38afa7621b881852"],
  ["Package.id?: (some SSExactMajority)", "216f9e708503a682"],
  ["Module.leanArgs: #[]", "00000000000006bb"]],
 "depHash": "d5c6f342feb931f9"}