{"synthetic": false,
 "schemaVersion": "2025-09-10",
 "outputs":
 {"o": ["4f9dbc530b89a441.olean"],
  "m": false,
  "i": "80eb36ff379c53ad.ilean",
  "c": "ea439a9a3f638ed4.c"},
 "log":
 [{"message":
   ".> LEAN_PATH=/data/home/xhuan5/repos/SSExactMajority/.lake/packages/Cli/.lake/build/lib/lean:/data/home/xhuan5/repos/SSExactMajority/.lake/packages/batteries/.lake/build/lib/lean:/data/home/xhuan5/repos/SSExactMajority/.lake/packages/Qq/.lake/build/lib/lean:/data/home/xhuan5/repos/SSExactMajority/.lake/packages/aesop/.lake/build/lib/lean:/data/home/xhuan5/repos/SSExactMajority/.lake/packages/proofwidgets/.lake/build/lib/lean:/data/home/xhuan5/repos/SSExactMajority/.lake/packages/importGraph/.lake/build/lib/lean:/data/home/xhuan5/repos/SSExactMajority/.lake/packages/LeanSearchClient/.lake/build/lib/lean:/data/home/xhuan5/repos/SSExactMajority/.lake/packages/plausible/.lake/build/lib/lean:/data/home/xhuan5/repos/SSExactMajority/.lake/packages/mathlib/.lake/build/lib/lean:/data/home/xhuan5/repos/SSExactMajority/.lake/build/lib/lean /data/home/xhuan5/.elan/toolchains/leanprover--lean4---v4.30.0/bin/lean /data/home/xhuan5/repos/SSExactMajority/SSExactMajority.lean -o /data/home/xhuan5/repos/SSExactMajority/.lake/build/lib/lean/SSExactMajority.olean -i /data/home/xhuan5/repos/SSExactMajority/.lake/build/lib/lean/SSExactMajority.ilean -c /data/home/xhuan5/repos/SSExactMajority/.lake/build/ir/SSExactMajority.c --setup /data/home/xhuan5/repos/SSExactMajority/.lake/build/ir/SSExactMajority.setup.json --json",
   "level": "trace"}],
 "inputs":
 [["SSExactMajority:deps",
   [["deps",
     [["SSExactMajority/SSExactMajority:extraDep",
       [["@SSExactMajority:extraDep", "00000000000006bb"]]],
      ["imports",
       [["SSExactMajority.Defs.Protocol transitive imports (legacy)",
         "be6d7fab06f03652"],
        ["SSExactMajority.Defs.Protocol:importAllArts", "ec5aed2877432207"],
        ["SSExactMajority.Defs.Config transitive imports (legacy)",
         "ac3780e6a7d32cbc"],
        ["SSExactMajority.Defs.Config:importAllArts", "a338c88c0fd6285e"],
        ["SSExactMajority.Defs.Execution transitive imports (legacy)",
         "b0e96ee57fc227eb"],
        ["SSExactMajority.Defs.Execution:importAllArts", "80edd9f14896ca67"],
        ["SSExactMajority.Defs.ExactMajority transitive imports (legacy)",
         "ebdcdb1dff5bf6c5"],
        ["SSExactMajority.Defs.ExactMajority:importAllArts",
         "5d796a4c5a82f832"],
        ["SSExactMajority.Embed transitive imports (legacy)",
         "7d82ede7dca3221f"],
        ["SSExactMajority.Embed:importAllArts", "6fa64c51ad35c941"],
        ["SSExactMajority.Impossibility.WithoutN transitive imports (legacy)",
         "7aeb0c13fefa012b"],
        ["SSExactMajority.Impossibility.WithoutN:importAllArts",
         "d3a661b1b5e9e6d8"],
        ["SSExactMajority.LowerBound.Space transitive imports (legacy)",
         "c8d662e2631930db"],
        ["SSExactMajority.LowerBound.Space:importAllArts", "e09600e3a26de6a1"],
        ["SSExactMajority.LowerBound.Time transitive imports (legacy)",
         "49d513c9fb24b788"],
        ["SSExactMajority.LowerBound.Time:importAllArts", "10aa484a282203cf"],
        ["SSExactMajority.Protocol.State transitive imports (legacy)",
         "e5ccaf785cc122bd"],
        ["SSExactMajority.Protocol.State:importAllArts", "98fbab3444f12f27"],
        ["SSExactMajority.Protocol.Transition transitive imports (legacy)",
         "50bc6062b51baa22"],
        ["SSExactMajority.Protocol.Transition:importAllArts",
         "c0dad596a0a030c3"],
        ["SSExactMajority.Protocol.Correctness transitive imports (legacy)",
         "61644906a9f72658"],
        ["SSExactMajority.Protocol.Correctness:importAllArts",
         "8e1473817ad2eab7"],
        ["SSExactMajority.Protocol.RankDelta transitive imports (legacy)",
         "716982364c60bdd8"],
        ["SSExactMajority.Protocol.RankDelta:importAllArts",
         "3134a7c6d84cfe64"],
        ["SSExactMajority.Convergence.Silent transitive imports (legacy)",
         "4d4f4c2f35a12d97"],
        ["SSExactMajority.Convergence.Silent:importAllArts",
         "c2ce3261b291c005"],
        ["SSExactMajority.Convergence.AnswerPreservation transitive imports (legacy)",
         "334e6a7d2ef9c4c7"],
        ["SSExactMajority.Convergence.AnswerPreservation:importAllArts",
         "b839c5d0bc10cb29"],
        ["SSExactMajority.Convergence.StatePreservation transitive imports (legacy)",
         "653600efbd252f74"],
        ["SSExactMajority.Convergence.StatePreservation:importAllArts",
         "e117ebf49dce841f"],
        ["SSExactMajority.Convergence.Step transitive imports (legacy)",
         "1d54eb5092d8e89b"],
        ["SSExactMajority.Convergence.Step:importAllArts", "5265502baba02b33"],
        ["SSExactMajority.Convergence.Theorem4 transitive imports (legacy)",
         "f387508920c3a0a5"],
        ["SSExactMajority.Convergence.Theorem4:importAllArts",
         "332e9ae313ae5118"],
        ["SSExactMajority.Convergence.Sets transitive imports (legacy)",
         "f6c932db1220d157"],
        ["SSExactMajority.Convergence.Sets:importAllArts", "82ddc208743c96bc"],
        ["SSExactMajority.Convergence.Schedule transitive imports (legacy)",
         "ebdcdb1dff5bf6c5"],
        ["SSExactMajority.Convergence.Schedule:importAllArts",
         "fe0db90d8541527d"],
        ["SSExactMajority.Convergence.Composition transitive imports (legacy)",
         "8c8abd82050aa99f"],
        ["SSExactMajority.Convergence.Composition:importAllArts",
         "87dba61516ebf82c"],
        ["SSExactMajority.Convergence.SwapPhase transitive imports (legacy)",
         "e8878a3cafc175b8"],
        ["SSExactMajority.Convergence.SwapPhase:importAllArts",
         "32bb05d1567f62d8"],
        ["SSExactMajority.Convergence.PotentialReach transitive imports (legacy)",
         "3246214c89dffae4"],
        ["SSExactMajority.Convergence.PotentialReach:importAllArts",
         "94474cff360dbb8d"],
        ["SSExactMajority.Convergence.SwapReach transitive imports (legacy)",
         "72caf2ea6c94176e"],
        ["SSExactMajority.Convergence.SwapReach:importAllArts",
         "95ef2b482cc79878"],
        ["SSExactMajority.Convergence.DecisionReach transitive imports (legacy)",
         "bcbb60d20576b46e"],
        ["SSExactMajority.Convergence.DecisionReach:importAllArts",
         "ff42cb39a7a49e75"],
        ["SSExactMajority.Convergence.SwapStep transitive imports (legacy)",
         "96539fd510013d39"],
        ["SSExactMajority.Convergence.SwapStep:importAllArts",
         "59dd8b6e201ab488"],
        ["SSExactMajority.Convergence.TrivialBase transitive imports (legacy)",
         "30cd6e2a0199771b"],
        ["SSExactMajority.Convergence.TrivialBase:importAllArts",
         "71fab7b13fab2f66"],
        ["SSExactMajority.Convergence.NonMedianExistence transitive imports (legacy)",
         "9d69f4d25f578163"],
        ["SSExactMajority.Convergence.NonMedianExistence:importAllArts",
         "b45cbe114b727f19"],
        ["SSExactMajority.Convergence.SwapStepTimer transitive imports (legacy)",
         "9d69f4d25f578163"],
        ["SSExactMajority.Convergence.SwapStepTimer:importAllArts",
         "46ad4bafe5aec999"],
        ["SSExactMajority.Convergence.Final transitive imports (legacy)",
         "7409e88004a576a4"],
        ["SSExactMajority.Convergence.Final:importAllArts", "4b270b0bc5ce1247"],
        ["SSExactMajority.Convergence.RankPreservation transitive imports (legacy)",
         "aa29b4206944373a"],
        ["SSExactMajority.Convergence.RankPreservation:importAllArts",
         "6beee48ca306a946"],
        ["SSExactMajority.Convergence.TimerDescent transitive imports (legacy)",
         "c44fe8256383555b"],
        ["SSExactMajority.Convergence.TimerDescent:importAllArts",
         "2ad1ad382a940ce0"],
        ["SSExactMajority.Convergence.ResetCycle transitive imports (legacy)",
         "c44fe8256383555b"],
        ["SSExactMajority.Convergence.ResetCycle:importAllArts",
         "2381a84d683dcf83"],
        ["SSExactMajority.Convergence.MasterModuloBurman transitive imports (legacy)",
         "2c7b7d4e7fe7b24f"],
        ["SSExactMajority.Convergence.MasterModuloBurman:importAllArts",
         "1aa300b26aaa8548"],
        ["SSExactMajority.Convergence.MedianWitnesses transitive imports (legacy)",
         "770688f5e5ff2a5c"],
        ["SSExactMajority.Convergence.MedianWitnesses:importAllArts",
         "38cfd5c3a3175876"],
        ["SSExactMajority.Convergence.SwapVMedian transitive imports (legacy)",
         "c44fe8256383555b"],
        ["SSExactMajority.Convergence.SwapVMedian:importAllArts",
         "54a7cbc6e0458a03"],
        ["SSExactMajority.Convergence.SwapFromRanking transitive imports (legacy)",
         "065c7d1a0d61afa6"],
        ["SSExactMajority.Convergence.SwapFromRanking:importAllArts",
         "25dfe9ee3fb78fc0"]]]]],
    ["libs",
     [["import dynlibs", "00000000000006bb"],
      ["package external libraries", "00000000000006bb"],
      ["module dynlibs", "00000000000006bb"],
      ["module plugins", "00000000000006bb"]]]]],
  ["Lean 4.30.0, commit d024af099ca4bf2c86f649261ebf59565dc8c622",
   "2f4703bb19086252"],
  ["/data/home/xhuan5/repos/SSExactMajority/SSExactMajority.lean",
   "1628b8f87594e9b1"],
  ["options",
   [["-Dweak.linter.mathlibStandardSet=true", "8a155799906f2b42"],
    ["-DrelaxedAutoImplicit=false", "74a2b5546b55be80"],
    ["-Dpp.unicode.fun=true", "9b94070140457fab"]]],
  ["isModule: false", "feefd2a0d3a1847e"],
  ["Module.name: SSExactMajority", "ebeb6ba74e7d30ac"],
  ["Package.id?: (some SSExactMajority)", "216f9e708503a682"],
  ["Module.leanArgs: #[]", "00000000000006bb"]],
 "depHash": "3f59b6f55b89038f"}