{"synthetic": false,
 "schemaVersion": "2025-09-10",
 "outputs":
 {"o": ["90629f091cd04323.olean"],
  "i": "db64bb545cdbadb7.ilean",
  "c": "5e6341b0e91651ba.c"},
 "log":
 [{"message":
   ".> LEAN_PATH=/home/xhuan5/repos/SSExactMajority/.lake/packages/Cli/.lake/build/lib/lean:/home/xhuan5/repos/SSExactMajority/.lake/packages/batteries/.lake/build/lib/lean:/home/xhuan5/repos/SSExactMajority/.lake/packages/Qq/.lake/build/lib/lean:/home/xhuan5/repos/SSExactMajority/.lake/packages/aesop/.lake/build/lib/lean:/home/xhuan5/repos/SSExactMajority/.lake/packages/proofwidgets/.lake/build/lib/lean:/home/xhuan5/repos/SSExactMajority/.lake/packages/importGraph/.lake/build/lib/lean:/home/xhuan5/repos/SSExactMajority/.lake/packages/LeanSearchClient/.lake/build/lib/lean:/home/xhuan5/repos/SSExactMajority/.lake/packages/plausible/.lake/build/lib/lean:/home/xhuan5/repos/SSExactMajority/.lake/packages/mathlib/.lake/build/lib/lean:/home/xhuan5/repos/SSExactMajority/.lake/build/lib/lean /home/xhuan5/.elan/toolchains/leanprover--lean4---v4.27.0/bin/lean /home/xhuan5/repos/SSExactMajority/SSExactMajority/Protocol/State.lean -o /home/xhuan5/repos/SSExactMajority/.lake/build/lib/lean/SSExactMajority/Protocol/State.olean -i /home/xhuan5/repos/SSExactMajority/.lake/build/lib/lean/SSExactMajority/Protocol/State.ilean -c /home/xhuan5/repos/SSExactMajority/.lake/build/ir/SSExactMajority/Protocol/State.c --setup /home/xhuan5/repos/SSExactMajority/.lake/build/ir/SSExactMajority/Protocol/State.setup.json --json",
   "level": "trace"}],
 "inputs":
 [["SSExactMajority.Protocol.State:deps",
   [["deps",
     [["SSExactMajority/SSExactMajority:extraDep",
       [["@SSExactMajority:extraDep", "00000000000006bb"]]],
      ["imports",
       [["SSExactMajority.Defs.Protocol transitive imports (legacy)",
         "e981c6a2957d52c6"],
        ["SSExactMajority.Defs.Protocol:importAllArts", "4e9dec60a4ca7959"]]]]],
    ["libs",
     [["import dynlibs", "00000000000006bb"],
      ["package external libraries", "00000000000006bb"],
      ["module dynlibs", "00000000000006bb"],
      ["module plugins", "00000000000006bb"]]]]],
  ["Lean 4.27.0, commit db93fe1608548721853390a10cd40580fe7d22ae",
   "9a2be90fd35343e5"],
  ["/home/xhuan5/repos/SSExactMajority/SSExactMajority/Protocol/State.lean",
   "fe3dee097ca6e161"],
  ["options",
   [["-Dweak.linter.mathlibStandardSet=true", "8a155799906f2b42"],
    ["-DrelaxedAutoImplicit=false", "74a2b5546b55be80"],
    ["-Dpp.unicode.fun=true", "9b94070140457fab"]]],
  ["Module.leanArgs: #[]", "00000000000006bb"]],
 "depHash": "19440c205b04fb37"}