{"synthetic": false,
 "schemaVersion": "2025-09-10",
 "outputs":
 {"o": ["e2fb69e3ee16be5a.olean"],
  "i": "9ac080393ed7b266.ilean",
  "c": "6a087016a0e89c12.c"},
 "log":
 [{"message":
   ".> LEAN_PATH=/home/xhuan5/repos/SSExactMajority/.lake/packages/Cli/.lake/build/lib/lean:/home/xhuan5/repos/SSExactMajority/.lake/packages/batteries/.lake/build/lib/lean:/home/xhuan5/repos/SSExactMajority/.lake/packages/Qq/.lake/build/lib/lean:/home/xhuan5/repos/SSExactMajority/.lake/packages/aesop/.lake/build/lib/lean:/home/xhuan5/repos/SSExactMajority/.lake/packages/proofwidgets/.lake/build/lib/lean:/home/xhuan5/repos/SSExactMajority/.lake/packages/importGraph/.lake/build/lib/lean:/home/xhuan5/repos/SSExactMajority/.lake/packages/LeanSearchClient/.lake/build/lib/lean:/home/xhuan5/repos/SSExactMajority/.lake/packages/plausible/.lake/build/lib/lean:/home/xhuan5/repos/SSExactMajority/.lake/packages/mathlib/.lake/build/lib/lean:/home/xhuan5/repos/SSExactMajority/.lake/build/lib/lean /home/xhuan5/.elan/toolchains/leanprover--lean4---v4.27.0/bin/lean /home/xhuan5/repos/SSExactMajority/SSExactMajority/Protocol/Transition.lean -o /home/xhuan5/repos/SSExactMajority/.lake/build/lib/lean/SSExactMajority/Protocol/Transition.olean -i /home/xhuan5/repos/SSExactMajority/.lake/build/lib/lean/SSExactMajority/Protocol/Transition.ilean -c /home/xhuan5/repos/SSExactMajority/.lake/build/ir/SSExactMajority/Protocol/Transition.c --setup /home/xhuan5/repos/SSExactMajority/.lake/build/ir/SSExactMajority/Protocol/Transition.setup.json --json",
   "level": "trace"},
  {"message":
   "SSExactMajority/Protocol/Transition.lean:34:28: unused variable `x₀`\n\nNote: This linter can be disabled with `set_option linter.unusedVariables false`",
   "level": "warning"},
  {"message":
   "SSExactMajority/Protocol/Transition.lean:34:31: unused variable `x₁`\n\nNote: This linter can be disabled with `set_option linter.unusedVariables false`",
   "level": "warning"},
  {"message":
   "SSExactMajority/Protocol/Transition.lean:69:0: This line exceeds the 100 character limit, please shorten it!\n\nNote: This linter can be disabled with `set_option linter.style.longLine false`",
   "level": "warning"},
  {"message":
   "SSExactMajority/Protocol/Transition.lean:72:0: This line exceeds the 100 character limit, please shorten it!\n\nNote: This linter can be disabled with `set_option linter.style.longLine false`",
   "level": "warning"},
  {"message":
   "SSExactMajority/Protocol/Transition.lean:80:0: This line exceeds the 100 character limit, please shorten it!\n\nNote: This linter can be disabled with `set_option linter.style.longLine false`",
   "level": "warning"}],
 "inputs":
 [["SSExactMajority.Protocol.Transition:deps",
   [["deps",
     [["SSExactMajority/SSExactMajority:extraDep",
       [["@SSExactMajority:extraDep", "00000000000006bb"]]],
      ["imports",
       [["SSExactMajority.Defs.Protocol transitive imports (legacy)",
         "e981c6a2957d52c6"],
        ["SSExactMajority.Defs.Protocol:importAllArts", "4e9dec60a4ca7959"],
        ["SSExactMajority.Protocol.State transitive imports (legacy)",
         "89987bf5fd90de70"],
        ["SSExactMajority.Protocol.State:importAllArts",
         "761378743b8c6044"]]]]],
    ["libs",
     [["import dynlibs", "00000000000006bb"],
      ["package external libraries", "00000000000006bb"],
      ["module dynlibs", "00000000000006bb"],
      ["module plugins", "00000000000006bb"]]]]],
  ["Lean 4.27.0, commit db93fe1608548721853390a10cd40580fe7d22ae",
   "9a2be90fd35343e5"],
  ["/home/xhuan5/repos/SSExactMajority/SSExactMajority/Protocol/Transition.lean",
   "6f647938ef9a54a1"],
  ["options",
   [["-Dweak.linter.mathlibStandardSet=true", "8a155799906f2b42"],
    ["-DrelaxedAutoImplicit=false", "74a2b5546b55be80"],
    ["-Dpp.unicode.fun=true", "9b94070140457fab"]]],
  ["Module.leanArgs: #[]", "00000000000006bb"]],
 "depHash": "a2f0efdb89071912"}